/home/fox/git_repo/go-xeno/output/xeno/bin/kadamonyfull spec:
	log-level -> 1:108:log-level:1-1:ST_U8(5)
	debug-mode -> 1:100:debug-mode:1-1:ST_U8(5)
	version -> 1:118:version:0-0:F(0)
	credential-file -> 1:0:credential-file:1-1:ST_STR(13)
	server-list -> 1:115:server-list:1-128:LT_STR(29)
	params -> 1:112:params:1-128:DT_STRT_STR(45)
Short Args Specs:
	d -> 1:100:debug-mode:1-1:ST_U8(5)
	l -> 1:108:log-level:1-1:ST_U8(5)
	p -> 1:112:params:1-128:DT_STRT_STR(45)
	s -> 1:115:server-list:1-128:LT_STR(29)
	v -> 1:118:version:0-0:F(0)
Target Spec:
	1:0::1-100:INV(13)
Full Input:
Targets List:

GoExecutorPool:
	Worker Count: 0
	Shutting Down: false
2023-11-29	09:52:38.258	1701222758258	[SYS]	37274	1	Zohar Core Initializing ...                                           [Success]
2023-11-29	09:52:38.258	1701222758258	[SYS]	37274	1	Starting Default Log Manager  ...                                     [Success]
2023-11-29	09:52:38.258	1701222758258	[SYS]	37274	1	Starting Default Executor Pool ...                                    [Success]
2023-11-29	09:52:38.259	1701222758259	[SYS]	37274	1	Starting Default Timer Manager ...                                    [Success]
2023-11-29	09:52:38.259	1701222758259	[SYS]	37274	1	Zohar Framework Initializing ... 
2023-11-29	09:52:38.260	1701222758260	[SYS]	37274	1	Initialize Intrinsic Services ...                                     [Success]
2023-11-29	09:52:38.260	1701222758260	[SYS]	37274	1	Starting Intrinsic Services ...                                       [Success]
2023-11-29	09:52:38.261	1701222758261	[INFO]	37274	1	Connecting Database For Pool: DBP0
2023-11-29	09:52:38.311	1701222758311	[INFO]	37274	1	Connect_0 to orm 				[Success:(fox:nopass@tcp(192.168.0.151:7336)/gamedb?charset=utf8mb4&parseTime=true)]
2023-11-29	09:52:38.339	1701222758339	[INFO]	37274	1	Connect_1 to orm 				[Success:(fox:nopass@tcp(192.168.0.151:7336)/gamedb?charset=utf8mb4&parseTime=true)]
2023-11-29	09:52:38.379	1701222758379	[INFO]	37274	1	Connect_2 to orm 				[Success:(fox:nopass@tcp(192.168.0.151:7336)/gamedb?charset=utf8mb4&parseTime=true)]
2023-11-29	09:52:38.406	1701222758406	[INFO]	37274	1	Connect_3 to orm 				[Success:(fox:nopass@tcp(192.168.0.151:7336)/gamedb?charset=utf8mb4&parseTime=true)]
2023-11-29	09:52:41.389	1701222761389	[SYS]	37274	33	Catch Sig interrupt
2023-11-29	09:52:41.389	1701222761389	[SYS]	37274	33	Stopping Intrinsic Services
2023-11-29	09:52:41.390	1701222761390	[SYS]	37274	1	Intrinsic Services ...                                                [Stopped]
2023-11-29	09:52:41.390	1701222761390	[SYS]	37274	41	File Watcher Stopped
2023-11-29	09:52:41.390	1701222761390	[SYS]	37274	33	Stopping Default Timer Manager ... 
2023-11-29	09:52:41.390	1701222761390	[SYS]	37274	33	Stopping Default Executor Pool 
2023-11-29	09:52:41.390	1701222761390	[SYS]	37274	33	Stopping Default Log Manager 
2023-11-29	09:52:41.392	1701222761392	[SYS]	37274	1	Default Timer Manager...                                              [Stopped]
2023-11-29	09:52:41.393	1701222761393	[SYS]	37274	1	Default Executor Pool ...                                             [Stopped]
2023-11-29	09:52:41.393	1701222761393	[SYS]	37274	1	Default Log Manager ...                                               [Stopped]
/home/fox/git_repo/go-xeno/output/xeno/bin/kadamonyfull spec:
	version -> 1:118:version:0-0:F(0)
	credential-file -> 1:0:credential-file:1-1:ST_STR(13)
	server-list -> 1:115:server-list:1-128:LT_STR(29)
	params -> 1:112:params:1-128:DT_STRT_STR(45)
	log-level -> 1:108:log-level:1-1:ST_U8(5)
	debug-mode -> 1:100:debug-mode:1-1:ST_U8(5)
Short Args Specs:
	d -> 1:100:debug-mode:1-1:ST_U8(5)
	l -> 1:108:log-level:1-1:ST_U8(5)
	p -> 1:112:params:1-128:DT_STRT_STR(45)
	s -> 1:115:server-list:1-128:LT_STR(29)
	v -> 1:118:version:0-0:F(0)
Target Spec:
	1:0::1-100:INV(13)
Full Input:
Targets List:

GoExecutorPool:
	Worker Count: 0
	Shutting Down: false
2023-11-29	10:00:33.590	1701223233590	[SYS]	39105	1	Zohar Core Initializing ...                                           [Success]
2023-11-29	10:00:33.591	1701223233591	[SYS]	39105	1	Starting Default Log Manager  ...                                     [Success]
2023-11-29	10:00:33.591	1701223233591	[SYS]	39105	1	Starting Default Executor Pool ...                                    [Success]
2023-11-29	10:00:33.592	1701223233592	[SYS]	39105	1	Starting Default Timer Manager ...                                    [Success]
2023-11-29	10:00:33.592	1701223233592	[SYS]	39105	1	Zohar Framework Initializing ... 
2023-11-29	10:00:33.593	1701223233593	[SYS]	39105	1	Initialize Intrinsic Services ...                                     [Success]
2023-11-29	10:00:33.595	1701223233595	[SYS]	39105	1	Starting Intrinsic Services ...                                       [Success]
/home/fox/git_repo/go-xeno/output/xeno/bin/kadamonyfull spec:
	params -> 1:112:params:1-128:DT_STRT_STR(45)
	log-level -> 1:108:log-level:1-1:ST_U8(5)
	debug-mode -> 1:100:debug-mode:1-1:ST_U8(5)
	version -> 1:118:version:0-0:F(0)
	credential-file -> 1:0:credential-file:1-1:ST_STR(13)
	server-list -> 1:115:server-list:1-128:LT_STR(29)
Short Args Specs:
	d -> 1:100:debug-mode:1-1:ST_U8(5)
	l -> 1:108:log-level:1-1:ST_U8(5)
	p -> 1:112:params:1-128:DT_STRT_STR(45)
	s -> 1:115:server-list:1-128:LT_STR(29)
	v -> 1:118:version:0-0:F(0)
Target Spec:
	1:0::1-100:INV(13)
Full Input:
Targets List:

GoExecutorPool:
	Worker Count: 0
	Shutting Down: false
2023-11-29	10:02:28.354	1701223348354	[SYS]	39197	1	Zohar Core Initializing ...                                           [Success]
2023-11-29	10:02:28.354	1701223348354	[SYS]	39197	1	Starting Default Log Manager  ...                                     [Success]
2023-11-29	10:02:28.354	1701223348354	[SYS]	39197	1	Starting Default Executor Pool ...                                    [Success]
2023-11-29	10:02:28.355	1701223348355	[SYS]	39197	1	Starting Default Timer Manager ...                                    [Success]
2023-11-29	10:02:28.355	1701223348355	[SYS]	39197	1	Zohar Framework Initializing ... 
2023-11-29	10:02:28.356	1701223348356	[SYS]	39197	1	Initialize Intrinsic Services ...                                     [Success]
2023-11-29	10:02:28.356	1701223348356	[SYS]	39197	1	Starting Intrinsic Services ...                                       [Success]
/home/fox/git_repo/go-xeno/output/xeno/bin/kadamonyfull spec:
	log-level -> 1:108:log-level:1-1:ST_U8(5)
	debug-mode -> 1:100:debug-mode:1-1:ST_U8(5)
	version -> 1:118:version:0-0:F(0)
	credential-file -> 1:0:credential-file:1-1:ST_STR(13)
	server-list -> 1:115:server-list:1-128:LT_STR(29)
	params -> 1:112:params:1-128:DT_STRT_STR(45)
Short Args Specs:
	d -> 1:100:debug-mode:1-1:ST_U8(5)
	l -> 1:108:log-level:1-1:ST_U8(5)
	p -> 1:112:params:1-128:DT_STRT_STR(45)
	s -> 1:115:server-list:1-128:LT_STR(29)
	v -> 1:118:version:0-0:F(0)
Target Spec:
	1:0::1-100:INV(13)
Full Input:
Targets List:

GoExecutorPool:
	Worker Count: 0
	Shutting Down: false
2023-11-29	10:02:47.470	1701223367470	[SYS]	39276	1	Zohar Core Initializing ...                                           [Success]
2023-11-29	10:02:47.470	1701223367470	[SYS]	39276	1	Starting Default Log Manager  ...                                     [Success]
2023-11-29	10:02:47.471	1701223367471	[SYS]	39276	1	Starting Default Executor Pool ...                                    [Success]
2023-11-29	10:02:47.471	1701223367471	[SYS]	39276	1	Starting Default Timer Manager ...                                    [Success]
2023-11-29	10:02:47.471	1701223367471	[SYS]	39276	1	Zohar Framework Initializing ... 
2023-11-29	10:02:47.472	1701223367472	[SYS]	39276	1	Initialize Intrinsic Services ...                                     [Success]
2023-11-29	10:02:47.472	1701223367472	[SYS]	39276	1	Starting Intrinsic Services ...                                       [Success]
/home/fox/git_repo/go-xeno/output/xeno/bin/kadamonyfull spec:
	log-level -> 1:108:log-level:1-1:ST_U8(5)
	debug-mode -> 1:100:debug-mode:1-1:ST_U8(5)
	version -> 1:118:version:0-0:F(0)
	credential-file -> 1:0:credential-file:1-1:ST_STR(13)
	server-list -> 1:115:server-list:1-128:LT_STR(29)
	params -> 1:112:params:1-128:DT_STRT_STR(45)
Short Args Specs:
	d -> 1:100:debug-mode:1-1:ST_U8(5)
	l -> 1:108:log-level:1-1:ST_U8(5)
	p -> 1:112:params:1-128:DT_STRT_STR(45)
	s -> 1:115:server-list:1-128:LT_STR(29)
	v -> 1:118:version:0-0:F(0)
Target Spec:
	1:0::1-100:INV(13)
Full Input:
Targets List:

GoExecutorPool:
	Worker Count: 0
	Shutting Down: false
2023-11-29	10:07:49.357	1701223669357	[SYS]	39601	1	Zohar Core Initializing ...                                           [Success]
2023-11-29	10:07:49.357	1701223669357	[SYS]	39601	1	Starting Default Log Manager  ...                                     [Success]
2023-11-29	10:07:49.357	1701223669357	[SYS]	39601	1	Starting Default Executor Pool ...                                    [Success]
2023-11-29	10:07:49.359	1701223669359	[SYS]	39601	1	Starting Default Timer Manager ...                                    [Success]
2023-11-29	10:07:49.359	1701223669359	[SYS]	39601	1	Zohar Framework Initializing ... 
2023-11-29	10:07:49.361	1701223669361	[SYS]	39601	1	Initialize Intrinsic Services ...                                     [Success]
2023-11-29	10:07:49.361	1701223669361	[SYS]	39601	1	Starting Intrinsic Services ...                                       [Success]
/home/fox/git_repo/go-xeno/output/xeno/bin/kadamonyfull spec:
	credential-file -> 1:0:credential-file:1-1:ST_STR(13)
	server-list -> 1:115:server-list:1-128:LT_STR(29)
	params -> 1:112:params:1-128:DT_STRT_STR(45)
	log-level -> 1:108:log-level:1-1:ST_U8(5)
	debug-mode -> 1:100:debug-mode:1-1:ST_U8(5)
	version -> 1:118:version:0-0:F(0)
Short Args Specs:
	d -> 1:100:debug-mode:1-1:ST_U8(5)
	l -> 1:108:log-level:1-1:ST_U8(5)
	p -> 1:112:params:1-128:DT_STRT_STR(45)
	s -> 1:115:server-list:1-128:LT_STR(29)
	v -> 1:118:version:0-0:F(0)
Target Spec:
	1:0::1-100:INV(13)
Full Input:
Targets List:

GoExecutorPool:
	Worker Count: 0
	Shutting Down: false
2023-11-29	10:07:59.691	1701223679691	[SYS]	39680	1	Zohar Core Initializing ...                                           [Success]
2023-11-29	10:07:59.691	1701223679691	[SYS]	39680	1	Starting Default Log Manager  ...                                     [Success]
2023-11-29	10:07:59.691	1701223679691	[SYS]	39680	1	Starting Default Executor Pool ...                                    [Success]
2023-11-29	10:07:59.692	1701223679692	[SYS]	39680	1	Starting Default Timer Manager ...                                    [Success]
2023-11-29	10:07:59.693	1701223679693	[SYS]	39680	1	Zohar Framework Initializing ... 
2023-11-29	10:07:59.693	1701223679693	[SYS]	39680	1	Initialize Intrinsic Services ...                                     [Success]
2023-11-29	10:07:59.693	1701223679693	[SYS]	39680	1	Starting Intrinsic Services ...                                       [Success]
/home/fox/git_repo/go-xeno/output/xeno/bin/kadamonyfull spec:
	version -> 1:118:version:0-0:F(0)
	credential-file -> 1:0:credential-file:1-1:ST_STR(13)
	server-list -> 1:115:server-list:1-128:LT_STR(29)
	params -> 1:112:params:1-128:DT_STRT_STR(45)
	log-level -> 1:108:log-level:1-1:ST_U8(5)
	debug-mode -> 1:100:debug-mode:1-1:ST_U8(5)
Short Args Specs:
	d -> 1:100:debug-mode:1-1:ST_U8(5)
	l -> 1:108:log-level:1-1:ST_U8(5)
	p -> 1:112:params:1-128:DT_STRT_STR(45)
	s -> 1:115:server-list:1-128:LT_STR(29)
	v -> 1:118:version:0-0:F(0)
Target Spec:
	1:0::1-100:INV(13)
Full Input:
Targets List:

GoExecutorPool:
	Worker Count: 0
	Shutting Down: false
2023-11-29	10:08:35.147	1701223715147	[SYS]	39774	1	Zohar Core Initializing ...                                           [Success]
2023-11-29	10:08:35.147	1701223715147	[SYS]	39774	1	Starting Default Log Manager  ...                                     [Success]
2023-11-29	10:08:35.147	1701223715147	[SYS]	39774	1	Starting Default Executor Pool ...                                    [Success]
2023-11-29	10:08:35.148	1701223715148	[SYS]	39774	1	Starting Default Timer Manager ...                                    [Success]
2023-11-29	10:08:35.148	1701223715148	[SYS]	39774	1	Zohar Framework Initializing ... 
2023-11-29	10:08:35.148	1701223715148	[SYS]	39774	1	Initialize Intrinsic Services ...                                     [Success]
2023-11-29	10:08:35.149	1701223715149	[SYS]	39774	1	Starting Intrinsic Services ...                                       [Success]
/home/fox/git_repo/go-xeno/output/xeno/bin/kadamonyfull spec:
	log-level -> 1:108:log-level:1-1:ST_U8(5)
	debug-mode -> 1:100:debug-mode:1-1:ST_U8(5)
	version -> 1:118:version:0-0:F(0)
	credential-file -> 1:0:credential-file:1-1:ST_STR(13)
	server-list -> 1:115:server-list:1-128:LT_STR(29)
	params -> 1:112:params:1-128:DT_STRT_STR(45)
Short Args Specs:
	d -> 1:100:debug-mode:1-1:ST_U8(5)
	l -> 1:108:log-level:1-1:ST_U8(5)
	p -> 1:112:params:1-128:DT_STRT_STR(45)
	s -> 1:115:server-list:1-128:LT_STR(29)
	v -> 1:118:version:0-0:F(0)
Target Spec:
	1:0::1-100:INV(13)
Full Input:
Targets List:

GoExecutorPool:
	Worker Count: 0
	Shutting Down: false
2023-11-29	10:08:45.126	1701223725126	[SYS]	39853	1	Zohar Core Initializing ...                                           [Success]
2023-11-29	10:08:45.126	1701223725126	[SYS]	39853	1	Starting Default Log Manager  ...                                     [Success]
2023-11-29	10:08:45.126	1701223725126	[SYS]	39853	1	Starting Default Executor Pool ...                                    [Success]
2023-11-29	10:08:45.126	1701223725126	[SYS]	39853	1	Starting Default Timer Manager ...                                    [Success]
2023-11-29	10:08:45.127	1701223725127	[SYS]	39853	1	Zohar Framework Initializing ... 
2023-11-29	10:08:45.127	1701223725127	[SYS]	39853	1	Initialize Intrinsic Services ...                                     [Success]
2023-11-29	10:08:45.127	1701223725127	[SYS]	39853	1	Starting Intrinsic Services ...                                       [Success]
/home/fox/git_repo/go-xeno/output/xeno/bin/kadamonyfull spec:
	version -> 1:118:version:0-0:F(0)
	credential-file -> 1:0:credential-file:1-1:ST_STR(13)
	server-list -> 1:115:server-list:1-128:LT_STR(29)
	params -> 1:112:params:1-128:DT_STRT_STR(45)
	log-level -> 1:108:log-level:1-1:ST_U8(5)
	debug-mode -> 1:100:debug-mode:1-1:ST_U8(5)
Short Args Specs:
	d -> 1:100:debug-mode:1-1:ST_U8(5)
	l -> 1:108:log-level:1-1:ST_U8(5)
	p -> 1:112:params:1-128:DT_STRT_STR(45)
	s -> 1:115:server-list:1-128:LT_STR(29)
	v -> 1:118:version:0-0:F(0)
Target Spec:
	1:0::1-100:INV(13)
Full Input:
Targets List:

GoExecutorPool:
	Worker Count: 0
	Shutting Down: false
2023-11-29	10:09:12.745	1701223752745	[SYS]	39953	1	Zohar Core Initializing ...                                           [Success]
2023-11-29	10:09:12.746	1701223752746	[SYS]	39953	1	Starting Default Log Manager  ...                                     [Success]
2023-11-29	10:09:12.746	1701223752746	[SYS]	39953	1	Starting Default Executor Pool ...                                    [Success]
2023-11-29	10:09:12.747	1701223752747	[SYS]	39953	1	Starting Default Timer Manager ...                                    [Success]
2023-11-29	10:09:12.749	1701223752749	[SYS]	39953	1	Zohar Framework Initializing ... 
2023-11-29	10:09:12.751	1701223752751	[SYS]	39953	1	Initialize Intrinsic Services ...                                     [Success]
2023-11-29	10:09:12.753	1701223752753	[SYS]	39953	1	Starting Intrinsic Services ...                                       [Success]
2023-11-29	10:09:46.023	1701223786023	[SYS]	39953	1	TcpServer Start: Listening <tcp://0.0.0.0:9999 (mask:0 extra:0)>
2023-11-29	10:10:01.877	1701223801877	[INFO]	39953	1	Connecting Database For Pool: DBP0
2023-11-29	10:10:01.881	1701223801881	[SYS]	39953	33	Catch Sig interrupt
2023-11-29	10:10:01.882	1701223801882	[SYS]	39953	33	Stopping Intrinsic Services
2023-11-29	10:10:01.882	1701223801882	[SYS]	39953	41	File Watcher Stopped
2023-11-29	10:10:01.882	1701223801882	[SYS]	39953	33	Stopping Default Timer Manager ... 
2023-11-29	10:10:01.883	1701223801883	[SYS]	39953	33	Stopping Default Executor Pool 
2023-11-29	10:10:01.883	1701223801883	[SYS]	39953	33	Stopping Default Log Manager 
2023-11-29	10:10:01.934	1701223801934	[INFO]	39953	1	Connect_0 to orm 				[Success:(fox:nopass@tcp(192.168.0.151:7336)/gamedb?charset=utf8mb4&parseTime=true)]
2023-11-29	10:10:01.981	1701223801981	[INFO]	39953	1	Connect_1 to orm 				[Success:(fox:nopass@tcp(192.168.0.151:7336)/gamedb?charset=utf8mb4&parseTime=true)]
2023-11-29	10:10:01.985	1701223801985	[SYS]	39953	33	Default Timer Manager...                                              [Stopped]
2023-11-29	10:10:01.985	1701223801985	[SYS]	39953	33	Default Executor Pool ...                                             [Stopped]
2023-11-29	10:10:01.985	1701223801985	[SYS]	39953	33	Default Log Manager ...                                               [Stopped]
/home/fox/git_repo/go-xeno/output/xeno/bin/kadamonyfull spec:
	log-level -> 1:108:log-level:1-1:ST_U8(5)
	debug-mode -> 1:100:debug-mode:1-1:ST_U8(5)
	version -> 1:118:version:0-0:F(0)
	credential-file -> 1:0:credential-file:1-1:ST_STR(13)
	server-list -> 1:115:server-list:1-128:LT_STR(29)
	params -> 1:112:params:1-128:DT_STRT_STR(45)
Short Args Specs:
	d -> 1:100:debug-mode:1-1:ST_U8(5)
	l -> 1:108:log-level:1-1:ST_U8(5)
	p -> 1:112:params:1-128:DT_STRT_STR(45)
	s -> 1:115:server-list:1-128:LT_STR(29)
	v -> 1:118:version:0-0:F(0)
Target Spec:
	1:0::1-100:INV(13)
Full Input:
Targets List:

GoExecutorPool:
	Worker Count: 0
	Shutting Down: false
2023-11-29	11:55:35.740	1701230135740	[SYS]	42400	1	Zohar Core Initializing ...                                           [Success]
2023-11-29	11:55:35.740	1701230135740	[SYS]	42400	1	Starting Default Log Manager  ...                                     [Success]
2023-11-29	11:55:35.740	1701230135740	[SYS]	42400	1	Starting Default Executor Pool ...                                    [Success]
2023-11-29	11:55:35.740	1701230135740	[SYS]	42400	1	Starting Default Timer Manager ...                                    [Success]
2023-11-29	11:55:35.741	1701230135741	[SYS]	42400	1	Zohar Framework Initializing ... 
2023-11-29	11:55:35.741	1701230135741	[SYS]	42400	1	Initialize Intrinsic Services ...                                     [Success]
2023-11-29	11:55:35.741	1701230135741	[SYS]	42400	1	Starting Intrinsic Services ...                                       [Success]
2023-11-29	11:55:35.742	1701230135742	[SYS]	42400	1	0.0.0.0:9999                                                          NeoTcpServer <%s>
2023-11-29	11:55:35.742	1701230135742	[INFO]	42400	1	Connecting Database For Pool: DBP0
2023-11-29	11:55:35.814	1701230135814	[INFO]	42400	1	Connect_0 to orm 				[Success:(fox:nopass@tcp(192.168.0.151:7336)/gamedb?charset=utf8mb4&parseTime=true)]
2023-11-29	11:55:35.852	1701230135852	[INFO]	42400	1	Connect_1 to orm 				[Success:(fox:nopass@tcp(192.168.0.151:7336)/gamedb?charset=utf8mb4&parseTime=true)]
2023-11-29	11:55:35.884	1701230135884	[INFO]	42400	1	Connect_2 to orm 				[Success:(fox:nopass@tcp(192.168.0.151:7336)/gamedb?charset=utf8mb4&parseTime=true)]
2023-11-29	11:55:35.900	1701230135900	[INFO]	42400	1	Connect_3 to orm 				[Success:(fox:nopass@tcp(192.168.0.151:7336)/gamedb?charset=utf8mb4&parseTime=true)]
2023-11-29	11:55:37.849	1701230137849	[SYS]	42400	33	Catch Sig interrupt
2023-11-29	11:55:37.849	1701230137849	[SYS]	42400	33	Stopping Intrinsic Services
2023-11-29	11:55:37.850	1701230137850	[SYS]	42400	1	Intrinsic Services ...                                                [Stopped]
2023-11-29	11:55:37.850	1701230137850	[SYS]	42400	41	File Watcher Stopped
2023-11-29	11:55:37.851	1701230137851	[SYS]	42400	33	Stopping Default Timer Manager ... 
2023-11-29	11:55:37.851	1701230137851	[SYS]	42400	33	Stopping Default Executor Pool 
2023-11-29	11:55:37.851	1701230137851	[SYS]	42400	33	Stopping Default Log Manager 
2023-11-29	11:55:37.854	1701230137854	[SYS]	42400	1	Default Timer Manager...                                              [Stopped]
2023-11-29	11:55:37.854	1701230137854	[SYS]	42400	1	Default Executor Pool ...                                             [Stopped]
2023-11-29	11:55:37.854	1701230137854	[SYS]	42400	1	Default Log Manager ...                                               [Stopped]
/home/fox/git_repo/go-xeno/output/xeno/bin/kadamonyfull spec:
	credential-file -> 1:0:credential-file:1-1:ST_STR(13)
	server-list -> 1:115:server-list:1-128:LT_STR(29)
	params -> 1:112:params:1-128:DT_STRT_STR(45)
	log-level -> 1:108:log-level:1-1:ST_U8(5)
	debug-mode -> 1:100:debug-mode:1-1:ST_U8(5)
	version -> 1:118:version:0-0:F(0)
Short Args Specs:
	d -> 1:100:debug-mode:1-1:ST_U8(5)
	l -> 1:108:log-level:1-1:ST_U8(5)
	p -> 1:112:params:1-128:DT_STRT_STR(45)
	s -> 1:115:server-list:1-128:LT_STR(29)
	v -> 1:118:version:0-0:F(0)
Target Spec:
	1:0::1-100:INV(13)
Full Input:
Targets List:

GoExecutorPool:
	Worker Count: 0
	Shutting Down: false
2023-11-29	11:56:39.791	1701230199791	[SYS]	42500	1	Zohar Core Initializing ...                                           [Success]
2023-11-29	11:56:39.791	1701230199791	[SYS]	42500	1	Starting Default Log Manager  ...                                     [Success]
2023-11-29	11:56:39.791	1701230199791	[SYS]	42500	1	Starting Default Executor Pool ...                                    [Success]
2023-11-29	11:56:39.792	1701230199792	[SYS]	42500	1	Starting Default Timer Manager ...                                    [Success]
2023-11-29	11:56:39.792	1701230199792	[SYS]	42500	1	Zohar Framework Initializing ... 
2023-11-29	11:56:39.792	1701230199792	[SYS]	42500	1	Initialize Intrinsic Services ...                                     [Success]
2023-11-29	11:56:39.792	1701230199792	[SYS]	42500	1	Starting Intrinsic Services ...                                       [Success]
2023-11-29	11:56:39.793	1701230199793	[SYS]	42500	1	0.0.0.0:9999%!(EXTRA []interface {}=[])                               NeoTcpServer <%s>
2023-11-29	11:56:39.793	1701230199793	[INFO]	42500	1	Connecting Database For Pool: DBP0
2023-11-29	11:56:39.828	1701230199828	[INFO]	42500	1	Connect_0 to orm 				[Success:(fox:nopass@tcp(192.168.0.151:7336)/gamedb?charset=utf8mb4&parseTime=true)]
2023-11-29	11:56:39.869	1701230199869	[INFO]	42500	1	Connect_1 to orm 				[Success:(fox:nopass@tcp(192.168.0.151:7336)/gamedb?charset=utf8mb4&parseTime=true)]
2023-11-29	11:56:39.899	1701230199899	[INFO]	42500	1	Connect_2 to orm 				[Success:(fox:nopass@tcp(192.168.0.151:7336)/gamedb?charset=utf8mb4&parseTime=true)]
2023-11-29	11:56:39.918	1701230199918	[INFO]	42500	1	Connect_3 to orm 				[Success:(fox:nopass@tcp(192.168.0.151:7336)/gamedb?charset=utf8mb4&parseTime=true)]
2023-11-29	11:58:33.664	1701230313664	[SYS]	42500	5	Catch Sig interrupt
2023-11-29	11:58:33.665	1701230313665	[SYS]	42500	5	Stopping Intrinsic Services
2023-11-29	11:58:33.665	1701230313665	[SYS]	42500	1	Intrinsic Services ...                                                [Stopped]
2023-11-29	11:58:33.666	1701230313666	[SYS]	42500	13	File Watcher Stopped
2023-11-29	11:58:33.666	1701230313666	[SYS]	42500	5	Stopping Default Timer Manager ... 
2023-11-29	11:58:33.667	1701230313667	[SYS]	42500	5	Stopping Default Executor Pool 
2023-11-29	11:58:33.667	1701230313667	[SYS]	42500	5	Stopping Default Log Manager 
2023-11-29	11:58:33.669	1701230313669	[SYS]	42500	1	Default Timer Manager...                                              [Stopped]
2023-11-29	11:58:33.670	1701230313670	[SYS]	42500	1	Default Executor Pool ...                                             [Stopped]
2023-11-29	11:58:33.670	1701230313670	[SYS]	42500	1	Default Log Manager ...                                               [Stopped]
/home/fox/git_repo/go-xeno/output/xeno/bin/kadamonyfull spec:
	params -> 1:112:params:1-128:DT_STRT_STR(45)
	log-level -> 1:108:log-level:1-1:ST_U8(5)
	debug-mode -> 1:100:debug-mode:1-1:ST_U8(5)
	version -> 1:118:version:0-0:F(0)
	credential-file -> 1:0:credential-file:1-1:ST_STR(13)
	server-list -> 1:115:server-list:1-128:LT_STR(29)
Short Args Specs:
	d -> 1:100:debug-mode:1-1:ST_U8(5)
	l -> 1:108:log-level:1-1:ST_U8(5)
	p -> 1:112:params:1-128:DT_STRT_STR(45)
	s -> 1:115:server-list:1-128:LT_STR(29)
	v -> 1:118:version:0-0:F(0)
Target Spec:
	1:0::1-100:INV(13)
Full Input:
Targets List:

GoExecutorPool:
	Worker Count: 0
	Shutting Down: false
2023-11-29	11:58:37.659	1701230317659	[SYS]	42611	1	Zohar Core Initializing ...                                           [Success]
2023-11-29	11:58:37.660	1701230317660	[SYS]	42611	1	Starting Default Log Manager  ...                                     [Success]
2023-11-29	11:58:37.662	1701230317662	[SYS]	42611	1	Starting Default Executor Pool ...                                    [Success]
2023-11-29	11:58:37.663	1701230317663	[SYS]	42611	1	Starting Default Timer Manager ...                                    [Success]
2023-11-29	11:58:37.665	1701230317665	[SYS]	42611	1	Zohar Framework Initializing ... 
2023-11-29	11:58:37.668	1701230317668	[SYS]	42611	1	Initialize Intrinsic Services ...                                     [Success]
2023-11-29	11:58:37.669	1701230317669	[SYS]	42611	1	Starting Intrinsic Services ...                                       [Success]
2023-11-29	11:58:37.673	1701230317673	[SYS]	42611	1	NeoTcpServer <0.0.0.0:9999>                                           [Success]
2023-11-29	11:58:37.675	1701230317675	[INFO]	42611	1	Connecting Database For Pool: DBP0
2023-11-29	11:58:37.696	1701230317696	[INFO]	42611	1	Connect_0 to orm 				[Success:(fox:nopass@tcp(192.168.0.151:7336)/gamedb?charset=utf8mb4&parseTime=true)]
2023-11-29	11:58:37.743	1701230317743	[INFO]	42611	1	Connect_1 to orm 				[Success:(fox:nopass@tcp(192.168.0.151:7336)/gamedb?charset=utf8mb4&parseTime=true)]
2023-11-29	11:58:37.787	1701230317787	[INFO]	42611	1	Connect_2 to orm 				[Success:(fox:nopass@tcp(192.168.0.151:7336)/gamedb?charset=utf8mb4&parseTime=true)]
2023-11-29	11:58:37.802	1701230317802	[INFO]	42611	1	Connect_3 to orm 				[Success:(fox:nopass@tcp(192.168.0.151:7336)/gamedb?charset=utf8mb4&parseTime=true)]
2023-11-29	11:58:39.906	1701230319906	[SYS]	42611	49	Catch Sig interrupt
2023-11-29	11:58:39.906	1701230319906	[SYS]	42611	49	Stopping Intrinsic Services
2023-11-29	11:58:39.907	1701230319907	[SYS]	42611	1	Intrinsic Services ...                                                [Stopped]
2023-11-29	11:58:39.907	1701230319907	[SYS]	42611	57	File Watcher Stopped
2023-11-29	11:58:39.907	1701230319907	[SYS]	42611	49	Stopping Default Timer Manager ... 
2023-11-29	11:58:39.908	1701230319908	[SYS]	42611	49	Stopping Default Executor Pool 
2023-11-29	11:58:39.908	1701230319908	[SYS]	42611	49	Stopping Default Log Manager 
2023-11-29	11:58:39.910	1701230319910	[SYS]	42611	1	Default Timer Manager...                                              [Stopped]
2023-11-29	11:58:39.910	1701230319910	[SYS]	42611	1	Default Executor Pool ...                                             [Stopped]
2023-11-29	11:58:39.911	1701230319911	[SYS]	42611	1	Default Log Manager ...                                               [Stopped]
/home/fox/git_repo/go-xeno/output/xeno/bin/kadamonyfull spec:
	log-level -> 1:108:log-level:1-1:ST_U8(5)
	debug-mode -> 1:100:debug-mode:1-1:ST_U8(5)
	version -> 1:118:version:0-0:F(0)
	credential-file -> 1:0:credential-file:1-1:ST_STR(13)
	server-list -> 1:115:server-list:1-128:LT_STR(29)
	params -> 1:112:params:1-128:DT_STRT_STR(45)
Short Args Specs:
	d -> 1:100:debug-mode:1-1:ST_U8(5)
	l -> 1:108:log-level:1-1:ST_U8(5)
	p -> 1:112:params:1-128:DT_STRT_STR(45)
	s -> 1:115:server-list:1-128:LT_STR(29)
	v -> 1:118:version:0-0:F(0)
Target Spec:
	1:0::1-100:INV(13)
Full Input:
Targets List:

GoExecutorPool:
	Worker Count: 0
	Shutting Down: false
2023-11-29	11:59:11.877	1701230351877	[SYS]	42707	1	Zohar Core Initializing ...                                           [Success]
2023-11-29	11:59:11.877	1701230351877	[SYS]	42707	1	Starting Default Log Manager  ...                                     [Success]
2023-11-29	11:59:11.877	1701230351877	[SYS]	42707	1	Starting Default Executor Pool ...                                    [Success]
2023-11-29	11:59:11.878	1701230351878	[SYS]	42707	1	Starting Default Timer Manager ...                                    [Success]
2023-11-29	11:59:11.878	1701230351878	[SYS]	42707	1	Zohar Framework Initializing ... 
2023-11-29	11:59:11.878	1701230351878	[SYS]	42707	1	Initialize Intrinsic Services ...                                     [Success]
2023-11-29	11:59:11.878	1701230351878	[SYS]	42707	1	Starting Intrinsic Services ...                                       [Success]
2023-11-29	11:59:11.879	1701230351879	[SYS]	42707	1	hehe
2023-11-29	11:59:11.879	1701230351879	[SYS]	42707	1	NeoTcpServer <0.0.0.0:9999>                                           [Success]
2023-11-29	11:59:11.880	1701230351880	[INFO]	42707	1	Connecting Database For Pool: DBP0
2023-11-29	11:59:11.899	1701230351899	[INFO]	42707	1	Connect_0 to orm 				[Success:(fox:nopass@tcp(192.168.0.151:7336)/gamedb?charset=utf8mb4&parseTime=true)]
2023-11-29	11:59:11.937	1701230351937	[INFO]	42707	1	Connect_1 to orm 				[Success:(fox:nopass@tcp(192.168.0.151:7336)/gamedb?charset=utf8mb4&parseTime=true)]
2023-11-29	11:59:12.012	1701230352012	[INFO]	42707	1	Connect_2 to orm 				[Success:(fox:nopass@tcp(192.168.0.151:7336)/gamedb?charset=utf8mb4&parseTime=true)]
2023-11-29	11:59:12.027	1701230352027	[INFO]	42707	1	Connect_3 to orm 				[Success:(fox:nopass@tcp(192.168.0.151:7336)/gamedb?charset=utf8mb4&parseTime=true)]
2023-11-29	11:59:12.385	1701230352385	[SYS]	42707	7	Catch Sig interrupt
2023-11-29	11:59:12.386	1701230352386	[SYS]	42707	7	Stopping Intrinsic Services
2023-11-29	11:59:12.386	1701230352386	[SYS]	42707	1	Intrinsic Services ...                                                [Stopped]
2023-11-29	11:59:12.386	1701230352386	[SYS]	42707	15	File Watcher Stopped
2023-11-29	11:59:12.387	1701230352387	[SYS]	42707	7	Stopping Default Timer Manager ... 
2023-11-29	11:59:12.387	1701230352387	[SYS]	42707	7	Stopping Default Executor Pool 
2023-11-29	11:59:12.387	1701230352387	[SYS]	42707	7	Stopping Default Log Manager 
2023-11-29	11:59:12.388	1701230352388	[SYS]	42707	1	Default Timer Manager...                                              [Stopped]
2023-11-29	11:59:12.389	1701230352389	[SYS]	42707	1	Default Executor Pool ...                                             [Stopped]
2023-11-29	11:59:12.389	1701230352389	[SYS]	42707	1	Default Log Manager ...                                               [Stopped]
/home/fox/git_repo/go-xeno/output/xeno/bin/kadamonyfull spec:
	version -> 1:118:version:0-0:F(0)
	credential-file -> 1:0:credential-file:1-1:ST_STR(13)
	server-list -> 1:115:server-list:1-128:LT_STR(29)
	params -> 1:112:params:1-128:DT_STRT_STR(45)
	log-level -> 1:108:log-level:1-1:ST_U8(5)
	debug-mode -> 1:100:debug-mode:1-1:ST_U8(5)
Short Args Specs:
	d -> 1:100:debug-mode:1-1:ST_U8(5)
	l -> 1:108:log-level:1-1:ST_U8(5)
	p -> 1:112:params:1-128:DT_STRT_STR(45)
	s -> 1:115:server-list:1-128:LT_STR(29)
	v -> 1:118:version:0-0:F(0)
Target Spec:
	1:0::1-100:INV(13)
Full Input:
Targets List:

GoExecutorPool:
	Worker Count: 0
	Shutting Down: false
2023-11-29	12:00:49.065	1701230449065	[SYS]	42838	1	Zohar Core Initializing ...                                           [Success]
2023-11-29	12:00:49.066	1701230449066	[SYS]	42838	1	Starting Default Log Manager  ...                                     [Success]
2023-11-29	12:00:49.066	1701230449066	[SYS]	42838	1	Starting Default Executor Pool ...                                    [Success]
2023-11-29	12:00:49.067	1701230449067	[SYS]	42838	1	Starting Default Timer Manager ...                                    [Success]
2023-11-29	12:00:49.067	1701230449067	[SYS]	42838	1	Zohar Framework Initializing ... 
2023-11-29	12:00:49.067	1701230449067	[SYS]	42838	1	Initialize Intrinsic Services ...                                     [Success]
2023-11-29	12:00:49.068	1701230449068	[SYS]	42838	1	Starting Intrinsic Services ...                                       [Success]
2023-11-29	12:00:49.070	1701230449070	[SYS]	42838	1	h
2023-11-29	12:00:49.070	1701230449070	[SYS]	42838	1	NeoTcpServer <0.0.0.0:9999>                                           [Success]
2023-11-29	12:00:49.071	1701230449071	[INFO]	42838	1	Connecting Database For Pool: DBP0
2023-11-29	12:00:49.100	1701230449100	[INFO]	42838	1	Connect_0 to orm 				[Success:(fox:nopass@tcp(192.168.0.151:7336)/gamedb?charset=utf8mb4&parseTime=true)]
2023-11-29	12:00:49.142	1701230449142	[INFO]	42838	1	Connect_1 to orm 				[Success:(fox:nopass@tcp(192.168.0.151:7336)/gamedb?charset=utf8mb4&parseTime=true)]
2023-11-29	12:00:49.178	1701230449178	[INFO]	42838	1	Connect_2 to orm 				[Success:(fox:nopass@tcp(192.168.0.151:7336)/gamedb?charset=utf8mb4&parseTime=true)]
2023-11-29	12:00:49.195	1701230449195	[INFO]	42838	1	Connect_3 to orm 				[Success:(fox:nopass@tcp(192.168.0.151:7336)/gamedb?charset=utf8mb4&parseTime=true)]
2023-11-29	12:00:52.604	1701230452604	[SYS]	42838	33	Catch Sig interrupt
2023-11-29	12:00:52.605	1701230452605	[SYS]	42838	33	Stopping Intrinsic Services
2023-11-29	12:00:52.605	1701230452605	[SYS]	42838	1	Intrinsic Services ...                                                [Stopped]
2023-11-29	12:00:52.606	1701230452606	[SYS]	42838	41	File Watcher Stopped
2023-11-29	12:00:52.606	1701230452606	[SYS]	42838	33	Stopping Default Timer Manager ... 
2023-11-29	12:00:52.607	1701230452607	[SYS]	42838	33	Stopping Default Executor Pool 
2023-11-29	12:00:52.607	1701230452607	[SYS]	42838	33	Stopping Default Log Manager 
2023-11-29	12:00:52.609	1701230452609	[SYS]	42838	1	Default Timer Manager...                                              [Stopped]
2023-11-29	12:00:52.609	1701230452609	[SYS]	42838	1	Default Executor Pool ...                                             [Stopped]
2023-11-29	12:00:52.610	1701230452610	[SYS]	42838	1	Default Log Manager ...                                               [Stopped]
/home/fox/git_repo/go-xeno/output/xeno/bin/kadamonyfull spec:
	log-level -> 1:108:log-level:1-1:ST_U8(5)
	debug-mode -> 1:100:debug-mode:1-1:ST_U8(5)
	version -> 1:118:version:0-0:F(0)
	credential-file -> 1:0:credential-file:1-1:ST_STR(13)
	server-list -> 1:115:server-list:1-128:LT_STR(29)
	params -> 1:112:params:1-128:DT_STRT_STR(45)
Short Args Specs:
	d -> 1:100:debug-mode:1-1:ST_U8(5)
	l -> 1:108:log-level:1-1:ST_U8(5)
	p -> 1:112:params:1-128:DT_STRT_STR(45)
	s -> 1:115:server-list:1-128:LT_STR(29)
	v -> 1:118:version:0-0:F(0)
Target Spec:
	1:0::1-100:INV(13)
Full Input:
Targets List:

GoExecutorPool:
	Worker Count: 0
	Shutting Down: false
2023-11-29	12:00:56.129	1701230456129	[SYS]	42932	1	Zohar Core Initializing ...                                           [Success]
2023-11-29	12:00:56.129	1701230456129	[SYS]	42932	1	Starting Default Log Manager  ...                                     [Success]
2023-11-29	12:00:56.129	1701230456129	[SYS]	42932	1	Starting Default Executor Pool ...                                    [Success]
2023-11-29	12:00:56.130	1701230456130	[SYS]	42932	1	Starting Default Timer Manager ...                                    [Success]
2023-11-29	12:00:56.130	1701230456130	[SYS]	42932	1	Zohar Framework Initializing ... 
2023-11-29	12:00:56.131	1701230456131	[SYS]	42932	1	Initialize Intrinsic Services ...                                     [Success]
2023-11-29	12:00:56.131	1701230456131	[SYS]	42932	1	Starting Intrinsic Services ...                                       [Success]
2023-11-29	12:00:58.070	1701230458070	[SYS]	42932	1	h
2023-11-29	12:00:58.070	1701230458070	[SYS]	42932	1	NeoTcpServer <0.0.0.0:9999>                                           [Success]
2023-11-29	12:00:58.071	1701230458071	[INFO]	42932	1	Connecting Database For Pool: DBP0
2023-11-29	12:00:58.072	1701230458072	[SYS]	42932	17	Catch Sig interrupt
2023-11-29	12:00:58.073	1701230458073	[SYS]	42932	17	Stopping Intrinsic Services
2023-11-29	12:00:58.073	1701230458073	[SYS]	42932	17	Stopping Default Timer Manager ... 
2023-11-29	12:00:58.073	1701230458073	[SYS]	42932	17	Stopping Default Executor Pool 
2023-11-29	12:00:58.073	1701230458073	[SYS]	42932	17	Stopping Default Log Manager 
2023-11-29	12:00:58.073	1701230458073	[SYS]	42932	25	File Watcher Stopped
2023-11-29	12:00:58.118	1701230458118	[INFO]	42932	1	Connect_0 to orm 				[Success:(fox:nopass@tcp(192.168.0.151:7336)/gamedb?charset=utf8mb4&parseTime=true)]
2023-11-29	12:00:58.165	1701230458165	[INFO]	42932	1	Connect_1 to orm 				[Success:(fox:nopass@tcp(192.168.0.151:7336)/gamedb?charset=utf8mb4&parseTime=true)]
2023-11-29	12:00:58.174	1701230458174	[SYS]	42932	17	Default Timer Manager...                                              [Stopped]
2023-11-29	12:00:58.175	1701230458175	[SYS]	42932	17	Default Executor Pool ...                                             [Stopped]
2023-11-29	12:00:58.175	1701230458175	[SYS]	42932	17	Default Log Manager ...                                               [Stopped]
/home/fox/git_repo/go-xeno/output/xeno/bin/kadamonyfull spec:
	debug-mode -> 1:100:debug-mode:1-1:ST_U8(5)
	version -> 1:118:version:0-0:F(0)
	credential-file -> 1:0:credential-file:1-1:ST_STR(13)
	server-list -> 1:115:server-list:1-128:LT_STR(29)
	params -> 1:112:params:1-128:DT_STRT_STR(45)
	log-level -> 1:108:log-level:1-1:ST_U8(5)
Short Args Specs:
	d -> 1:100:debug-mode:1-1:ST_U8(5)
	l -> 1:108:log-level:1-1:ST_U8(5)
	p -> 1:112:params:1-128:DT_STRT_STR(45)
	s -> 1:115:server-list:1-128:LT_STR(29)
	v -> 1:118:version:0-0:F(0)
Target Spec:
	1:0::1-100:INV(13)
Full Input:
Targets List:

GoExecutorPool:
	Worker Count: 0
	Shutting Down: false
2023-11-29	12:01:12.364	1701230472364	[SYS]	43004	1	Zohar Core Initializing ...                                           [Success]
2023-11-29	12:01:12.364	1701230472364	[SYS]	43004	1	Starting Default Log Manager  ...                                     [Success]
2023-11-29	12:01:12.364	1701230472364	[SYS]	43004	1	Starting Default Executor Pool ...                                    [Success]
2023-11-29	12:01:12.365	1701230472365	[SYS]	43004	1	Starting Default Timer Manager ...                                    [Success]
2023-11-29	12:01:12.365	1701230472365	[SYS]	43004	1	Zohar Framework Initializing ... 
2023-11-29	12:01:12.365	1701230472365	[SYS]	43004	1	Initialize Intrinsic Services ...                                     [Success]
2023-11-29	12:01:12.365	1701230472365	[SYS]	43004	1	Starting Intrinsic Services ...                                       [Success]
2023-11-29	12:01:12.366	1701230472366	[SYS]	43004	1	h
2023-11-29	12:01:12.366	1701230472366	[SYS]	43004	1	NeoTcpServer <0.0.0.0:9999>                                           [Success]
2023-11-29	12:01:12.366	1701230472366	[INFO]	43004	1	Connecting Database For Pool: DBP0
2023-11-29	12:01:12.385	1701230472385	[INFO]	43004	1	Connect_0 to orm 				[Success:(fox:nopass@tcp(192.168.0.151:7336)/gamedb?charset=utf8mb4&parseTime=true)]
2023-11-29	12:01:12.427	1701230472427	[INFO]	43004	1	Connect_1 to orm 				[Success:(fox:nopass@tcp(192.168.0.151:7336)/gamedb?charset=utf8mb4&parseTime=true)]
2023-11-29	12:01:12.446	1701230472446	[INFO]	43004	1	Connect_2 to orm 				[Success:(fox:nopass@tcp(192.168.0.151:7336)/gamedb?charset=utf8mb4&parseTime=true)]
2023-11-29	12:01:12.473	1701230472473	[INFO]	43004	1	Connect_3 to orm 				[Success:(fox:nopass@tcp(192.168.0.151:7336)/gamedb?charset=utf8mb4&parseTime=true)]
2023-11-29	12:01:13.982	1701230473982	[SYS]	43004	34	Catch Sig interrupt
2023-11-29	12:01:13.983	1701230473983	[SYS]	43004	34	Stopping Intrinsic Services
2023-11-29	12:01:13.983	1701230473983	[SYS]	43004	1	Intrinsic Services ...                                                [Stopped]
2023-11-29	12:01:13.983	1701230473983	[SYS]	43004	42	File Watcher Stopped
2023-11-29	12:01:13.983	1701230473983	[SYS]	43004	34	Stopping Default Timer Manager ... 
2023-11-29	12:01:13.984	1701230473984	[SYS]	43004	34	Stopping Default Executor Pool 
2023-11-29	12:01:13.984	1701230473984	[SYS]	43004	34	Stopping Default Log Manager 
2023-11-29	12:01:13.985	1701230473985	[SYS]	43004	1	Default Timer Manager...                                              [Stopped]
2023-11-29	12:01:13.985	1701230473985	[SYS]	43004	1	Default Executor Pool ...                                             [Stopped]
2023-11-29	12:01:13.985	1701230473985	[SYS]	43004	1	Default Log Manager ...                                               [Stopped]
/home/fox/git_repo/go-xeno/output/xeno/bin/kadamonyfull spec:
	server-list -> 1:115:server-list:1-128:LT_STR(29)
	params -> 1:112:params:1-128:DT_STRT_STR(45)
	log-level -> 1:108:log-level:1-1:ST_U8(5)
	debug-mode -> 1:100:debug-mode:1-1:ST_U8(5)
	version -> 1:118:version:0-0:F(0)
	credential-file -> 1:0:credential-file:1-1:ST_STR(13)
Short Args Specs:
	d -> 1:100:debug-mode:1-1:ST_U8(5)
	l -> 1:108:log-level:1-1:ST_U8(5)
	p -> 1:112:params:1-128:DT_STRT_STR(45)
	s -> 1:115:server-list:1-128:LT_STR(29)
	v -> 1:118:version:0-0:F(0)
Target Spec:
	1:0::1-100:INV(13)
Full Input:
Targets List:

GoExecutorPool:
	Worker Count: 0
	Shutting Down: false
2023-11-29	12:02:33.299	1701230553299	[SYS]	43106	1	Zohar Core Initializing ...                                           [Success]
2023-11-29	12:02:33.299	1701230553299	[SYS]	43106	1	Starting Default Log Manager  ...                                     [Success]
2023-11-29	12:02:33.299	1701230553299	[SYS]	43106	1	Starting Default Executor Pool ...                                    [Success]
2023-11-29	12:02:33.300	1701230553300	[SYS]	43106	1	Starting Default Timer Manager ...                                    [Success]
2023-11-29	12:02:33.300	1701230553300	[SYS]	43106	1	Zohar Framework Initializing ... 	@initialize.go:40
2023-11-29	12:02:33.300	1701230553300	[SYS]	43106	1	Initialize Intrinsic Services ...                                     [Success]
2023-11-29	12:02:33.301	1701230553301	[SYS]	43106	1	Starting Intrinsic Services ...                                       [Success]
2023-11-29	12:02:33.302	1701230553302	[SYS]	43106	1	h	@tcp_server_linux.go:66
2023-11-29	12:02:33.302	1701230553302	[SYS]	43106	1	NeoTcpServer <0.0.0.0:9999>                                           [Success]
2023-11-29	12:02:33.302	1701230553302	[INFO]	43106	1	Connecting Database For Pool: DBP0	@pool_manager.go:50
2023-11-29	12:02:33.320	1701230553320	[INFO]	43106	1	Connect_0 to orm 				[Success:(fox:nopass@tcp(192.168.0.151:7336)/gamedb?charset=utf8mb4&parseTime=true)]	@mysql_connection.go:1024
2023-11-29	12:02:33.337	1701230553337	[INFO]	43106	1	Connect_1 to orm 				[Success:(fox:nopass@tcp(192.168.0.151:7336)/gamedb?charset=utf8mb4&parseTime=true)]	@mysql_connection.go:1024
2023-11-29	12:02:33.358	1701230553358	[INFO]	43106	1	Connect_2 to orm 				[Success:(fox:nopass@tcp(192.168.0.151:7336)/gamedb?charset=utf8mb4&parseTime=true)]	@mysql_connection.go:1024
2023-11-29	12:02:33.384	1701230553384	[INFO]	43106	1	Connect_3 to orm 				[Success:(fox:nopass@tcp(192.168.0.151:7336)/gamedb?charset=utf8mb4&parseTime=true)]	@mysql_connection.go:1024
2023-11-29	12:02:43.625	1701230563625	[SYS]	43106	19	Catch Sig interrupt	@core_initialization.go:52
2023-11-29	12:02:43.625	1701230563625	[SYS]	43106	19	Stopping Intrinsic Services	@initialize.go:20
2023-11-29	12:02:43.626	1701230563626	[SYS]	43106	1	Intrinsic Services ...                                                [Stopped]
2023-11-29	12:02:43.627	1701230563627	[SYS]	43106	27	File Watcher Stopped	@filesystem_watcher.go:97
2023-11-29	12:02:43.627	1701230563627	[SYS]	43106	19	Stopping Default Timer Manager ... 	@core_initialization.go:63
2023-11-29	12:02:43.628	1701230563628	[SYS]	43106	19	Stopping Default Executor Pool 	@core_initialization.go:65
2023-11-29	12:02:43.628	1701230563628	[SYS]	43106	19	Stopping Default Log Manager 	@core_initialization.go:67
2023-11-29	12:02:43.631	1701230563631	[SYS]	43106	1	Default Timer Manager...                                              [Stopped]
2023-11-29	12:02:43.631	1701230563631	[SYS]	43106	1	Default Executor Pool ...                                             [Stopped]
2023-11-29	12:02:43.631	1701230563631	[SYS]	43106	1	Default Log Manager ...                                               [Stopped]
/home/fox/git_repo/go-xeno/output/xeno/bin/kadamonyfull spec:
	log-level -> 1:108:log-level:1-1:ST_U8(5)
	debug-mode -> 1:100:debug-mode:1-1:ST_U8(5)
	version -> 1:118:version:0-0:F(0)
	credential-file -> 1:0:credential-file:1-1:ST_STR(13)
	server-list -> 1:115:server-list:1-128:LT_STR(29)
	params -> 1:112:params:1-128:DT_STRT_STR(45)
Short Args Specs:
	d -> 1:100:debug-mode:1-1:ST_U8(5)
	l -> 1:108:log-level:1-1:ST_U8(5)
	p -> 1:112:params:1-128:DT_STRT_STR(45)
	s -> 1:115:server-list:1-128:LT_STR(29)
	v -> 1:118:version:0-0:F(0)
Target Spec:
	1:0::1-100:INV(13)
Full Input:
Targets List:

GoExecutorPool:
	Worker Count: 0
	Shutting Down: false
2023-11-29	12:25:34.960	1701231934960	[SYS]	43329	1	Zohar Core Initializing ...                                           [Success]
2023-11-29	12:25:34.960	1701231934960	[SYS]	43329	1	Starting Default Log Manager  ...                                     [Success]
2023-11-29	12:25:34.961	1701231934961	[SYS]	43329	1	Starting Default Executor Pool ...                                    [Success]
2023-11-29	12:25:34.961	1701231934961	[SYS]	43329	1	Starting Default Timer Manager ...                                    [Success]
2023-11-29	12:25:34.961	1701231934961	[SYS]	43329	1	Zohar Framework Initializing ... 	@initialize.go:40
2023-11-29	12:25:34.961	1701231934961	[SYS]	43329	1	Initialize Intrinsic Services ...                                     [Success]
2023-11-29	12:25:34.962	1701231934962	[SYS]	43329	1	Starting Intrinsic Services ...                                       [Success]
2023-11-29	12:25:34.963	1701231934963	[SYS]	43329	1	NeoTcpServer <0.0.0.0:9999>                                           [Success]
2023-11-29	12:25:34.963	1701231934963	[INFO]	43329	1	Connecting Database For Pool: DBP0	@pool_manager.go:50
2023-11-29	12:25:35.006	1701231935006	[INFO]	43329	1	Connect_0 to orm 				[Success:(fox:nopass@tcp(192.168.0.151:7336)/gamedb?charset=utf8mb4&parseTime=true)]	@mysql_connection.go:1024
2023-11-29	12:25:35.028	1701231935028	[INFO]	43329	1	Connect_1 to orm 				[Success:(fox:nopass@tcp(192.168.0.151:7336)/gamedb?charset=utf8mb4&parseTime=true)]	@mysql_connection.go:1024
2023-11-29	12:25:35.045	1701231935045	[INFO]	43329	1	Connect_2 to orm 				[Success:(fox:nopass@tcp(192.168.0.151:7336)/gamedb?charset=utf8mb4&parseTime=true)]	@mysql_connection.go:1024
2023-11-29	12:25:35.066	1701231935066	[INFO]	43329	1	Connect_3 to orm 				[Success:(fox:nopass@tcp(192.168.0.151:7336)/gamedb?charset=utf8mb4&parseTime=true)]	@mysql_connection.go:1024
2023-11-29	12:25:40.341	1701231940341	[SYS]	43329	4	Catch Sig interrupt	@core_initialization.go:52
2023-11-29	12:25:40.341	1701231940341	[SYS]	43329	4	Stopping Intrinsic Services	@initialize.go:20
2023-11-29	12:25:40.342	1701231940342	[SYS]	43329	1	Intrinsic Services ...                                                [Stopped]
2023-11-29	12:25:40.342	1701231940342	[SYS]	43329	12	File Watcher Stopped	@filesystem_watcher.go:97
2023-11-29	12:25:40.342	1701231940342	[SYS]	43329	4	Stopping Default Timer Manager ... 	@core_initialization.go:63
2023-11-29	12:25:40.343	1701231940343	[SYS]	43329	4	Stopping Default Executor Pool 	@core_initialization.go:65
2023-11-29	12:25:40.343	1701231940343	[SYS]	43329	4	Stopping Default Log Manager 	@core_initialization.go:67
2023-11-29	12:25:40.343	1701231940343	[SYS]	43329	1	Default Timer Manager...                                              [Stopped]
2023-11-29	12:25:40.344	1701231940344	[SYS]	43329	1	Default Executor Pool ...                                             [Stopped]
2023-11-29	12:25:40.344	1701231940344	[SYS]	43329	1	Default Log Manager ...                                               [Stopped]
/home/fox/git_repo/go-xeno/output/xeno/bin/kadamonyfull spec:
	credential-file -> 1:0:credential-file:1-1:ST_STR(13)
	server-list -> 1:115:server-list:1-128:LT_STR(29)
	params -> 1:112:params:1-128:DT_STRT_STR(45)
	log-level -> 1:108:log-level:1-1:ST_U8(5)
	debug-mode -> 1:100:debug-mode:1-1:ST_U8(5)
	version -> 1:118:version:0-0:F(0)
Short Args Specs:
	d -> 1:100:debug-mode:1-1:ST_U8(5)
	l -> 1:108:log-level:1-1:ST_U8(5)
	p -> 1:112:params:1-128:DT_STRT_STR(45)
	s -> 1:115:server-list:1-128:LT_STR(29)
	v -> 1:118:version:0-0:F(0)
Target Spec:
	1:0::1-100:INV(13)
Full Input:
Targets List:

GoExecutorPool:
	Worker Count: 0
	Shutting Down: false
2023-11-29	12:34:15.242	1701232455242	[SYS]	43465	1	Zohar Core Initializing ...                                           [Success]
2023-11-29	12:34:15.242	1701232455242	[SYS]	43465	1	Starting Default Log Manager  ...                                     [Success]
2023-11-29	12:34:15.242	1701232455242	[SYS]	43465	1	Starting Default Executor Pool ...                                    [Success]
2023-11-29	12:34:15.243	1701232455243	[SYS]	43465	1	Starting Default Timer Manager ...                                    [Success]
2023-11-29	12:34:15.243	1701232455243	[SYS]	43465	1	Zohar Framework Initializing ... 	@initialize.go:40
2023-11-29	12:34:15.243	1701232455243	[SYS]	43465	1	Initialize Intrinsic Services ...                                     [Success]
2023-11-29	12:34:15.244	1701232455244	[SYS]	43465	1	Starting Intrinsic Services ...                                       [Success]
2023-11-29	12:34:16.995	1701232456995	[SYS]	43465	1	NeoTcpServer <0.0.0.0:9999>                                           [Success]
2023-11-29	12:34:16.995	1701232456995	[INFO]	43465	1	Connecting Database For Pool: DBP0	@pool_manager.go:50
2023-11-29	12:34:16.997	1701232456997	[SYS]	43465	7	Catch Sig interrupt	@core_initialization.go:52
2023-11-29	12:34:16.998	1701232456998	[SYS]	43465	7	Stopping Intrinsic Services	@initialize.go:20
2023-11-29	12:34:16.998	1701232456998	[SYS]	43465	13	File Watcher Stopped	@filesystem_watcher.go:97
2023-11-29	12:34:16.998	1701232456998	[SYS]	43465	7	Stopping Default Timer Manager ... 	@core_initialization.go:63
2023-11-29	12:34:16.998	1701232456998	[SYS]	43465	7	Stopping Default Executor Pool 	@core_initialization.go:65
2023-11-29	12:34:16.999	1701232456999	[SYS]	43465	7	Stopping Default Log Manager 	@core_initialization.go:67
2023-11-29	12:34:17.022	1701232457022	[INFO]	43465	1	Connect_0 to orm 				[Success:(fox:nopass@tcp(192.168.0.151:7336)/gamedb?charset=utf8mb4&parseTime=true)]	@mysql_connection.go:1024
2023-11-29	12:34:17.049	1701232457049	[INFO]	43465	1	Connect_1 to orm 				[Success:(fox:nopass@tcp(192.168.0.151:7336)/gamedb?charset=utf8mb4&parseTime=true)]	@mysql_connection.go:1024
2023-11-29	12:34:17.080	1701232457080	[INFO]	43465	1	Connect_2 to orm 				[Success:(fox:nopass@tcp(192.168.0.151:7336)/gamedb?charset=utf8mb4&parseTime=true)]	@mysql_connection.go:1024
2023-11-29	12:34:17.099	1701232457099	[SYS]	43465	7	Default Timer Manager...                                              [Stopped]
2023-11-29	12:34:17.100	1701232457100	[SYS]	43465	7	Default Executor Pool ...                                             [Stopped]
2023-11-29	12:34:17.100	1701232457100	[SYS]	43465	7	Default Log Manager ...                                               [Stopped]
