D:\projects\svn_repo\default\go\xeno\output\xeno\bin\kadamony.exefull spec:
Short Args Specs:
Target Spec:
	<nil spec>
Full Input:
Targets List:

GoExecutorPool:
	Worker Count: 0
	Shutting Down: false
2023-11-17	00:20:36.499572000	1700151636499	[SYS]	10852	1	Zohar Core Initializing ...                                           [Success]
2023-11-17	00:20:36.499572000	1700151636499	[SYS]	10852	1	Starting Default Log Manager  ...                                     [Success]
2023-11-17	00:20:36.499572000	1700151636499	[SYS]	10852	1	Starting Default Executor Pool ...                                    [Success]
2023-11-17	00:20:36.499572000	1700151636499	[SYS]	10852	1	Starting Default Timer Manager ...                                    [Success]
2023-11-17	00:20:36.500572100	1700151636500	[SYS]	10852	1	Zohar Framework Initializing ... 
2023-11-17	00:20:36.500572100	1700151636500	[SYS]	10852	1	Initialize Intrinsic Services ...                                     [Success]
2023-11-17	00:20:36.501574600	1700151636501	[SYS]	10852	1	Starting Intrinsic Services ...                                       [Success]
2023-11-17	00:30:35.282387300	1700152235282	[SYS]	10852	7	Catch Sig interrupt
2023-11-17	00:30:35.282387300	1700152235282	[SYS]	10852	7	Stopping Intrinsic Services
2023-11-17	00:30:35.283367900	1700152235283	[SYS]	10852	7	Stopping Default Timer Manager ... 
2023-11-17	00:30:35.283367900	1700152235283	[SYS]	10852	7	Stopping Default Executor Pool 
2023-11-17	00:30:35.283367900	1700152235283	[SYS]	10852	7	Stopping Default Log Manager 
2023-11-17	00:30:35.283367900	1700152235283	[ERROR]	10852	20	File Watcher Stopped
D:\projects\svn_repo\default\go\xeno\output\xeno\bin\kadamony.exefull spec:
Short Args Specs:
Target Spec:
	<nil spec>
Full Input:
Targets List:

GoExecutorPool:
	Worker Count: 0
	Shutting Down: false
2023-11-17	08:29:31.774500700	1700180971774	[SYS]	8040	1	Zohar Core Initializing ...                                           [Success]
2023-11-17	08:29:31.774500700	1700180971774	[SYS]	8040	1	Starting Default Log Manager  ...                                     [Success]
2023-11-17	08:29:31.774500700	1700180971774	[SYS]	8040	1	Starting Default Executor Pool ...                                    [Success]
2023-11-17	08:29:31.774500700	1700180971774	[SYS]	8040	1	Starting Default Timer Manager ...                                    [Success]
2023-11-17	08:29:31.774500700	1700180971774	[SYS]	8040	1	Zohar Framework Initializing ... 
2023-11-17	08:29:31.774976800	1700180971774	[SYS]	8040	1	Initialize Intrinsic Services ...                                     [Success]
2023-11-17	08:29:31.775502500	1700180971775	[SYS]	8040	1	Starting Intrinsic Services ...                                       [Success]
D:\projects\svn_repo\default\go\xeno\output\xeno\bin\kadamony.exefull spec:
Short Args Specs:
Target Spec:
	<nil spec>
Full Input:
Targets List:

GoExecutorPool:
	Worker Count: 0
	Shutting Down: false
2023-11-17	08:30:22.639161600	1700181022639	[SYS]	9156	1	Zohar Core Initializing ...                                           [Success]
2023-11-17	08:30:22.639161600	1700181022639	[SYS]	9156	1	Starting Default Log Manager  ...                                     [Success]
2023-11-17	08:30:22.639663100	1700181022639	[SYS]	9156	1	Starting Default Executor Pool ...                                    [Success]
2023-11-17	08:30:22.639663100	1700181022639	[SYS]	9156	1	Starting Default Timer Manager ...                                    [Success]
2023-11-17	08:30:22.639663100	1700181022639	[SYS]	9156	1	Zohar Framework Initializing ... 
2023-11-17	08:30:22.640164500	1700181022640	[SYS]	9156	1	Initialize Intrinsic Services ...                                     [Success]
2023-11-17	08:30:22.640164500	1700181022640	[SYS]	9156	1	Starting Intrinsic Services ...                                       [Success]
2023-11-17	08:30:22.649689400	1700181022649	[DEBUG]	9156	1	Ethernet fe80::ddf1:563f:840a:74ba/64

2023-11-17	08:30:22.649689400	1700181022649	[DEBUG]	9156	1	Ethernet 169.254.116.186/16

2023-11-17	08:30:22.654702900	1700181022654	[DEBUG]	9156	1	Local Area Connection* 2 fe80::e417:182e:ba68:5a6/64

2023-11-17	08:30:22.654702900	1700181022654	[DEBUG]	9156	1	Local Area Connection* 2 169.254.5.166/16

2023-11-17	08:30:22.658740500	1700181022658	[DEBUG]	9156	1	VMware Network Adapter VMnet1 fe80::aca1:eb55:e037:e7c0/64

2023-11-17	08:30:22.658740500	1700181022658	[DEBUG]	9156	1	VMware Network Adapter VMnet1 192.168.160.1/24

2023-11-17	08:30:22.662724600	1700181022662	[DEBUG]	9156	1	VMware Network Adapter VMnet8 fe80::7033:3f19:801d:22a7/64

2023-11-17	08:30:22.662724600	1700181022662	[DEBUG]	9156	1	VMware Network Adapter VMnet8 192.168.33.1/24

2023-11-17	08:30:22.666259800	1700181022666	[DEBUG]	9156	1	Wi-Fi fe80::e5cf:81c7:99c2:f8cf/64

2023-11-17	08:30:22.666259800	1700181022666	[DEBUG]	9156	1	Wi-Fi 192.168.0.100/24

2023-11-17	08:30:22.671748400	1700181022671	[DEBUG]	9156	1	Bluetooth Network Connection fe80::8966:23eb:961e:d63d/64

2023-11-17	08:30:22.671748400	1700181022671	[DEBUG]	9156	1	Bluetooth Network Connection 169.254.214.61/16

2023-11-17	08:30:22.675258000	1700181022675	[DEBUG]	9156	1	Loopback Pseudo-Interface 1 ::1/128

2023-11-17	08:30:22.675258000	1700181022675	[DEBUG]	9156	1	Loopback Pseudo-Interface 1 127.0.0.1/8

2023-11-17	08:30:22.678766900	1700181022678	[DEBUG]	9156	1	isatap.{DA1A7445-632D-49CF-A835-4B25138C4A20} fe80::5efe:c0a8:a001/128

2023-11-17	08:30:22.682777600	1700181022682	[DEBUG]	9156	1	Local Area Connection* 12 2001:0:348b:fb58:98:a91a:217c:e269/64

2023-11-17	08:30:22.682777600	1700181022682	[DEBUG]	9156	1	Local Area Connection* 12 fe80::98:a91a:217c:e269/64

2023-11-17	08:30:22.687290700	1700181022687	[DEBUG]	9156	1	isatap.{514AE7DC-1129-4F0A-A07F-3C8ACFE95A90} fe80::5efe:c0a8:64/128

2023-11-17	08:30:22.691300300	1700181022691	[DEBUG]	9156	1	isatap.{27D0B6D9-B501-4BBB-86F8-6D33A9993429} fe80::5efe:c0a8:2101/128

D:\projects\svn_repo\default\go\xeno\output\xeno\bin\kadamony.exefull spec:
Short Args Specs:
Target Spec:
	<nil spec>
Full Input:
Targets List:

GoExecutorPool:
	Worker Count: 0
	Shutting Down: false
2023-11-17	08:31:26.173692500	1700181086173	[SYS]	4340	1	Zohar Core Initializing ...                                           [Success]
2023-11-17	08:31:26.173692500	1700181086173	[SYS]	4340	1	Starting Default Log Manager  ...                                     [Success]
2023-11-17	08:31:26.174215700	1700181086174	[SYS]	4340	1	Starting Default Executor Pool ...                                    [Success]
2023-11-17	08:31:26.174215700	1700181086174	[SYS]	4340	1	Starting Default Timer Manager ...                                    [Success]
2023-11-17	08:31:26.174215700	1700181086174	[SYS]	4340	1	Zohar Framework Initializing ... 
2023-11-17	08:31:26.174695300	1700181086174	[SYS]	4340	1	Initialize Intrinsic Services ...                                     [Success]
2023-11-17	08:31:26.174695300	1700181086174	[SYS]	4340	1	Starting Intrinsic Services ...                                       [Success]
2023-11-17	08:32:30.218375400	1700181150218	[DEBUG]	4340	1	Ethernet fe80::ddf1:563f:840a:74ba/64

2023-11-17	08:32:30.218375400	1700181150218	[DEBUG]	4340	1	Ethernet 169.254.116.186/16

2023-11-17	08:32:30.223880100	1700181150223	[DEBUG]	4340	1	Local Area Connection* 2 fe80::e417:182e:ba68:5a6/64

2023-11-17	08:32:30.223880100	1700181150223	[DEBUG]	4340	1	Local Area Connection* 2 169.254.5.166/16

2023-11-17	08:32:30.228413000	1700181150228	[DEBUG]	4340	1	VMware Network Adapter VMnet1 fe80::aca1:eb55:e037:e7c0/64

2023-11-17	08:32:30.228893200	1700181150228	[DEBUG]	4340	1	VMware Network Adapter VMnet1 192.168.160.1/24

2023-11-17	08:32:30.232903900	1700181150232	[DEBUG]	4340	1	VMware Network Adapter VMnet8 fe80::7033:3f19:801d:22a7/64

2023-11-17	08:32:30.233405300	1700181150233	[DEBUG]	4340	1	VMware Network Adapter VMnet8 192.168.33.1/24

2023-11-17	08:32:30.234909200	1700181150234	[SYS]	4340	7	Catch Sig interrupt
2023-11-17	08:32:30.234909200	1700181150234	[SYS]	4340	7	Stopping Intrinsic Services
2023-11-17	08:32:30.234909200	1700181150234	[SYS]	4340	7	Stopping Default Timer Manager ... 
2023-11-17	08:32:30.234909200	1700181150234	[SYS]	4340	7	Stopping Default Executor Pool 
2023-11-17	08:32:30.234909200	1700181150234	[SYS]	4340	7	Stopping Default Log Manager 
2023-11-17	08:32:30.234909200	1700181150234	[ERROR]	4340	20	File Watcher Stopped
2023-11-17	08:32:30.238418500	1700181150238	[DEBUG]	4340	1	Wi-Fi fe80::e5cf:81c7:99c2:f8cf/64

2023-11-17	08:32:30.238418500	1700181150238	[DEBUG]	4340	1	Wi-Fi 192.168.0.100/24

2023-11-17	08:32:30.242930600	1700181150242	[DEBUG]	4340	1	Bluetooth Network Connection fe80::8966:23eb:961e:d63d/64

2023-11-17	08:32:30.242930600	1700181150242	[DEBUG]	4340	1	Bluetooth Network Connection 169.254.214.61/16

2023-11-17	08:32:30.246941200	1700181150246	[DEBUG]	4340	1	Loopback Pseudo-Interface 1 ::1/128

2023-11-17	08:32:30.246941200	1700181150246	[DEBUG]	4340	1	Loopback Pseudo-Interface 1 127.0.0.1/8

2023-11-17	08:32:30.250951900	1700181150250	[DEBUG]	4340	1	isatap.{DA1A7445-632D-49CF-A835-4B25138C4A20} fe80::5efe:c0a8:a001/128

2023-11-17	08:32:30.254962600	1700181150254	[DEBUG]	4340	1	Local Area Connection* 12 2001:0:348b:fb58:98:a91a:217c:e269/64

2023-11-17	08:32:30.254962600	1700181150254	[DEBUG]	4340	1	Local Area Connection* 12 fe80::98:a91a:217c:e269/64

2023-11-17	08:32:30.258973200	1700181150258	[DEBUG]	4340	1	isatap.{514AE7DC-1129-4F0A-A07F-3C8ACFE95A90} fe80::5efe:c0a8:64/128

2023-11-17	08:32:30.262984300	1700181150262	[DEBUG]	4340	1	isatap.{27D0B6D9-B501-4BBB-86F8-6D33A9993429} fe80::5efe:c0a8:2101/128

D:\projects\svn_repo\default\go\xeno\output\xeno\bin\kadamony.exefull spec:
Short Args Specs:
Target Spec:
	<nil spec>
Full Input:
Targets List:

GoExecutorPool:
	Worker Count: 0
	Shutting Down: false
2023-11-17	08:34:28.570337200	1700181268570	[SYS]	5628	1	Zohar Core Initializing ...                                           [Success]
2023-11-17	08:34:28.570337200	1700181268570	[SYS]	5628	1	Starting Default Log Manager  ...                                     [Success]
2023-11-17	08:34:28.570337200	1700181268570	[SYS]	5628	1	Starting Default Executor Pool ...                                    [Success]
2023-11-17	08:34:28.570337200	1700181268570	[SYS]	5628	1	Starting Default Timer Manager ...                                    [Success]
2023-11-17	08:34:28.570337200	1700181268570	[SYS]	5628	1	Zohar Framework Initializing ... 
2023-11-17	08:34:28.570839700	1700181268570	[SYS]	5628	1	Initialize Intrinsic Services ...                                     [Success]
2023-11-17	08:34:28.570839700	1700181268570	[SYS]	5628	1	Starting Intrinsic Services ...                                       [Success]
2023-11-17	08:34:28.579862800	1700181268579	[DEBUG]	5628	1	Ethernet fe80::ddf1:563f:840a:74ba/64

2023-11-17	08:34:28.579862800	1700181268579	[DEBUG]	5628	1	Ethernet 169.254.116.186/16

2023-11-17	08:34:28.583372100	1700181268583	[DEBUG]	5628	1	Local Area Connection* 2 fe80::e417:182e:ba68:5a6/64

2023-11-17	08:34:28.583372100	1700181268583	[DEBUG]	5628	1	Local Area Connection* 2 169.254.5.166/16

2023-11-17	08:34:28.587383100	1700181268587	[DEBUG]	5628	1	VMware Network Adapter VMnet1 fe80::aca1:eb55:e037:e7c0/64

2023-11-17	08:34:28.587383100	1700181268587	[DEBUG]	5628	1	VMware Network Adapter VMnet1 192.168.160.1/24

2023-11-17	08:34:28.590917200	1700181268590	[DEBUG]	5628	1	VMware Network Adapter VMnet8 fe80::7033:3f19:801d:22a7/64

2023-11-17	08:34:28.590917200	1700181268590	[DEBUG]	5628	1	VMware Network Adapter VMnet8 192.168.33.1/24

2023-11-17	08:34:28.594429200	1700181268594	[DEBUG]	5628	1	Wi-Fi fe80::e5cf:81c7:99c2:f8cf/64

2023-11-17	08:34:28.594429200	1700181268594	[DEBUG]	5628	1	Wi-Fi 192.168.0.100/24

2023-11-17	08:34:28.598411900	1700181268598	[DEBUG]	5628	1	Bluetooth Network Connection fe80::8966:23eb:961e:d63d/64

2023-11-17	08:34:28.598411900	1700181268598	[DEBUG]	5628	1	Bluetooth Network Connection 169.254.214.61/16

2023-11-17	08:34:28.601921500	1700181268601	[DEBUG]	5628	1	Loopback Pseudo-Interface 1 ::1/128

2023-11-17	08:34:28.601921500	1700181268601	[DEBUG]	5628	1	Loopback Pseudo-Interface 1 127.0.0.1/8

2023-11-17	08:34:28.605932800	1700181268605	[DEBUG]	5628	1	isatap.{DA1A7445-632D-49CF-A835-4B25138C4A20} fe80::5efe:c0a8:a001/128

2023-11-17	08:34:28.609943500	1700181268609	[DEBUG]	5628	1	Local Area Connection* 12 2001:0:348b:fb58:98:a91a:217c:e269/64

2023-11-17	08:34:28.609943500	1700181268609	[DEBUG]	5628	1	Local Area Connection* 12 fe80::98:a91a:217c:e269/64

2023-11-17	08:34:28.613452100	1700181268613	[DEBUG]	5628	1	isatap.{514AE7DC-1129-4F0A-A07F-3C8ACFE95A90} fe80::5efe:c0a8:64/128

2023-11-17	08:34:28.616962300	1700181268616	[DEBUG]	5628	1	isatap.{27D0B6D9-B501-4BBB-86F8-6D33A9993429} fe80::5efe:c0a8:2101/128

D:\projects\svn_repo\default\go\xeno\output\xeno\bin\kadamony.exefull spec:
Short Args Specs:
Target Spec:
	<nil spec>
Full Input:
Targets List:

GoExecutorPool:
	Worker Count: 0
	Shutting Down: false
2023-11-17	08:34:33.208651800	1700181273208	[SYS]	7732	1	Zohar Core Initializing ...                                           [Success]
2023-11-17	08:34:33.208651800	1700181273208	[SYS]	7732	1	Starting Default Log Manager  ...                                     [Success]
2023-11-17	08:34:33.208651800	1700181273208	[SYS]	7732	1	Starting Default Executor Pool ...                                    [Success]
2023-11-17	08:34:33.208651800	1700181273208	[SYS]	7732	1	Starting Default Timer Manager ...                                    [Success]
2023-11-17	08:34:33.208651800	1700181273208	[SYS]	7732	1	Zohar Framework Initializing ... 
2023-11-17	08:34:33.209654300	1700181273209	[SYS]	7732	1	Initialize Intrinsic Services ...                                     [Success]
2023-11-17	08:34:33.209654300	1700181273209	[SYS]	7732	1	Starting Intrinsic Services ...                                       [Success]
2023-11-17	08:36:03.493194500	1700181363493	[DEBUG]	7732	1	Ethernet fe80::ddf1:563f:840a:74ba/64

2023-11-17	08:36:03.493687700	1700181363493	[DEBUG]	7732	1	Ethernet 169.254.116.186/16

2023-11-17	08:36:03.498700900	1700181363498	[DEBUG]	7732	1	Local Area Connection* 2 fe80::e417:182e:ba68:5a6/64

2023-11-17	08:36:03.498700900	1700181363498	[DEBUG]	7732	1	Local Area Connection* 2 169.254.5.166/16

2023-11-17	08:36:03.504215500	1700181363504	[DEBUG]	7732	1	VMware Network Adapter VMnet1 fe80::aca1:eb55:e037:e7c0/64

2023-11-17	08:36:03.504215500	1700181363504	[DEBUG]	7732	1	VMware Network Adapter VMnet1 192.168.160.1/24

2023-11-17	08:36:03.508232000	1700181363508	[SYS]	7732	7	Catch Sig interrupt
2023-11-17	08:36:03.508232000	1700181363508	[SYS]	7732	7	Stopping Intrinsic Services
2023-11-17	08:36:03.508727600	1700181363508	[SYS]	7732	7	Stopping Default Timer Manager ... 
2023-11-17	08:36:03.508727600	1700181363508	[SYS]	7732	7	Stopping Default Executor Pool 
2023-11-17	08:36:03.508727600	1700181363508	[SYS]	7732	7	Stopping Default Log Manager 
2023-11-17	08:36:03.508727600	1700181363508	[ERROR]	7732	20	File Watcher Stopped
2023-11-17	08:36:03.510231800	1700181363510	[DEBUG]	7732	1	VMware Network Adapter VMnet8 fe80::7033:3f19:801d:22a7/64

2023-11-17	08:36:03.510231800	1700181363510	[DEBUG]	7732	1	VMware Network Adapter VMnet8 192.168.33.1/24

2023-11-17	08:36:03.514743600	1700181363514	[DEBUG]	7732	1	Wi-Fi fe80::e5cf:81c7:99c2:f8cf/64

2023-11-17	08:36:03.514743600	1700181363514	[DEBUG]	7732	1	Wi-Fi 192.168.0.100/24

2023-11-17	08:36:03.519255700	1700181363519	[DEBUG]	7732	1	Bluetooth Network Connection fe80::8966:23eb:961e:d63d/64

2023-11-17	08:36:03.519255700	1700181363519	[DEBUG]	7732	1	Bluetooth Network Connection 169.254.214.61/16

2023-11-17	08:36:03.523796100	1700181363523	[DEBUG]	7732	1	Loopback Pseudo-Interface 1 ::1/128

2023-11-17	08:36:03.523796100	1700181363523	[DEBUG]	7732	1	Loopback Pseudo-Interface 1 127.0.0.1/8

2023-11-17	08:36:03.528304800	1700181363528	[DEBUG]	7732	1	isatap.{DA1A7445-632D-49CF-A835-4B25138C4A20} fe80::5efe:c0a8:a001/128

2023-11-17	08:36:03.532816800	1700181363532	[DEBUG]	7732	1	Local Area Connection* 12 2001:0:348b:fb58:98:a91a:217c:e269/64

2023-11-17	08:36:03.532816800	1700181363532	[DEBUG]	7732	1	Local Area Connection* 12 fe80::98:a91a:217c:e269/64

2023-11-17	08:36:03.536833000	1700181363536	[DEBUG]	7732	1	isatap.{514AE7DC-1129-4F0A-A07F-3C8ACFE95A90} fe80::5efe:c0a8:64/128

2023-11-17	08:36:03.541841000	1700181363541	[DEBUG]	7732	1	isatap.{27D0B6D9-B501-4BBB-86F8-6D33A9993429} fe80::5efe:c0a8:2101/128

D:\projects\svn_repo\default\go\xeno\output\xeno\bin\kadamony.exefull spec:
Short Args Specs:
Target Spec:
	<nil spec>
Full Input:
Targets List:

GoExecutorPool:
	Worker Count: 0
	Shutting Down: false
2023-11-17	08:59:57.690971600	1700182797690	[SYS]	4820	1	Zohar Core Initializing ...                                           [Success]
2023-11-17	08:59:57.690971600	1700182797690	[SYS]	4820	1	Starting Default Log Manager  ...                                     [Success]
2023-11-17	08:59:57.690971600	1700182797690	[SYS]	4820	1	Starting Default Executor Pool ...                                    [Success]
2023-11-17	08:59:57.690971600	1700182797690	[SYS]	4820	1	Starting Default Timer Manager ...                                    [Success]
2023-11-17	08:59:57.690971600	1700182797690	[SYS]	4820	1	Zohar Framework Initializing ... 
2023-11-17	08:59:57.691975100	1700182797691	[SYS]	4820	1	Initialize Intrinsic Services ...                                     [Success]
2023-11-17	08:59:57.691975100	1700182797691	[SYS]	4820	1	Starting Intrinsic Services ...                                       [Success]
2023-11-17	08:59:59.515127900	1700182799515	[SYS]	4820	7	Catch Sig interrupt
2023-11-17	08:59:59.515127900	1700182799515	[SYS]	4820	7	Stopping Intrinsic Services
2023-11-17	08:59:59.515127900	1700182799515	[SYS]	4820	1	Intrinsic Services ...                                                [Stopped]
2023-11-17	08:59:59.516100700	1700182799516	[SYS]	4820	7	Stopping Default Timer Manager ... 
2023-11-17	08:59:59.516100700	1700182799516	[SYS]	4820	7	Stopping Default Executor Pool 
2023-11-17	08:59:59.516100700	1700182799516	[SYS]	4820	7	Stopping Default Log Manager 
2023-11-17	08:59:59.516100700	1700182799516	[ERROR]	4820	20	File Watcher Stopped
2023-11-17	08:59:59.519200700	1700182799519	[SYS]	4820	1	Default Timer Manager...                                              [Stopped]
2023-11-17	08:59:59.519200700	1700182799519	[SYS]	4820	1	Default Executor Pool ...                                             [Stopped]
2023-11-17	08:59:59.519200700	1700182799519	[SYS]	4820	1	Default Log Manager ...                                               [Stopped]
D:\projects\svn_repo\default\go\xeno\output\xeno\bin\kadamony.exefull spec:
Short Args Specs:
Target Spec:
	<nil spec>
Full Input:
Targets List:

GoExecutorPool:
	Worker Count: 0
	Shutting Down: false
2023-11-17	09:01:39.488945900	1700182899488	[SYS]	7272	1	Zohar Core Initializing ...                                           [Success]
2023-11-17	09:01:39.488945900	1700182899488	[SYS]	7272	1	Starting Default Log Manager  ...                                     [Success]
2023-11-17	09:01:39.488945900	1700182899488	[SYS]	7272	1	Starting Default Executor Pool ...                                    [Success]
2023-11-17	09:01:39.488945900	1700182899488	[SYS]	7272	1	Starting Default Timer Manager ...                                    [Success]
2023-11-17	09:01:39.488945900	1700182899488	[SYS]	7272	1	Zohar Framework Initializing ... 
2023-11-17	09:01:39.489949100	1700182899489	[SYS]	7272	1	Initialize Intrinsic Services ...                                     [Success]
2023-11-17	09:01:39.489949100	1700182899489	[SYS]	7272	1	Starting Intrinsic Services ...                                       [Success]
2023-11-17	09:03:25.927220400	1700183005927	[SYS]	7272	20	Catch Sig interrupt
2023-11-17	09:03:25.927220400	1700183005927	[SYS]	7272	20	Stopping Intrinsic Services
2023-11-17	09:03:25.927220400	1700183005927	[SYS]	7272	1	Intrinsic Services ...                                                [Stopped]
2023-11-17	09:03:25.927220400	1700183005927	[ERROR]	7272	7	File Watcher Stopped
2023-11-17	09:03:25.927220400	1700183005927	[SYS]	7272	20	Stopping Default Timer Manager ... 
2023-11-17	09:03:25.927220400	1700183005927	[SYS]	7272	20	Stopping Default Executor Pool 
2023-11-17	09:03:25.927220400	1700183005927	[SYS]	7272	20	Stopping Default Log Manager 
2023-11-17	09:03:25.929225400	1700183005929	[SYS]	7272	1	Default Timer Manager...                                              [Stopped]
2023-11-17	09:03:25.929225400	1700183005929	[SYS]	7272	1	Default Executor Pool ...                                             [Stopped]
2023-11-17	09:03:25.929225400	1700183005929	[SYS]	7272	1	Default Log Manager ...                                               [Stopped]
D:\projects\svn_repo\default\go\xeno\output\xeno\bin\kadamony.exefull spec:
Short Args Specs:
Target Spec:
	<nil spec>
Full Input:
Targets List:

GoExecutorPool:
	Worker Count: 0
	Shutting Down: false
2023-11-17	09:20:02.683106300	1700184002683	[SYS]	7552	1	Zohar Core Initializing ...                                           [Success]
2023-11-17	09:20:02.683106300	1700184002683	[SYS]	7552	1	Starting Default Log Manager  ...                                     [Success]
2023-11-17	09:20:02.683607000	1700184002683	[SYS]	7552	1	Starting Default Executor Pool ...                                    [Success]
2023-11-17	09:20:02.683607000	1700184002683	[SYS]	7552	1	Starting Default Timer Manager ...                                    [Success]
2023-11-17	09:20:02.683607000	1700184002683	[SYS]	7552	1	Zohar Framework Initializing ... 
2023-11-17	09:20:02.684109100	1700184002684	[SYS]	7552	1	Initialize Intrinsic Services ...                                     [Success]
2023-11-17	09:20:02.684109100	1700184002684	[SYS]	7552	1	Starting Intrinsic Services ...                                       [Success]
2023-11-17	09:20:06.188630900	1700184006188	[SYS]	7552	7	Catch Sig interrupt
2023-11-17	09:20:06.188630900	1700184006188	[SYS]	7552	7	Stopping Intrinsic Services
2023-11-17	09:20:06.188630900	1700184006188	[SYS]	7552	1	Intrinsic Services ...                                                [Stopped]
2023-11-17	09:20:06.189131300	1700184006189	[ERROR]	7552	20	File Watcher Stopped
2023-11-17	09:20:06.189131300	1700184006189	[SYS]	7552	7	Stopping Default Timer Manager ... 
2023-11-17	09:20:06.189131300	1700184006189	[SYS]	7552	7	Stopping Default Executor Pool 
2023-11-17	09:20:06.189131300	1700184006189	[SYS]	7552	7	Stopping Default Log Manager 
2023-11-17	09:20:06.191137300	1700184006191	[SYS]	7552	1	Default Timer Manager...                                              [Stopped]
2023-11-17	09:20:06.191137300	1700184006191	[SYS]	7552	1	Default Executor Pool ...                                             [Stopped]
2023-11-17	09:20:06.191137300	1700184006191	[SYS]	7552	1	Default Log Manager ...                                               [Stopped]
D:\projects\svn_repo\default\go\xeno\output\xeno\bin\kadamony.exefull spec:
Short Args Specs:
Target Spec:
	<nil spec>
Full Input:
Targets List:

GoExecutorPool:
	Worker Count: 0
	Shutting Down: false
2023-11-17	09:20:08.232051900	1700184008232	[SYS]	1472	1	Zohar Core Initializing ...                                           [Success]
2023-11-17	09:20:08.232051900	1700184008232	[SYS]	1472	1	Starting Default Log Manager  ...                                     [Success]
2023-11-17	09:20:08.232051900	1700184008232	[SYS]	1472	1	Starting Default Executor Pool ...                                    [Success]
2023-11-17	09:20:08.232051900	1700184008232	[SYS]	1472	1	Starting Default Timer Manager ...                                    [Success]
2023-11-17	09:20:08.232051900	1700184008232	[SYS]	1472	1	Zohar Framework Initializing ... 
2023-11-17	09:20:08.233024100	1700184008233	[SYS]	1472	1	Initialize Intrinsic Services ...                                     [Success]
2023-11-17	09:20:08.233024100	1700184008233	[SYS]	1472	1	Starting Intrinsic Services ...                                       [Success]
2023-11-17	09:20:15.616532300	1700184015616	[SYS]	1472	7	Catch Sig interrupt
2023-11-17	09:20:15.616532300	1700184015616	[SYS]	1472	7	Stopping Intrinsic Services
2023-11-17	09:20:15.616532300	1700184015616	[SYS]	1472	1	Intrinsic Services ...                                                [Stopped]
2023-11-17	09:20:15.616532300	1700184015616	[ERROR]	1472	13	File Watcher Stopped
2023-11-17	09:20:15.616532300	1700184015616	[SYS]	1472	7	Stopping Default Timer Manager ... 
2023-11-17	09:20:15.617033700	1700184015617	[SYS]	1472	7	Stopping Default Executor Pool 
2023-11-17	09:20:15.617033700	1700184015617	[SYS]	1472	7	Stopping Default Log Manager 
2023-11-17	09:20:15.619565700	1700184015619	[SYS]	1472	1	Default Timer Manager...                                              [Stopped]
2023-11-17	09:20:15.619565700	1700184015619	[SYS]	1472	1	Default Executor Pool ...                                             [Stopped]
2023-11-17	09:20:15.619565700	1700184015619	[SYS]	1472	1	Default Log Manager ...                                               [Stopped]
D:\projects\svn_repo\default\go\xeno\output\xeno\bin\kadamony.exefull spec:
Short Args Specs:
Target Spec:
	<nil spec>
Full Input:
Targets List:

GoExecutorPool:
	Worker Count: 0
	Shutting Down: false
2023-11-17	09:20:16.991301700	1700184016991	[SYS]	7796	1	Zohar Core Initializing ...                                           [Success]
2023-11-17	09:20:16.991301700	1700184016991	[SYS]	7796	1	Starting Default Log Manager  ...                                     [Success]
2023-11-17	09:20:16.991301700	1700184016991	[SYS]	7796	1	Starting Default Executor Pool ...                                    [Success]
2023-11-17	09:20:16.991301700	1700184016991	[SYS]	7796	1	Starting Default Timer Manager ...                                    [Success]
2023-11-17	09:20:16.991802700	1700184016991	[SYS]	7796	1	Zohar Framework Initializing ... 
2023-11-17	09:20:16.992303800	1700184016992	[SYS]	7796	1	Initialize Intrinsic Services ...                                     [Success]
2023-11-17	09:20:16.992303800	1700184016992	[SYS]	7796	1	Starting Intrinsic Services ...                                       [Success]
2023-11-17	09:22:10.141178100	1700184130141	[SYS]	7796	20	Catch Sig interrupt
2023-11-17	09:22:10.141178100	1700184130141	[SYS]	7796	20	Stopping Intrinsic Services
2023-11-17	09:22:10.141178100	1700184130141	[SYS]	7796	1	Intrinsic Services ...                                                [Stopped]
2023-11-17	09:22:10.141178100	1700184130141	[SYS]	7796	20	Stopping Default Timer Manager ... 
2023-11-17	09:22:10.141178100	1700184130141	[SYS]	7796	20	Stopping Default Executor Pool 
2023-11-17	09:22:10.141178100	1700184130141	[SYS]	7796	20	Stopping Default Log Manager 
2023-11-17	09:22:10.141178100	1700184130141	[ERROR]	7796	28	File Watcher Stopped
2023-11-17	09:22:10.141678800	1700184130141	[SYS]	7796	1	Default Timer Manager...                                              [Stopped]
2023-11-17	09:22:10.141678800	1700184130141	[SYS]	7796	1	Default Executor Pool ...                                             [Stopped]
2023-11-17	09:22:10.141678800	1700184130141	[SYS]	7796	1	Default Log Manager ...                                               [Stopped]
D:\projects\svn_repo\default\go\xeno\output\xeno\bin\kadamony.exefull spec:
Short Args Specs:
Target Spec:
	<nil spec>
Full Input:
Targets List:

GoExecutorPool:
	Worker Count: 0
	Shutting Down: false
2023-11-17	09:22:12.26702400	1700184132026	[SYS]	6028	1	Zohar Core Initializing ...                                           [Success]
2023-11-17	09:22:12.26702400	1700184132026	[SYS]	6028	1	Starting Default Log Manager  ...                                     [Success]
2023-11-17	09:22:12.26702400	1700184132026	[SYS]	6028	1	Starting Default Executor Pool ...                                    [Success]
2023-11-17	09:22:12.27202800	1700184132027	[SYS]	6028	1	Starting Default Timer Manager ...                                    [Success]
2023-11-17	09:22:12.27202800	1700184132027	[SYS]	6028	1	Zohar Framework Initializing ... 
2023-11-17	09:22:12.27705200	1700184132027	[SYS]	6028	1	Initialize Intrinsic Services ...                                     [Success]
2023-11-17	09:22:12.28205600	1700184132028	[SYS]	6028	1	Starting Intrinsic Services ...                                       [Success]
2023-11-17	09:22:16.23969600	1700184136023	[SYS]	6028	20	Catch Sig interrupt
2023-11-17	09:22:16.23969600	1700184136023	[SYS]	6028	20	Stopping Intrinsic Services
2023-11-17	09:22:16.23969600	1700184136023	[SYS]	6028	1	Intrinsic Services ...                                                [Stopped]
2023-11-17	09:22:16.23969600	1700184136023	[SYS]	6028	20	Stopping Default Timer Manager ... 
2023-11-17	09:22:16.23969600	1700184136023	[SYS]	6028	20	Stopping Default Executor Pool 
2023-11-17	09:22:16.23969600	1700184136023	[SYS]	6028	20	Stopping Default Log Manager 
2023-11-17	09:22:16.23969600	1700184136023	[ERROR]	6028	7	File Watcher Stopped
2023-11-17	09:22:16.26102600	1700184136026	[SYS]	6028	1	Default Timer Manager...                                              [Stopped]
2023-11-17	09:22:16.26102600	1700184136026	[SYS]	6028	1	Default Executor Pool ...                                             [Stopped]
2023-11-17	09:22:16.26102600	1700184136026	[SYS]	6028	1	Default Log Manager ...                                               [Stopped]
D:\projects\svn_repo\default\go\xeno\output\xeno\bin\kadamony.exefull spec:
Short Args Specs:
Target Spec:
	<nil spec>
Full Input:
Targets List:

GoExecutorPool:
	Worker Count: 0
	Shutting Down: false
2023-11-17	09:22:18.38511800	1700184138038	[SYS]	12124	1	Zohar Core Initializing ...                                           [Success]
2023-11-17	09:22:18.38511800	1700184138038	[SYS]	12124	1	Starting Default Log Manager  ...                                     [Success]
2023-11-17	09:22:18.38511800	1700184138038	[SYS]	12124	1	Starting Default Executor Pool ...                                    [Success]
2023-11-17	09:22:18.38511800	1700184138038	[SYS]	12124	1	Starting Default Timer Manager ...                                    [Success]
2023-11-17	09:22:18.38511800	1700184138038	[SYS]	12124	1	Zohar Framework Initializing ... 
2023-11-17	09:22:18.38984900	1700184138038	[SYS]	12124	1	Initialize Intrinsic Services ...                                     [Success]
2023-11-17	09:22:18.38984900	1700184138038	[SYS]	12124	1	Starting Intrinsic Services ...                                       [Success]
2023-11-17	09:22:57.159823700	1700184177159	[SYS]	12124	7	Catch Sig interrupt
2023-11-17	09:22:57.160324800	1700184177160	[SYS]	12124	7	Stopping Intrinsic Services
2023-11-17	09:22:57.160324800	1700184177160	[SYS]	12124	1	Intrinsic Services ...                                                [Stopped]
2023-11-17	09:22:57.160324800	1700184177160	[ERROR]	12124	18	File Watcher Stopped
2023-11-17	09:22:57.160324800	1700184177160	[SYS]	12124	7	Stopping Default Timer Manager ... 
2023-11-17	09:22:57.160324800	1700184177160	[SYS]	12124	7	Stopping Default Executor Pool 
2023-11-17	09:22:57.160324800	1700184177160	[SYS]	12124	7	Stopping Default Log Manager 
2023-11-17	09:22:57.163361000	1700184177163	[SYS]	12124	1	Default Timer Manager...                                              [Stopped]
2023-11-17	09:22:57.163361000	1700184177163	[SYS]	12124	1	Default Executor Pool ...                                             [Stopped]
2023-11-17	09:22:57.163361000	1700184177163	[SYS]	12124	1	Default Log Manager ...                                               [Stopped]
D:\projects\svn_repo\default\go\xeno\output\xeno\bin\kadamony.exefull spec:
Short Args Specs:
Target Spec:
	<nil spec>
Full Input:
Targets List:

GoExecutorPool:
	Worker Count: 0
	Shutting Down: false
2023-11-17	09:23:04.254499400	1700184184254	[SYS]	7888	1	Zohar Core Initializing ...                                           [Success]
2023-11-17	09:23:04.254499400	1700184184254	[SYS]	7888	1	Starting Default Log Manager  ...                                     [Success]
2023-11-17	09:23:04.254499400	1700184184254	[SYS]	7888	1	Starting Default Executor Pool ...                                    [Success]
2023-11-17	09:23:04.254499400	1700184184254	[SYS]	7888	1	Starting Default Timer Manager ...                                    [Success]
2023-11-17	09:23:04.254972100	1700184184254	[SYS]	7888	1	Zohar Framework Initializing ... 
2023-11-17	09:23:04.255473200	1700184184255	[SYS]	7888	1	Initialize Intrinsic Services ...                                     [Success]
2023-11-17	09:23:04.255473200	1700184184255	[SYS]	7888	1	Starting Intrinsic Services ...                                       [Success]
2023-11-17	09:23:11.875021300	1700184191875	[SYS]	7888	7	Catch Sig interrupt
2023-11-17	09:23:11.875021300	1700184191875	[SYS]	7888	7	Stopping Intrinsic Services
2023-11-17	09:23:11.875021300	1700184191875	[ERROR]	7888	20	File Watcher Stopped
2023-11-17	09:23:11.875021300	1700184191875	[SYS]	7888	7	Stopping Default Timer Manager ... 
2023-11-17	09:23:11.875021300	1700184191875	[SYS]	7888	7	Stopping Default Executor Pool 
2023-11-17	09:23:11.875021300	1700184191875	[SYS]	7888	1	Intrinsic Services ...                                                [Stopped]
2023-11-17	09:23:11.875021300	1700184191875	[SYS]	7888	7	Stopping Default Log Manager 
2023-11-17	09:23:11.878076900	1700184191878	[SYS]	7888	1	Default Timer Manager...                                              [Stopped]
2023-11-17	09:23:11.878076900	1700184191878	[SYS]	7888	1	Default Executor Pool ...                                             [Stopped]
2023-11-17	09:23:11.878076900	1700184191878	[SYS]	7888	1	Default Log Manager ...                                               [Stopped]
D:\projects\svn_repo\default\go\xeno\output\xeno\bin\kadamony.exefull spec:
Short Args Specs:
Target Spec:
	<nil spec>
Full Input:
Targets List:

GoExecutorPool:
	Worker Count: 0
	Shutting Down: false
2023-11-17	09:24:37.681045600	1700184277681	[SYS]	11568	1	Zohar Core Initializing ...                                           [Success]
2023-11-17	09:24:37.681045600	1700184277681	[SYS]	11568	1	Starting Default Log Manager  ...                                     [Success]
2023-11-17	09:24:37.681546400	1700184277681	[SYS]	11568	1	Starting Default Executor Pool ...                                    [Success]
2023-11-17	09:24:37.681546400	1700184277681	[SYS]	11568	1	Starting Default Timer Manager ...                                    [Success]
2023-11-17	09:24:37.681546400	1700184277681	[SYS]	11568	1	Zohar Framework Initializing ... 
2023-11-17	09:24:37.682047800	1700184277682	[SYS]	11568	1	Initialize Intrinsic Services ...                                     [Success]
2023-11-17	09:24:37.682047800	1700184277682	[SYS]	11568	1	Starting Intrinsic Services ...                                       [Success]
2023-11-17	09:43:23.875122700	1700185403875	[SYS]	11568	7	Catch Sig interrupt
2023-11-17	09:43:23.875122700	1700185403875	[SYS]	11568	7	Stopping Intrinsic Services
2023-11-17	09:43:23.875624100	1700185403875	[SYS]	11568	1	Intrinsic Services ...                                                [Stopped]
2023-11-17	09:43:23.875624100	1700185403875	[ERROR]	11568	15	File Watcher Stopped
2023-11-17	09:43:23.875624100	1700185403875	[SYS]	11568	7	Stopping Default Timer Manager ... 
2023-11-17	09:43:23.875624100	1700185403875	[SYS]	11568	7	Stopping Default Executor Pool 
2023-11-17	09:43:23.875624100	1700185403875	[SYS]	11568	7	Stopping Default Log Manager 
2023-11-17	09:43:23.878137000	1700185403878	[SYS]	11568	1	Default Timer Manager...                                              [Stopped]
2023-11-17	09:43:23.878137000	1700185403878	[SYS]	11568	1	Default Executor Pool ...                                             [Stopped]
2023-11-17	09:43:23.878137000	1700185403878	[SYS]	11568	1	Default Log Manager ...                                               [Stopped]
D:\projects\svn_repo\default\go\xeno\output\xeno\bin\kadamony.exefull spec:
Short Args Specs:
Target Spec:
	<nil spec>
Full Input:
Targets List:

GoExecutorPool:
	Worker Count: 0
	Shutting Down: false
2023-11-17	09:43:39.20524900	1700185419020	[SYS]	11148	1	Zohar Core Initializing ...                                           [Success]
2023-11-17	09:43:39.20524900	1700185419020	[SYS]	11148	1	Starting Default Log Manager  ...                                     [Success]
2023-11-17	09:43:39.20524900	1700185419020	[SYS]	11148	1	Starting Default Executor Pool ...                                    [Success]
2023-11-17	09:43:39.20524900	1700185419020	[SYS]	11148	1	Starting Default Timer Manager ...                                    [Success]
2023-11-17	09:43:39.20524900	1700185419020	[SYS]	11148	1	Zohar Framework Initializing ... 
2023-11-17	09:43:39.21520900	1700185419021	[SYS]	11148	1	Initialize Intrinsic Services ...                                     [Success]
2023-11-17	09:43:39.21520900	1700185419021	[SYS]	11148	1	Starting Intrinsic Services ...                                       [Success]
D:\projects\svn_repo\default\go\xeno\output\xeno\bin\kadamony.exefull spec:
Short Args Specs:
Target Spec:
	<nil spec>
Full Input:
Targets List:

GoExecutorPool:
	Worker Count: 0
	Shutting Down: false
2023-11-17	09:55:01.238440000	1700186101238	[SYS]	12332	1	Zohar Core Initializing ...                                           [Success]
2023-11-17	09:55:01.238440000	1700186101238	[SYS]	12332	1	Starting Default Log Manager  ...                                     [Success]
2023-11-17	09:55:01.238440000	1700186101238	[SYS]	12332	1	Starting Default Executor Pool ...                                    [Success]
2023-11-17	09:55:01.238941400	1700186101238	[SYS]	12332	1	Starting Default Timer Manager ...                                    [Success]
2023-11-17	09:55:01.238941400	1700186101238	[SYS]	12332	1	Zohar Framework Initializing ... 
2023-11-17	09:55:01.239442800	1700186101239	[SYS]	12332	1	Initialize Intrinsic Services ...                                     [Success]
2023-11-17	09:55:01.239442800	1700186101239	[SYS]	12332	1	Starting Intrinsic Services ...                                       [Success]
2023-11-17	09:55:59.448692200	1700186159448	[SYS]	12332	7	Catch Sig interrupt
2023-11-17	09:55:59.448692200	1700186159448	[SYS]	12332	7	Stopping Intrinsic Services
2023-11-17	09:55:59.448692200	1700186159448	[SYS]	12332	1	Intrinsic Services ...                                                [Stopped]
2023-11-17	09:55:59.449193600	1700186159449	[ERROR]	12332	20	File Watcher Stopped
2023-11-17	09:55:59.449193600	1700186159449	[SYS]	12332	7	Stopping Default Timer Manager ... 
2023-11-17	09:55:59.449193600	1700186159449	[SYS]	12332	7	Stopping Default Executor Pool 
2023-11-17	09:55:59.449193600	1700186159449	[SYS]	12332	7	Stopping Default Log Manager 
2023-11-17	09:55:59.450196400	1700186159450	[SYS]	12332	1	Default Timer Manager...                                              [Stopped]
2023-11-17	09:55:59.450196400	1700186159450	[SYS]	12332	1	Default Executor Pool ...                                             [Stopped]
2023-11-17	09:55:59.450196400	1700186159450	[SYS]	12332	1	Default Log Manager ...                                               [Stopped]
D:\projects\svn_repo\default\go\xeno\output\xeno\bin\kadamony.exefull spec:
Short Args Specs:
Target Spec:
	<nil spec>
Full Input:
Targets List:

GoExecutorPool:
	Worker Count: 0
	Shutting Down: false
2023-11-17	10:13:21.203578600	1700187201203	[SYS]	10212	1	Zohar Core Initializing ...                                           [Success]
2023-11-17	10:13:21.203578600	1700187201203	[SYS]	10212	1	Starting Default Log Manager  ...                                     [Success]
2023-11-17	10:13:21.203578600	1700187201203	[SYS]	10212	1	Starting Default Executor Pool ...                                    [Success]
2023-11-17	10:13:21.204079700	1700187201204	[SYS]	10212	1	Starting Default Timer Manager ...                                    [Success]
2023-11-17	10:13:21.204079700	1700187201204	[SYS]	10212	1	Zohar Framework Initializing ... 
2023-11-17	10:13:21.204581100	1700187201204	[SYS]	10212	1	Initialize Intrinsic Services ...                                     [Success]
2023-11-17	10:13:21.204581100	1700187201204	[SYS]	10212	1	Starting Intrinsic Services ...                                       [Success]
2023-11-17	10:13:47.637605200	1700187227637	[SYS]	10212	7	Catch Sig interrupt
2023-11-17	10:13:47.637605200	1700187227637	[SYS]	10212	7	Stopping Intrinsic Services
2023-11-17	10:13:47.637605200	1700187227637	[SYS]	10212	1	Intrinsic Services ...                                                [Stopped]
2023-11-17	10:13:47.637605200	1700187227637	[ERROR]	10212	20	File Watcher Stopped
2023-11-17	10:13:47.637605200	1700187227637	[SYS]	10212	7	Stopping Default Timer Manager ... 
2023-11-17	10:13:47.638106600	1700187227638	[SYS]	10212	7	Stopping Default Executor Pool 
2023-11-17	10:13:47.638106600	1700187227638	[SYS]	10212	7	Stopping Default Log Manager 
2023-11-17	10:13:47.640639600	1700187227640	[SYS]	10212	1	Default Timer Manager...                                              [Stopped]
2023-11-17	10:13:47.640639600	1700187227640	[SYS]	10212	1	Default Executor Pool ...                                             [Stopped]
2023-11-17	10:13:47.640639600	1700187227640	[SYS]	10212	1	Default Log Manager ...                                               [Stopped]
D:\projects\svn_repo\default\go\xeno\output\xeno\bin\kadamony.exefull spec:
Short Args Specs:
Target Spec:
	<nil spec>
Full Input:
Targets List:

GoExecutorPool:
	Worker Count: 0
	Shutting Down: false
2023-11-17	10:15:38.802422800	1700187338802	[SYS]	4896	1	Zohar Core Initializing ...                                           [Success]
2023-11-17	10:15:38.802422800	1700187338802	[SYS]	4896	1	Starting Default Log Manager  ...                                     [Success]
2023-11-17	10:15:38.802422800	1700187338802	[SYS]	4896	1	Starting Default Executor Pool ...                                    [Success]
2023-11-17	10:15:38.802422800	1700187338802	[SYS]	4896	1	Starting Default Timer Manager ...                                    [Success]
2023-11-17	10:15:38.802422800	1700187338802	[SYS]	4896	1	Zohar Framework Initializing ... 
2023-11-17	10:15:38.802924200	1700187338802	[SYS]	4896	1	Initialize Intrinsic Services ...                                     [Success]
2023-11-17	10:15:38.802924200	1700187338802	[SYS]	4896	1	Starting Intrinsic Services ...                                       [Success]
2023-11-17	10:16:52.155471700	1700187412155	[SYS]	4896	7	Catch Sig interrupt
2023-11-17	10:16:52.155947600	1700187412155	[SYS]	4896	7	Stopping Intrinsic Services
2023-11-17	10:16:52.155947600	1700187412155	[SYS]	4896	1	Intrinsic Services ...                                                [Stopped]
2023-11-17	10:16:52.155947600	1700187412155	[ERROR]	4896	20	File Watcher Stopped
2023-11-17	10:16:52.155947600	1700187412155	[SYS]	4896	7	Stopping Default Timer Manager ... 
2023-11-17	10:16:52.155947600	1700187412155	[SYS]	4896	7	Stopping Default Executor Pool 
2023-11-17	10:16:52.155947600	1700187412155	[SYS]	4896	7	Stopping Default Log Manager 
2023-11-17	10:16:52.159091900	1700187412159	[SYS]	4896	1	Default Timer Manager...                                              [Stopped]
2023-11-17	10:16:52.159091900	1700187412159	[SYS]	4896	1	Default Executor Pool ...                                             [Stopped]
2023-11-17	10:16:52.159091900	1700187412159	[SYS]	4896	1	Default Log Manager ...                                               [Stopped]
D:\projects\svn_repo\default\go\xeno\output\xeno\bin\kadamony.exefull spec:
Short Args Specs:
Target Spec:
	<nil spec>
Full Input:
Targets List:

GoExecutorPool:
	Worker Count: 0
	Shutting Down: false
2023-11-17	10:16:53.730778900	1700187413730	[SYS]	12432	1	Zohar Core Initializing ...                                           [Success]
2023-11-17	10:16:53.730778900	1700187413730	[SYS]	12432	1	Starting Default Log Manager  ...                                     [Success]
2023-11-17	10:16:53.730778900	1700187413730	[SYS]	12432	1	Starting Default Executor Pool ...                                    [Success]
2023-11-17	10:16:53.730778900	1700187413730	[SYS]	12432	1	Starting Default Timer Manager ...                                    [Success]
2023-11-17	10:16:53.730778900	1700187413730	[SYS]	12432	1	Zohar Framework Initializing ... 
2023-11-17	10:16:53.731308300	1700187413731	[SYS]	12432	1	Initialize Intrinsic Services ...                                     [Success]
2023-11-17	10:16:53.731308300	1700187413731	[SYS]	12432	1	Starting Intrinsic Services ...                                       [Success]
2023-11-17	10:17:58.923418600	1700187478923	[SYS]	12432	7	Catch Sig interrupt
2023-11-17	10:17:58.923418600	1700187478923	[SYS]	12432	7	Stopping Intrinsic Services
2023-11-17	10:17:58.923418600	1700187478923	[SYS]	12432	1	Intrinsic Services ...                                                [Stopped]
2023-11-17	10:17:58.923418600	1700187478923	[ERROR]	12432	20	File Watcher Stopped
2023-11-17	10:17:58.923418600	1700187478923	[SYS]	12432	7	Stopping Default Timer Manager ... 
2023-11-17	10:17:58.923418600	1700187478923	[SYS]	12432	7	Stopping Default Executor Pool 
2023-11-17	10:17:58.923911900	1700187478923	[SYS]	12432	7	Stopping Default Log Manager 
2023-11-17	10:17:58.923911900	1700187478923	[SYS]	12432	1	Default Timer Manager...                                              [Stopped]
2023-11-17	10:17:58.923911900	1700187478923	[SYS]	12432	1	Default Executor Pool ...                                             [Stopped]
2023-11-17	10:17:58.923911900	1700187478923	[SYS]	12432	1	Default Log Manager ...                                               [Stopped]
D:\projects\svn_repo\default\go\xeno\output\xeno\bin\kadamony.exefull spec:
Short Args Specs:
Target Spec:
	<nil spec>
Full Input:
Targets List:

GoExecutorPool:
	Worker Count: 0
	Shutting Down: false
2023-11-17	10:18:01.194470100	1700187481194	[SYS]	11304	1	Zohar Core Initializing ...                                           [Success]
2023-11-17	10:18:01.194470100	1700187481194	[SYS]	11304	1	Starting Default Log Manager  ...                                     [Success]
2023-11-17	10:18:01.194470100	1700187481194	[SYS]	11304	1	Starting Default Executor Pool ...                                    [Success]
2023-11-17	10:18:01.194971500	1700187481194	[SYS]	11304	1	Starting Default Timer Manager ...                                    [Success]
2023-11-17	10:18:01.194971500	1700187481194	[SYS]	11304	1	Zohar Framework Initializing ... 
2023-11-17	10:18:01.195974400	1700187481195	[SYS]	11304	1	Initialize Intrinsic Services ...                                     [Success]
2023-11-17	10:18:01.195974400	1700187481195	[SYS]	11304	1	Starting Intrinsic Services ...                                       [Success]
2023-11-17	10:18:15.191833300	1700187495191	[SYS]	11304	20	Catch Sig interrupt
2023-11-17	10:18:15.191833300	1700187495191	[SYS]	11304	20	Stopping Intrinsic Services
2023-11-17	10:18:15.191833300	1700187495191	[SYS]	11304	20	Stopping Default Timer Manager ... 
2023-11-17	10:18:15.191833300	1700187495191	[SYS]	11304	20	Stopping Default Executor Pool 
2023-11-17	10:18:15.191833300	1700187495191	[SYS]	11304	20	Stopping Default Log Manager 
2023-11-17	10:18:15.191833300	1700187495191	[ERROR]	11304	28	File Watcher Stopped
2023-11-17	10:18:15.221938200	1700187495221	[SYS]	11304	1	Intrinsic Services ...                                                [Stopped]
2023-11-17	10:18:15.221938200	1700187495221	[SYS]	11304	1	Default Timer Manager...                                              [Stopped]
2023-11-17	10:18:15.221938200	1700187495221	[SYS]	11304	1	Default Executor Pool ...                                             [Stopped]
2023-11-17	10:18:15.222440000	1700187495222	[SYS]	11304	1	Default Log Manager ...                                               [Stopped]
D:\projects\svn_repo\default\go\xeno\output\xeno\bin\kadamony.exefull spec:
Short Args Specs:
Target Spec:
	<nil spec>
Full Input:
Targets List:

GoExecutorPool:
	Worker Count: 0
	Shutting Down: false
2023-11-17	10:18:18.795377600	1700187498795	[SYS]	11092	1	Zohar Core Initializing ...                                           [Success]
2023-11-17	10:18:18.795377600	1700187498795	[SYS]	11092	1	Starting Default Log Manager  ...                                     [Success]
2023-11-17	10:18:18.795377600	1700187498795	[SYS]	11092	1	Starting Default Executor Pool ...                                    [Success]
2023-11-17	10:18:18.795887600	1700187498795	[SYS]	11092	1	Starting Default Timer Manager ...                                    [Success]
2023-11-17	10:18:18.795887600	1700187498795	[SYS]	11092	1	Zohar Framework Initializing ... 
2023-11-17	10:18:18.796380100	1700187498796	[SYS]	11092	1	Initialize Intrinsic Services ...                                     [Success]
2023-11-17	10:18:18.796881600	1700187498796	[SYS]	11092	1	Starting Intrinsic Services ...                                       [Success]
2023-11-17	10:20:22.762045400	1700187622762	[SYS]	11092	7	Catch Sig interrupt
2023-11-17	10:20:22.762045400	1700187622762	[SYS]	11092	7	Stopping Intrinsic Services
2023-11-17	10:20:22.762045400	1700187622762	[SYS]	11092	1	Intrinsic Services ...                                                [Stopped]
2023-11-17	10:20:22.762045400	1700187622762	[ERROR]	11092	20	File Watcher Stopped
2023-11-17	10:20:22.762045400	1700187622762	[SYS]	11092	7	Stopping Default Timer Manager ... 
2023-11-17	10:20:22.762045400	1700187622762	[SYS]	11092	7	Stopping Default Executor Pool 
2023-11-17	10:20:22.762045400	1700187622762	[SYS]	11092	7	Stopping Default Log Manager 
2023-11-17	10:20:22.765589500	1700187622765	[SYS]	11092	1	Default Timer Manager...                                              [Stopped]
2023-11-17	10:20:22.765589500	1700187622765	[SYS]	11092	1	Default Executor Pool ...                                             [Stopped]
2023-11-17	10:20:22.765589500	1700187622765	[SYS]	11092	1	Default Log Manager ...                                               [Stopped]
D:\projects\svn_repo\default\go\xeno\output\xeno\bin\kadamony.exefull spec:
Short Args Specs:
Target Spec:
	<nil spec>
Full Input:
Targets List:

GoExecutorPool:
	Worker Count: 0
	Shutting Down: false
2023-11-17	10:20:24.552343800	1700187624552	[SYS]	11260	1	Zohar Core Initializing ...                                           [Success]
2023-11-17	10:20:24.552343800	1700187624552	[SYS]	11260	1	Starting Default Log Manager  ...                                     [Success]
2023-11-17	10:20:24.552343800	1700187624552	[SYS]	11260	1	Starting Default Executor Pool ...                                    [Success]
2023-11-17	10:20:24.552845600	1700187624552	[SYS]	11260	1	Starting Default Timer Manager ...                                    [Success]
2023-11-17	10:20:24.552845600	1700187624552	[SYS]	11260	1	Zohar Framework Initializing ... 
2023-11-17	10:20:24.553346000	1700187624553	[SYS]	11260	1	Initialize Intrinsic Services ...                                     [Success]
2023-11-17	10:20:24.553346000	1700187624553	[SYS]	11260	1	Starting Intrinsic Services ...                                       [Success]
2023-11-17	10:23:47.610238100	1700187827610	[SYS]	11260	20	Catch Sig interrupt
2023-11-17	10:23:47.610238100	1700187827610	[SYS]	11260	20	Stopping Intrinsic Services
2023-11-17	10:23:47.610238100	1700187827610	[SYS]	11260	20	Stopping Default Timer Manager ... 
2023-11-17	10:23:47.610740200	1700187827610	[SYS]	11260	20	Stopping Default Executor Pool 
2023-11-17	10:23:47.610740200	1700187827610	[SYS]	11260	20	Stopping Default Log Manager 
2023-11-17	10:23:47.610238100	1700187827610	[ERROR]	11260	36	File Watcher Stopped
2023-11-17	10:23:47.622801900	1700187827622	[SYS]	11260	1	Intrinsic Services ...                                                [Stopped]
2023-11-17	10:23:47.622801900	1700187827622	[SYS]	11260	1	Default Timer Manager...                                              [Stopped]
2023-11-17	10:23:47.622801900	1700187827622	[SYS]	11260	1	Default Executor Pool ...                                             [Stopped]
2023-11-17	10:23:47.622801900	1700187827622	[SYS]	11260	1	Default Log Manager ...                                               [Stopped]
D:\projects\svn_repo\default\go\xeno\output\xeno\bin\kadamony.exefull spec:
Short Args Specs:
Target Spec:
	<nil spec>
Full Input:
Targets List:

GoExecutorPool:
	Worker Count: 0
	Shutting Down: false
2023-11-17	10:24:02.108938100	1700187842108	[SYS]	1744	1	Zohar Core Initializing ...                                           [Success]
2023-11-17	10:24:02.108938100	1700187842108	[SYS]	1744	1	Starting Default Log Manager  ...                                     [Success]
2023-11-17	10:24:02.108938100	1700187842108	[SYS]	1744	1	Starting Default Executor Pool ...                                    [Success]
2023-11-17	10:24:02.108938100	1700187842108	[SYS]	1744	1	Starting Default Timer Manager ...                                    [Success]
2023-11-17	10:24:02.108938100	1700187842108	[SYS]	1744	1	Zohar Framework Initializing ... 
2023-11-17	10:24:02.109439200	1700187842109	[SYS]	1744	1	Initialize Intrinsic Services ...                                     [Success]
2023-11-17	10:24:02.109941300	1700187842109	[SYS]	1744	1	Starting Intrinsic Services ...                                       [Success]
D:\projects\svn_repo\default\go\xeno\output\xeno\bin\kadamony.exefull spec:
Short Args Specs:
Target Spec:
	<nil spec>
Full Input:
Targets List:

GoExecutorPool:
	Worker Count: 0
	Shutting Down: false
2023-11-17	10:24:29.964609700	1700187869964	[SYS]	6168	1	Zohar Core Initializing ...                                           [Success]
2023-11-17	10:24:29.964609700	1700187869964	[SYS]	6168	1	Starting Default Log Manager  ...                                     [Success]
2023-11-17	10:24:29.964609700	1700187869964	[SYS]	6168	1	Starting Default Executor Pool ...                                    [Success]
2023-11-17	10:24:29.964609700	1700187869964	[SYS]	6168	1	Starting Default Timer Manager ...                                    [Success]
2023-11-17	10:24:29.964609700	1700187869964	[SYS]	6168	1	Zohar Framework Initializing ... 
2023-11-17	10:24:29.965111100	1700187869965	[SYS]	6168	1	Initialize Intrinsic Services ...                                     [Success]
2023-11-17	10:24:29.965111100	1700187869965	[SYS]	6168	1	Starting Intrinsic Services ...                                       [Success]
2023-11-17	10:25:05.788839100	1700187905788	[SYS]	6168	20	Catch Sig interrupt
2023-11-17	10:25:05.788839100	1700187905788	[SYS]	6168	20	Stopping Intrinsic Services
2023-11-17	10:25:05.788839100	1700187905788	[SYS]	6168	1	Intrinsic Services ...                                                [Stopped]
2023-11-17	10:25:05.789339100	1700187905789	[ERROR]	6168	36	File Watcher Stopped
2023-11-17	10:25:05.789339100	1700187905789	[SYS]	6168	20	Stopping Default Timer Manager ... 
2023-11-17	10:25:05.789339100	1700187905789	[SYS]	6168	20	Stopping Default Executor Pool 
2023-11-17	10:25:05.789339100	1700187905789	[SYS]	6168	20	Stopping Default Log Manager 
2023-11-17	10:25:05.791866000	1700187905791	[SYS]	6168	1	Default Timer Manager...                                              [Stopped]
2023-11-17	10:25:05.791866000	1700187905791	[SYS]	6168	1	Default Executor Pool ...                                             [Stopped]
2023-11-17	10:25:05.791866000	1700187905791	[SYS]	6168	1	Default Log Manager ...                                               [Stopped]
D:\projects\svn_repo\default\go\xeno\output\xeno\bin\kadamony.exefull spec:
Short Args Specs:
Target Spec:
	<nil spec>
Full Input:
Targets List:

GoExecutorPool:
	Worker Count: 0
	Shutting Down: false
2023-11-17	10:25:08.880339600	1700187908880	[SYS]	8200	1	Zohar Core Initializing ...                                           [Success]
2023-11-17	10:25:08.880339600	1700187908880	[SYS]	8200	1	Starting Default Log Manager  ...                                     [Success]
2023-11-17	10:25:08.880339600	1700187908880	[SYS]	8200	1	Starting Default Executor Pool ...                                    [Success]
2023-11-17	10:25:08.880339600	1700187908880	[SYS]	8200	1	Starting Default Timer Manager ...                                    [Success]
2023-11-17	10:25:08.880339600	1700187908880	[SYS]	8200	1	Zohar Framework Initializing ... 
2023-11-17	10:25:08.881316900	1700187908881	[SYS]	8200	1	Initialize Intrinsic Services ...                                     [Success]
2023-11-17	10:25:08.881316900	1700187908881	[SYS]	8200	1	Starting Intrinsic Services ...                                       [Success]
2023-11-17	10:25:45.887959600	1700187945887	[SYS]	8200	20	Catch Sig interrupt
2023-11-17	10:25:45.887959600	1700187945887	[SYS]	8200	20	Stopping Intrinsic Services
2023-11-17	10:25:45.888461000	1700187945888	[ERROR]	8200	7	File Watcher Stopped
2023-11-17	10:25:45.888461000	1700187945888	[SYS]	8200	20	Stopping Default Timer Manager ... 
2023-11-17	10:25:45.888461000	1700187945888	[SYS]	8200	20	Stopping Default Executor Pool 
2023-11-17	10:25:45.888962000	1700187945888	[SYS]	8200	20	Stopping Default Log Manager 
2023-11-17	10:25:45.909015400	1700187945909	[SYS]	8200	1	Intrinsic Services ...                                                [Stopped]
2023-11-17	10:25:45.909015400	1700187945909	[SYS]	8200	1	Default Timer Manager...                                              [Stopped]
2023-11-17	10:25:45.909015400	1700187945909	[SYS]	8200	1	Default Executor Pool ...                                             [Stopped]
2023-11-17	10:25:45.909015400	1700187945909	[SYS]	8200	1	Default Log Manager ...                                               [Stopped]
D:\projects\svn_repo\default\go\xeno\output\xeno\bin\kadamony.exefull spec:
Short Args Specs:
Target Spec:
	<nil spec>
Full Input:
Targets List:

GoExecutorPool:
	Worker Count: 0
	Shutting Down: false
2023-11-17	10:28:24.269847800	1700188104269	[SYS]	12036	1	Zohar Core Initializing ...                                           [Success]
2023-11-17	10:28:24.269847800	1700188104269	[SYS]	12036	1	Starting Default Log Manager  ...                                     [Success]
2023-11-17	10:28:24.269847800	1700188104269	[SYS]	12036	1	Starting Default Executor Pool ...                                    [Success]
2023-11-17	10:28:24.269847800	1700188104269	[SYS]	12036	1	Starting Default Timer Manager ...                                    [Success]
2023-11-17	10:28:24.269847800	1700188104269	[SYS]	12036	1	Zohar Framework Initializing ... 
2023-11-17	10:28:24.270349200	1700188104270	[SYS]	12036	1	Initialize Intrinsic Services ...                                     [Success]
2023-11-17	10:28:24.270349200	1700188104270	[SYS]	12036	1	Starting Intrinsic Services ...                                       [Success]
2023-11-17	10:38:07.996697400	1700188687996	[SYS]	12036	7	Catch Sig interrupt
2023-11-17	10:38:07.996697400	1700188687996	[SYS]	12036	7	Stopping Intrinsic Services
2023-11-17	10:38:07.996697400	1700188687996	[SYS]	12036	1	Intrinsic Services ...                                                [Stopped]
2023-11-17	10:38:07.996697400	1700188687996	[SYS]	12036	7	Stopping Default Timer Manager ... 
2023-11-17	10:38:07.996697400	1700188687996	[SYS]	12036	7	Stopping Default Executor Pool 
2023-11-17	10:38:07.996697400	1700188687996	[ERROR]	12036	15	File Watcher Stopped
2023-11-17	10:38:07.996697400	1700188687996	[SYS]	12036	7	Stopping Default Log Manager 
2023-11-17	10:38:07.998691500	1700188687998	[SYS]	12036	1	Default Timer Manager...                                              [Stopped]
2023-11-17	10:38:07.998691500	1700188687998	[SYS]	12036	1	Default Executor Pool ...                                             [Stopped]
2023-11-17	10:38:07.998691500	1700188687998	[SYS]	12036	1	Default Log Manager ...                                               [Stopped]
D:\projects\svn_repo\default\go\xeno\output\xeno\bin\kadamony.exefull spec:
Short Args Specs:
Target Spec:
	<nil spec>
Full Input:
Targets List:

GoExecutorPool:
	Worker Count: 0
	Shutting Down: false
2023-11-17	10:38:09.635471800	1700188689635	[SYS]	8008	1	Zohar Core Initializing ...                                           [Success]
2023-11-17	10:38:09.635972900	1700188689635	[SYS]	8008	1	Starting Default Log Manager  ...                                     [Success]
2023-11-17	10:38:09.635972900	1700188689635	[SYS]	8008	1	Starting Default Executor Pool ...                                    [Success]
2023-11-17	10:38:09.635972900	1700188689635	[SYS]	8008	1	Starting Default Timer Manager ...                                    [Success]
2023-11-17	10:38:09.635972900	1700188689635	[SYS]	8008	1	Zohar Framework Initializing ... 
2023-11-17	10:38:09.636474700	1700188689636	[SYS]	8008	1	Initialize Intrinsic Services ...                                     [Success]
2023-11-17	10:38:09.636474700	1700188689636	[SYS]	8008	1	Starting Intrinsic Services ...                                       [Success]
2023-11-17	10:38:11.132106800	1700188691132	[SYS]	8008	20	Catch Sig interrupt
2023-11-17	10:38:11.132106800	1700188691132	[SYS]	8008	20	Stopping Intrinsic Services
2023-11-17	10:38:11.132106800	1700188691132	[SYS]	8008	1	Intrinsic Services ...                                                [Stopped]
2023-11-17	10:38:11.132106800	1700188691132	[ERROR]	8008	5	File Watcher Stopped
2023-11-17	10:38:11.132106800	1700188691132	[SYS]	8008	20	Stopping Default Timer Manager ... 
2023-11-17	10:38:11.132106800	1700188691132	[SYS]	8008	20	Stopping Default Executor Pool 
2023-11-17	10:38:11.132106800	1700188691132	[SYS]	8008	20	Stopping Default Log Manager 
2023-11-17	10:38:11.135114600	1700188691135	[SYS]	8008	1	Default Timer Manager...                                              [Stopped]
2023-11-17	10:38:11.135114600	1700188691135	[SYS]	8008	1	Default Executor Pool ...                                             [Stopped]
2023-11-17	10:38:11.135114600	1700188691135	[SYS]	8008	1	Default Log Manager ...                                               [Stopped]
D:\projects\svn_repo\default\go\xeno\output\xeno\bin\kadamony.exefull spec:
Short Args Specs:
Target Spec:
	<nil spec>
Full Input:
Targets List:

GoExecutorPool:
	Worker Count: 0
	Shutting Down: false
2023-11-17	10:38:23.995466300	1700188703995	[SYS]	3132	1	Zohar Core Initializing ...                                           [Success]
2023-11-17	10:38:23.995466300	1700188703995	[SYS]	3132	1	Starting Default Log Manager  ...                                     [Success]
2023-11-17	10:38:23.995466300	1700188703995	[SYS]	3132	1	Starting Default Executor Pool ...                                    [Success]
2023-11-17	10:38:23.995971800	1700188703995	[SYS]	3132	1	Starting Default Timer Manager ...                                    [Success]
2023-11-17	10:38:23.995971800	1700188703995	[SYS]	3132	1	Zohar Framework Initializing ... 
2023-11-17	10:38:23.996970500	1700188703996	[SYS]	3132	1	Initialize Intrinsic Services ...                                     [Success]
2023-11-17	10:38:23.996970500	1700188703996	[SYS]	3132	1	Starting Intrinsic Services ...                                       [Success]
2023-11-17	10:39:22.946568900	1700188762946	[SYS]	3132	7	Catch Sig interrupt
2023-11-17	10:39:22.946568900	1700188762946	[SYS]	3132	7	Stopping Intrinsic Services
2023-11-17	10:39:22.946568900	1700188762946	[SYS]	3132	7	Stopping Default Timer Manager ... 
2023-11-17	10:39:22.946568900	1700188762946	[SYS]	3132	7	Stopping Default Executor Pool 
2023-11-17	10:39:22.946568900	1700188762946	[SYS]	3132	7	Stopping Default Log Manager 
2023-11-17	10:39:22.946568900	1700188762946	[ERROR]	3132	15	File Watcher Stopped
2023-11-17	10:39:22.977166700	1700188762977	[SYS]	3132	1	Intrinsic Services ...                                                [Stopped]
2023-11-17	10:39:22.977166700	1700188762977	[SYS]	3132	1	Default Timer Manager...                                              [Stopped]
2023-11-17	10:39:22.977166700	1700188762977	[SYS]	3132	1	Default Executor Pool ...                                             [Stopped]
2023-11-17	10:39:22.977166700	1700188762977	[SYS]	3132	1	Default Log Manager ...                                               [Stopped]
D:\projects\svn_repo\default\go\xeno\output\xeno\bin\kadamony.exefull spec:
Short Args Specs:
Target Spec:
	<nil spec>
Full Input:
Targets List:

GoExecutorPool:
	Worker Count: 0
	Shutting Down: false
2023-11-17	10:39:24.589187400	1700188764589	[SYS]	8160	1	Zohar Core Initializing ...                                           [Success]
2023-11-17	10:39:24.589187400	1700188764589	[SYS]	8160	1	Starting Default Log Manager  ...                                     [Success]
2023-11-17	10:39:24.589187400	1700188764589	[SYS]	8160	1	Starting Default Executor Pool ...                                    [Success]
2023-11-17	10:39:24.589187400	1700188764589	[SYS]	8160	1	Starting Default Timer Manager ...                                    [Success]
2023-11-17	10:39:24.589187400	1700188764589	[SYS]	8160	1	Zohar Framework Initializing ... 
2023-11-17	10:39:24.589689800	1700188764589	[SYS]	8160	1	Initialize Intrinsic Services ...                                     [Success]
2023-11-17	10:39:24.589689800	1700188764589	[SYS]	8160	1	Starting Intrinsic Services ...                                       [Success]
2023-11-17	10:39:41.990560600	1700188781990	[SYS]	8160	7	Catch Sig interrupt
2023-11-17	10:39:41.990560600	1700188781990	[SYS]	8160	7	Stopping Intrinsic Services
2023-11-17	10:39:41.990560600	1700188781990	[SYS]	8160	1	Intrinsic Services ...                                                [Stopped]
2023-11-17	10:39:41.991061400	1700188781991	[SYS]	8160	7	Stopping Default Timer Manager ... 
2023-11-17	10:39:41.991061400	1700188781991	[SYS]	8160	7	Stopping Default Executor Pool 
2023-11-17	10:39:41.991061400	1700188781991	[SYS]	8160	7	Stopping Default Log Manager 
2023-11-17	10:39:41.991061400	1700188781991	[ERROR]	8160	20	File Watcher Stopped
2023-11-17	10:39:41.992566000	1700188781992	[SYS]	8160	1	Default Timer Manager...                                              [Stopped]
2023-11-17	10:39:41.992566000	1700188781992	[SYS]	8160	1	Default Executor Pool ...                                             [Stopped]
2023-11-17	10:39:41.992566000	1700188781992	[SYS]	8160	1	Default Log Manager ...                                               [Stopped]
D:\projects\svn_repo\default\go\xeno\output\xeno\bin\kadamony.exefull spec:
Short Args Specs:
Target Spec:
	<nil spec>
Full Input:
Targets List:

GoExecutorPool:
	Worker Count: 0
	Shutting Down: false
2023-11-17	10:39:46.604077400	1700188786604	[SYS]	7080	1	Zohar Core Initializing ...                                           [Success]
2023-11-17	10:39:46.604077400	1700188786604	[SYS]	7080	1	Starting Default Log Manager  ...                                     [Success]
2023-11-17	10:39:46.604077400	1700188786604	[SYS]	7080	1	Starting Default Executor Pool ...                                    [Success]
2023-11-17	10:39:46.604578800	1700188786604	[SYS]	7080	1	Starting Default Timer Manager ...                                    [Success]
2023-11-17	10:39:46.604578800	1700188786604	[SYS]	7080	1	Zohar Framework Initializing ... 
2023-11-17	10:39:46.605080200	1700188786605	[SYS]	7080	1	Initialize Intrinsic Services ...                                     [Success]
2023-11-17	10:39:46.605080200	1700188786605	[SYS]	7080	1	Starting Intrinsic Services ...                                       [Success]
2023-11-17	10:40:02.177431800	1700188802177	[SYS]	7080	7	Catch Sig interrupt
2023-11-17	10:40:02.177431800	1700188802177	[SYS]	7080	7	Stopping Intrinsic Services
2023-11-17	10:40:02.177431800	1700188802177	[SYS]	7080	7	Stopping Default Timer Manager ... 
2023-11-17	10:40:02.177431800	1700188802177	[SYS]	7080	7	Stopping Default Executor Pool 
2023-11-17	10:40:02.177431800	1700188802177	[SYS]	7080	7	Stopping Default Log Manager 
2023-11-17	10:40:02.177431800	1700188802177	[ERROR]	7080	20	File Watcher Stopped
2023-11-17	10:40:02.190491500	1700188802190	[SYS]	7080	1	Intrinsic Services ...                                                [Stopped]
2023-11-17	10:40:02.190491500	1700188802190	[SYS]	7080	1	Default Timer Manager...                                              [Stopped]
2023-11-17	10:40:02.190491500	1700188802190	[SYS]	7080	1	Default Executor Pool ...                                             [Stopped]
2023-11-17	10:40:02.190491500	1700188802190	[SYS]	7080	1	Default Log Manager ...                                               [Stopped]
D:\projects\svn_repo\default\go\xeno\output\xeno\bin\kadamony.exefull spec:
Short Args Specs:
Target Spec:
	<nil spec>
Full Input:
Targets List:

GoExecutorPool:
	Worker Count: 0
	Shutting Down: false
2023-11-17	10:40:04.16448400	1700188804016	[SYS]	6324	1	Zohar Core Initializing ...                                           [Success]
2023-11-17	10:40:04.16448400	1700188804016	[SYS]	6324	1	Starting Default Log Manager  ...                                     [Success]
2023-11-17	10:40:04.16448400	1700188804016	[SYS]	6324	1	Starting Default Executor Pool ...                                    [Success]
2023-11-17	10:40:04.16448400	1700188804016	[SYS]	6324	1	Starting Default Timer Manager ...                                    [Success]
2023-11-17	10:40:04.16448400	1700188804016	[SYS]	6324	1	Zohar Framework Initializing ... 
2023-11-17	10:40:04.17425900	1700188804017	[SYS]	6324	1	Initialize Intrinsic Services ...                                     [Success]
2023-11-17	10:40:04.17425900	1700188804017	[SYS]	6324	1	Starting Intrinsic Services ...                                       [Success]
2023-11-17	10:40:28.610455200	1700188828610	[SYS]	6324	20	Catch Sig interrupt
2023-11-17	10:40:28.610455200	1700188828610	[SYS]	6324	20	Stopping Intrinsic Services
2023-11-17	10:40:28.610455200	1700188828610	[ERROR]	6324	36	File Watcher Stopped
2023-11-17	10:40:28.610455200	1700188828610	[SYS]	6324	20	Stopping Default Timer Manager ... 
2023-11-17	10:40:28.610945300	1700188828610	[SYS]	6324	20	Stopping Default Executor Pool 
2023-11-17	10:40:28.610945300	1700188828610	[SYS]	6324	20	Stopping Default Log Manager 
2023-11-17	10:40:28.634507600	1700188828634	[SYS]	6324	1	Intrinsic Services ...                                                [Stopped]
2023-11-17	10:40:28.634507600	1700188828634	[SYS]	6324	1	Default Timer Manager...                                              [Stopped]
2023-11-17	10:40:28.634507600	1700188828634	[SYS]	6324	1	Default Executor Pool ...                                             [Stopped]
2023-11-17	10:40:28.635009000	1700188828635	[SYS]	6324	1	Default Log Manager ...                                               [Stopped]
D:\projects\svn_repo\default\go\xeno\output\xeno\bin\kadamony.exefull spec:
Short Args Specs:
Target Spec:
	<nil spec>
Full Input:
Targets List:

GoExecutorPool:
	Worker Count: 0
	Shutting Down: false
2023-11-17	10:40:30.554940000	1700188830554	[SYS]	7236	1	Zohar Core Initializing ...                                           [Success]
2023-11-17	10:40:30.554940000	1700188830554	[SYS]	7236	1	Starting Default Log Manager  ...                                     [Success]
2023-11-17	10:40:30.554940000	1700188830554	[SYS]	7236	1	Starting Default Executor Pool ...                                    [Success]
2023-11-17	10:40:30.554940000	1700188830554	[SYS]	7236	1	Starting Default Timer Manager ...                                    [Success]
2023-11-17	10:40:30.554940000	1700188830554	[SYS]	7236	1	Zohar Framework Initializing ... 
2023-11-17	10:40:30.555942500	1700188830555	[SYS]	7236	1	Initialize Intrinsic Services ...                                     [Success]
2023-11-17	10:40:30.555942500	1700188830555	[SYS]	7236	1	Starting Intrinsic Services ...                                       [Success]
2023-11-17	10:43:47.522763500	1700189027522	[SYS]	7236	7	Catch Sig interrupt
2023-11-17	10:43:47.522763500	1700189027522	[SYS]	7236	7	Stopping Intrinsic Services
2023-11-17	10:43:47.522763500	1700189027522	[ERROR]	7236	18	File Watcher Stopped
2023-11-17	10:43:47.522763500	1700189027522	[SYS]	7236	7	Stopping Default Timer Manager ... 
2023-11-17	10:43:47.522763500	1700189027522	[SYS]	7236	7	Stopping Default Executor Pool 
2023-11-17	10:43:47.523766000	1700189027523	[SYS]	7236	7	Stopping Default Log Manager 
2023-11-17	10:43:47.552867800	1700189027552	[SYS]	7236	1	Intrinsic Services ...                                                [Stopped]
2023-11-17	10:43:47.552867800	1700189027552	[SYS]	7236	1	Default Timer Manager...                                              [Stopped]
2023-11-17	10:43:47.552867800	1700189027552	[SYS]	7236	1	Default Executor Pool ...                                             [Stopped]
2023-11-17	10:43:47.552867800	1700189027552	[SYS]	7236	1	Default Log Manager ...                                               [Stopped]
D:\projects\svn_repo\default\go\xeno\output\xeno\bin\kadamony.exefull spec:
Short Args Specs:
Target Spec:
	<nil spec>
Full Input:
Targets List:

GoExecutorPool:
	Worker Count: 0
	Shutting Down: false
2023-11-17	10:50:02.387165800	1700189402387	[SYS]	9584	1	Zohar Core Initializing ...                                           [Success]
2023-11-17	10:50:02.387165800	1700189402387	[SYS]	9584	1	Starting Default Log Manager  ...                                     [Success]
2023-11-17	10:50:02.387165800	1700189402387	[SYS]	9584	1	Starting Default Executor Pool ...                                    [Success]
2023-11-17	10:50:02.387165800	1700189402387	[SYS]	9584	1	Starting Default Timer Manager ...                                    [Success]
2023-11-17	10:50:02.387165800	1700189402387	[SYS]	9584	1	Zohar Framework Initializing ... 
2023-11-17	10:50:02.388169300	1700189402388	[SYS]	9584	1	Initialize Intrinsic Services ...                                     [Success]
2023-11-17	10:50:02.388169300	1700189402388	[SYS]	9584	1	Starting Intrinsic Services ...                                       [Success]
2023-11-17	10:50:16.179833400	1700189416179	[SYS]	9584	20	Catch Sig interrupt
2023-11-17	10:50:16.179833400	1700189416179	[SYS]	9584	20	Stopping Intrinsic Services
2023-11-17	10:50:16.179833400	1700189416179	[SYS]	9584	1	Intrinsic Services ...                                                [Stopped]
2023-11-17	10:50:16.179833400	1700189416179	[ERROR]	9584	28	File Watcher Stopped
2023-11-17	10:50:16.179833400	1700189416179	[SYS]	9584	20	Stopping Default Timer Manager ... 
2023-11-17	10:50:16.179833400	1700189416179	[SYS]	9584	20	Stopping Default Executor Pool 
2023-11-17	10:50:16.179833400	1700189416179	[SYS]	9584	20	Stopping Default Log Manager 
2023-11-17	10:50:16.182816000	1700189416182	[SYS]	9584	1	Default Timer Manager...                                              [Stopped]
2023-11-17	10:50:16.182816000	1700189416182	[SYS]	9584	1	Default Executor Pool ...                                             [Stopped]
2023-11-17	10:50:16.182816000	1700189416182	[SYS]	9584	1	Default Log Manager ...                                               [Stopped]
D:\projects\svn_repo\default\go\xeno\output\xeno\bin\kadamony.exefull spec:
Short Args Specs:
Target Spec:
	<nil spec>
Full Input:
Targets List:

GoExecutorPool:
	Worker Count: 0
	Shutting Down: false
2023-11-17	10:50:18.515744700	1700189418515	[SYS]	8428	1	Zohar Core Initializing ...                                           [Success]
2023-11-17	10:50:18.515744700	1700189418515	[SYS]	8428	1	Starting Default Log Manager  ...                                     [Success]
2023-11-17	10:50:18.515744700	1700189418515	[SYS]	8428	1	Starting Default Executor Pool ...                                    [Success]
2023-11-17	10:50:18.515744700	1700189418515	[SYS]	8428	1	Starting Default Timer Manager ...                                    [Success]
2023-11-17	10:50:18.515744700	1700189418515	[SYS]	8428	1	Zohar Framework Initializing ... 
2023-11-17	10:50:18.516747500	1700189418516	[SYS]	8428	1	Initialize Intrinsic Services ...                                     [Success]
2023-11-17	10:50:18.516747500	1700189418516	[SYS]	8428	1	Starting Intrinsic Services ...                                       [Success]
2023-11-17	10:50:35.169733000	1700189435169	[SYS]	8428	20	Catch Sig interrupt
2023-11-17	10:50:35.169733000	1700189435169	[SYS]	8428	20	Stopping Intrinsic Services
2023-11-17	10:50:35.170707500	1700189435170	[ERROR]	8428	26	File Watcher Stopped
2023-11-17	10:50:35.170707500	1700189435170	[SYS]	8428	20	Stopping Default Timer Manager ... 
2023-11-17	10:50:35.170707500	1700189435170	[SYS]	8428	20	Stopping Default Executor Pool 
2023-11-17	10:50:35.170707500	1700189435170	[SYS]	8428	20	Stopping Default Log Manager 
2023-11-17	10:50:35.174742700	1700189435174	[SYS]	8428	1	Intrinsic Services ...                                                [Stopped]
2023-11-17	10:50:35.174742700	1700189435174	[SYS]	8428	1	Default Timer Manager...                                              [Stopped]
2023-11-17	10:50:35.174742700	1700189435174	[SYS]	8428	1	Default Executor Pool ...                                             [Stopped]
2023-11-17	10:50:35.174742700	1700189435174	[SYS]	8428	1	Default Log Manager ...                                               [Stopped]
D:\projects\svn_repo\default\go\xeno\output\xeno\bin\kadamony.exefull spec:
Short Args Specs:
Target Spec:
	<nil spec>
Full Input:
Targets List:

GoExecutorPool:
	Worker Count: 0
	Shutting Down: false
2023-11-17	10:50:41.135250800	1700189441135	[SYS]	8976	1	Zohar Core Initializing ...                                           [Success]
2023-11-17	10:50:41.135250800	1700189441135	[SYS]	8976	1	Starting Default Log Manager  ...                                     [Success]
2023-11-17	10:50:41.135250800	1700189441135	[SYS]	8976	1	Starting Default Executor Pool ...                                    [Success]
2023-11-17	10:50:41.135250800	1700189441135	[SYS]	8976	1	Starting Default Timer Manager ...                                    [Success]
2023-11-17	10:50:41.135250800	1700189441135	[SYS]	8976	1	Zohar Framework Initializing ... 
2023-11-17	10:50:41.135250800	1700189441135	[SYS]	8976	1	Initialize Intrinsic Services ...                                     [Success]
2023-11-17	10:50:41.136254000	1700189441136	[SYS]	8976	1	Starting Intrinsic Services ...                                       [Success]
2023-11-17	10:50:55.349662800	1700189455349	[SYS]	8976	20	Catch Sig interrupt
2023-11-17	10:50:55.349662800	1700189455349	[SYS]	8976	20	Stopping Intrinsic Services
2023-11-17	10:50:55.349662800	1700189455349	[SYS]	8976	1	Intrinsic Services ...                                                [Stopped]
2023-11-17	10:50:55.349662800	1700189455349	[ERROR]	8976	28	File Watcher Stopped
2023-11-17	10:50:55.349662800	1700189455349	[SYS]	8976	20	Stopping Default Timer Manager ... 
2023-11-17	10:50:55.349662800	1700189455349	[SYS]	8976	20	Stopping Default Executor Pool 
2023-11-17	10:50:55.349662800	1700189455349	[SYS]	8976	20	Stopping Default Log Manager 
2023-11-17	10:50:55.352669600	1700189455352	[SYS]	8976	1	Default Timer Manager...                                              [Stopped]
2023-11-17	10:50:55.352669600	1700189455352	[SYS]	8976	1	Default Executor Pool ...                                             [Stopped]
2023-11-17	10:50:55.352669600	1700189455352	[SYS]	8976	1	Default Log Manager ...                                               [Stopped]
D:\projects\svn_repo\default\go\xeno\output\xeno\bin\kadamony.exefull spec:
Short Args Specs:
Target Spec:
	<nil spec>
Full Input:
Targets List:

GoExecutorPool:
	Worker Count: 0
	Shutting Down: false
2023-11-17	13:25:40.946796200	1700198740946	[SYS]	7652	1	Zohar Core Initializing ...                                           [Success]
2023-11-17	13:25:40.946796200	1700198740946	[SYS]	7652	1	Starting Default Log Manager  ...                                     [Success]
2023-11-17	13:25:40.946796200	1700198740946	[SYS]	7652	1	Starting Default Executor Pool ...                                    [Success]
2023-11-17	13:25:40.946796200	1700198740946	[SYS]	7652	1	Starting Default Timer Manager ...                                    [Success]
2023-11-17	13:25:40.946796200	1700198740946	[SYS]	7652	1	Zohar Framework Initializing ... 
2023-11-17	13:25:40.947297600	1700198740947	[SYS]	7652	1	Initialize Intrinsic Services ...                                     [Success]
2023-11-17	13:25:40.947297600	1700198740947	[SYS]	7652	1	Starting Intrinsic Services ...                                       [Success]
2023-11-17	13:25:43.934573400	1700198743934	[SYS]	7652	7	Catch Sig interrupt
2023-11-17	13:25:43.934573400	1700198743934	[SYS]	7652	7	Stopping Intrinsic Services
2023-11-17	13:25:43.934573400	1700198743934	[SYS]	7652	1	Intrinsic Services ...                                                [Stopped]
2023-11-17	13:25:43.934573400	1700198743934	[ERROR]	7652	20	File Watcher Stopped
2023-11-17	13:25:43.934573400	1700198743934	[SYS]	7652	7	Stopping Default Timer Manager ... 
2023-11-17	13:25:43.934573400	1700198743934	[SYS]	7652	7	Stopping Default Executor Pool 
2023-11-17	13:25:43.934573400	1700198743934	[SYS]	7652	7	Stopping Default Log Manager 
2023-11-17	13:25:43.936076600	1700198743936	[SYS]	7652	1	Default Timer Manager...                                              [Stopped]
2023-11-17	13:25:43.936076600	1700198743936	[SYS]	7652	1	Default Executor Pool ...                                             [Stopped]
2023-11-17	13:25:43.936076600	1700198743936	[SYS]	7652	1	Default Log Manager ...                                               [Stopped]
D:\projects\svn_repo\default\go\xeno\output\xeno\bin\kadamony.exefull spec:
Short Args Specs:
Target Spec:
	<nil spec>
Full Input:
Targets List:

GoExecutorPool:
	Worker Count: 0
	Shutting Down: false
2023-11-17	13:26:44.355150400	1700198804355	[SYS]	10420	1	Zohar Core Initializing ...                                           [Success]
2023-11-17	13:26:44.355150400	1700198804355	[SYS]	10420	1	Starting Default Log Manager  ...                                     [Success]
2023-11-17	13:26:44.355150400	1700198804355	[SYS]	10420	1	Starting Default Executor Pool ...                                    [Success]
2023-11-17	13:26:44.355150400	1700198804355	[SYS]	10420	1	Starting Default Timer Manager ...                                    [Success]
2023-11-17	13:26:44.355150400	1700198804355	[SYS]	10420	1	Zohar Framework Initializing ... 
2023-11-17	13:26:44.355652200	1700198804355	[SYS]	10420	1	Initialize Intrinsic Services ...                                     [Success]
2023-11-17	13:26:44.355652200	1700198804355	[SYS]	10420	1	Starting Intrinsic Services ...                                       [Success]
2023-11-17	13:27:02.685448200	1700198822685	[SYS]	10420	7	Catch Sig interrupt
2023-11-17	13:27:02.685949600	1700198822685	[SYS]	10420	7	Stopping Intrinsic Services
2023-11-17	13:27:02.685949600	1700198822685	[ERROR]	10420	15	File Watcher Stopped
2023-11-17	13:27:02.685949600	1700198822685	[SYS]	10420	7	Stopping Default Timer Manager ... 
2023-11-17	13:27:02.685949600	1700198822685	[SYS]	10420	7	Stopping Default Executor Pool 
2023-11-17	13:27:02.685949600	1700198822685	[SYS]	10420	7	Stopping Default Log Manager 
2023-11-17	13:27:02.685949600	1700198822685	[SYS]	10420	1	Intrinsic Services ...                                                [Stopped]
2023-11-17	13:27:02.687454900	1700198822687	[SYS]	10420	1	Default Timer Manager...                                              [Stopped]
2023-11-17	13:27:02.687454900	1700198822687	[SYS]	10420	1	Default Executor Pool ...                                             [Stopped]
2023-11-17	13:27:02.687454900	1700198822687	[SYS]	10420	1	Default Log Manager ...                                               [Stopped]
D:\projects\svn_repo\default\go\xeno\output\xeno\bin\kadamony.exefull spec:
Short Args Specs:
Target Spec:
	<nil spec>
Full Input:
Targets List:

GoExecutorPool:
	Worker Count: 0
	Shutting Down: false
2023-11-17	13:27:04.434531300	1700198824434	[SYS]	1692	1	Zohar Core Initializing ...                                           [Success]
2023-11-17	13:27:04.434531300	1700198824434	[SYS]	1692	1	Starting Default Log Manager  ...                                     [Success]
2023-11-17	13:27:04.434531300	1700198824434	[SYS]	1692	1	Starting Default Executor Pool ...                                    [Success]
2023-11-17	13:27:04.434531300	1700198824434	[SYS]	1692	1	Starting Default Timer Manager ...                                    [Success]
2023-11-17	13:27:04.434531300	1700198824434	[SYS]	1692	1	Zohar Framework Initializing ... 
2023-11-17	13:27:04.435033000	1700198824435	[SYS]	1692	1	Initialize Intrinsic Services ...                                     [Success]
2023-11-17	13:27:04.435033000	1700198824435	[SYS]	1692	1	Starting Intrinsic Services ...                                       [Success]
2023-11-17	23:09:37.574332300	1700233777574	[SYS]	1692	20	Catch Sig interrupt
2023-11-17	23:09:37.574332300	1700233777574	[SYS]	1692	20	Stopping Intrinsic Services
2023-11-17	23:09:37.574332300	1700233777574	[SYS]	1692	20	Stopping Default Timer Manager ... 
2023-11-17	23:09:37.574332300	1700233777574	[SYS]	1692	20	Stopping Default Executor Pool 
2023-11-17	23:09:37.574332300	1700233777574	[SYS]	1692	20	Stopping Default Log Manager 
2023-11-17	23:09:37.574332300	1700233777574	[ERROR]	1692	28	File Watcher Stopped
2023-11-17	23:09:37.574332300	1700233777574	[SYS]	1692	1	Intrinsic Services ...                                                [Stopped]
2023-11-17	23:09:37.575335100	1700233777575	[SYS]	1692	1	Default Timer Manager...                                              [Stopped]
2023-11-17	23:09:37.575335100	1700233777575	[SYS]	1692	1	Default Executor Pool ...                                             [Stopped]
2023-11-17	23:09:37.575335100	1700233777575	[SYS]	1692	1	Default Log Manager ...                                               [Stopped]
D:\projects\svn_repo\default\go\xeno\output\xeno\bin\kadamony.exefull spec:
Short Args Specs:
Target Spec:
	<nil spec>
Full Input:
Targets List:

GoExecutorPool:
	Worker Count: 0
	Shutting Down: false
2023-11-17	23:16:38.328041800	1700234198328	[SYS]	10148	1	Zohar Core Initializing ...                                           [Success]
2023-11-17	23:16:38.328041800	1700234198328	[SYS]	10148	1	Starting Default Log Manager  ...                                     [Success]
2023-11-17	23:16:38.328041800	1700234198328	[SYS]	10148	1	Starting Default Executor Pool ...                                    [Success]
2023-11-17	23:16:38.328567400	1700234198328	[SYS]	10148	1	Starting Default Timer Manager ...                                    [Success]
2023-11-17	23:16:38.328567400	1700234198328	[SYS]	10148	1	Zohar Framework Initializing ... 
2023-11-17	23:16:38.329043300	1700234198329	[SYS]	10148	1	Initialize Intrinsic Services ...                                     [Success]
2023-11-17	23:16:38.329043300	1700234198329	[SYS]	10148	1	Starting Intrinsic Services ...                                       [Success]
2023-11-17	23:16:47.1487100	1700234207001	[SYS]	10148	7	Catch Sig interrupt
2023-11-17	23:16:47.1487100	1700234207001	[SYS]	10148	7	Stopping Intrinsic Services
2023-11-17	23:16:47.1487100	1700234207001	[SYS]	10148	1	Intrinsic Services ...                                                [Stopped]
2023-11-17	23:16:47.1487100	1700234207001	[ERROR]	10148	15	File Watcher Stopped
2023-11-17	23:16:47.1487100	1700234207001	[SYS]	10148	7	Stopping Default Timer Manager ... 
2023-11-17	23:16:47.1487100	1700234207001	[SYS]	10148	7	Stopping Default Executor Pool 
2023-11-17	23:16:47.2491000	1700234207002	[SYS]	10148	7	Stopping Default Log Manager 
2023-11-17	23:16:47.4496000	1700234207004	[SYS]	10148	1	Default Timer Manager...                                              [Stopped]
2023-11-17	23:16:47.4496000	1700234207004	[SYS]	10148	1	Default Executor Pool ...                                             [Stopped]
2023-11-17	23:16:47.4496000	1700234207004	[SYS]	10148	1	Default Log Manager ...                                               [Stopped]
