D:\projects\svn_repo\default\go\xeno\output\xeno\bin\kadamony.exefull spec:
Short Args Specs:
Target Spec:
	<nil spec>
Full Input:
Targets List:

GoExecutorPool:
	Worker Count: 0
	Shutting Down: false
2023-11-22	02:18:19.97719100	1700590699097	[SYS]	8584	1	Zohar Core Initializing ...                                           [Success]
2023-11-22	02:18:19.97719100	1700590699097	[SYS]	8584	1	Starting Default Log Manager  ...                                     [Success]
2023-11-22	02:18:19.98220200	1700590699098	[SYS]	8584	1	Starting Default Executor Pool ...                                    [Success]
2023-11-22	02:18:19.98220200	1700590699098	[SYS]	8584	1	Starting Default Timer Manager ...                                    [Success]
2023-11-22	02:18:19.98220200	1700590699098	[SYS]	8584	1	Zohar Framework Initializing ... 
2023-11-22	02:18:19.98722600	1700590699098	[SYS]	8584	1	Initialize Intrinsic Services ...                                     [Success]
2023-11-22	02:18:19.98722600	1700590699098	[SYS]	8584	1	Starting Intrinsic Services ...                                       [Success]
2023-11-22	02:18:25.452888600	1700590705452	[SYS]	8584	7	Catch Sig interrupt
2023-11-22	02:18:25.453390000	1700590705453	[SYS]	8584	7	Stopping Intrinsic Services
2023-11-22	02:18:25.453390000	1700590705453	[SYS]	8584	1	Intrinsic Services ...                                                [Stopped]
2023-11-22	02:18:25.453390000	1700590705453	[ERROR]	8584	15	File Watcher Stopped
2023-11-22	02:18:25.453390000	1700590705453	[SYS]	8584	7	Stopping Default Timer Manager ... 
2023-11-22	02:18:25.453390000	1700590705453	[SYS]	8584	7	Stopping Default Executor Pool 
2023-11-22	02:18:25.453390000	1700590705453	[SYS]	8584	7	Stopping Default Log Manager 
2023-11-22	02:18:25.455926800	1700590705455	[SYS]	8584	1	Default Timer Manager...                                              [Stopped]
2023-11-22	02:18:25.455926800	1700590705455	[SYS]	8584	1	Default Executor Pool ...                                             [Stopped]
2023-11-22	02:18:25.455926800	1700590705455	[SYS]	8584	1	Default Log Manager ...                                               [Stopped]
D:\projects\svn_repo\default\go\xeno\output\xeno\bin\kadamony.exefull spec:
Short Args Specs:
Target Spec:
	<nil spec>
Full Input:
Targets List:

GoExecutorPool:
	Worker Count: 0
	Shutting Down: false
2023-11-22	02:18:35.711414600	1700590715711	[SYS]	3108	1	Zohar Core Initializing ...                                           [Success]
2023-11-22	02:18:35.711414600	1700590715711	[SYS]	3108	1	Starting Default Log Manager  ...                                     [Success]
2023-11-22	02:18:35.711414600	1700590715711	[SYS]	3108	1	Starting Default Executor Pool ...                                    [Success]
2023-11-22	02:18:35.711414600	1700590715711	[SYS]	3108	1	Starting Default Timer Manager ...                                    [Success]
2023-11-22	02:18:35.711414600	1700590715711	[SYS]	3108	1	Zohar Framework Initializing ... 
2023-11-22	02:18:35.712416800	1700590715712	[SYS]	3108	1	Initialize Intrinsic Services ...                                     [Success]
2023-11-22	02:18:35.712416800	1700590715712	[SYS]	3108	1	Starting Intrinsic Services ...                                       [Success]
2023-11-22	02:18:38.82131800	1700590718082	[SYS]	3108	7	Catch Sig interrupt
2023-11-22	02:18:38.82632900	1700590718082	[SYS]	3108	7	Stopping Intrinsic Services
2023-11-22	02:18:38.82632900	1700590718082	[SYS]	3108	1	Intrinsic Services ...                                                [Stopped]
2023-11-22	02:18:38.82632900	1700590718082	[ERROR]	3108	18	File Watcher Stopped
2023-11-22	02:18:38.82632900	1700590718082	[SYS]	3108	7	Stopping Default Timer Manager ... 
2023-11-22	02:18:38.82632900	1700590718082	[SYS]	3108	7	Stopping Default Executor Pool 
2023-11-22	02:18:38.82632900	1700590718082	[SYS]	3108	7	Stopping Default Log Manager 
2023-11-22	02:18:38.85666000	1700590718085	[SYS]	3108	1	Default Timer Manager...                                              [Stopped]
2023-11-22	02:18:38.85666000	1700590718085	[SYS]	3108	1	Default Executor Pool ...                                             [Stopped]
2023-11-22	02:18:38.85666000	1700590718085	[SYS]	3108	1	Default Log Manager ...                                               [Stopped]
D:\projects\svn_repo\default\go\xeno\output\xeno\bin\kadamony.exefull spec:
Short Args Specs:
Target Spec:
	<nil spec>
Full Input:
Targets List:

GoExecutorPool:
	Worker Count: 0
	Shutting Down: false
2023-11-22	02:25:22.663486700	1700591122663	[SYS]	10132	1	Zohar Core Initializing ...                                           [Success]
2023-11-22	02:25:22.663486700	1700591122663	[SYS]	10132	1	Starting Default Log Manager  ...                                     [Success]
2023-11-22	02:25:22.663486700	1700591122663	[SYS]	10132	1	Starting Default Executor Pool ...                                    [Success]
2023-11-22	02:25:22.663486700	1700591122663	[SYS]	10132	1	Starting Default Timer Manager ...                                    [Success]
2023-11-22	02:25:22.663486700	1700591122663	[SYS]	10132	1	Zohar Framework Initializing ... 
2023-11-22	02:25:22.663988400	1700591122663	[SYS]	10132	1	Initialize Intrinsic Services ...                                     [Success]
2023-11-22	02:25:22.664489500	1700591122664	[SYS]	10132	1	Starting Intrinsic Services ...                                       [Success]
2023-11-22	02:25:25.548389800	1700591125548	[SYS]	10132	7	Catch Sig interrupt
2023-11-22	02:25:25.548891200	1700591125548	[SYS]	10132	7	Stopping Intrinsic Services
2023-11-22	02:25:25.548891200	1700591125548	[SYS]	10132	1	Intrinsic Services ...                                                [Stopped]
2023-11-22	02:25:25.548891200	1700591125548	[ERROR]	10132	20	File Watcher Stopped
2023-11-22	02:25:25.548891200	1700591125548	[SYS]	10132	7	Stopping Default Timer Manager ... 
2023-11-22	02:25:25.549393700	1700591125549	[SYS]	10132	7	Stopping Default Executor Pool 
2023-11-22	02:25:25.549393700	1700591125549	[SYS]	10132	7	Stopping Default Log Manager 
2023-11-22	02:25:25.550395200	1700591125550	[SYS]	10132	1	Default Timer Manager...                                              [Stopped]
2023-11-22	02:25:25.550395200	1700591125550	[SYS]	10132	1	Default Executor Pool ...                                             [Stopped]
2023-11-22	02:25:25.550395200	1700591125550	[SYS]	10132	1	Default Log Manager ...                                               [Stopped]
D:\projects\svn_repo\default\go\xeno\output\xeno\bin\kadamony.exefull spec:
Short Args Specs:
Target Spec:
	<nil spec>
Full Input:
Targets List:

GoExecutorPool:
	Worker Count: 0
	Shutting Down: false
2023-11-22	02:25:29.729727200	1700591129729	[SYS]	6688	1	Zohar Core Initializing ...                                           [Success]
2023-11-22	02:25:29.729727200	1700591129729	[SYS]	6688	1	Starting Default Log Manager  ...                                     [Success]
2023-11-22	02:25:29.729727200	1700591129729	[SYS]	6688	1	Starting Default Executor Pool ...                                    [Success]
2023-11-22	02:25:29.730229300	1700591129730	[SYS]	6688	1	Starting Default Timer Manager ...                                    [Success]
2023-11-22	02:25:29.730229300	1700591129730	[SYS]	6688	1	Zohar Framework Initializing ... 
2023-11-22	02:25:29.730730300	1700591129730	[SYS]	6688	1	Initialize Intrinsic Services ...                                     [Success]
2023-11-22	02:25:29.730730300	1700591129730	[SYS]	6688	1	Starting Intrinsic Services ...                                       [Success]
2023-11-22	02:25:34.690186800	1700591134690	[SYS]	6688	7	Catch Sig interrupt
2023-11-22	02:25:34.690186800	1700591134690	[SYS]	6688	7	Stopping Intrinsic Services
2023-11-22	02:25:34.690186800	1700591134690	[SYS]	6688	1	Intrinsic Services ...                                                [Stopped]
2023-11-22	02:25:34.690186800	1700591134690	[ERROR]	6688	20	File Watcher Stopped
2023-11-22	02:25:34.690186800	1700591134690	[SYS]	6688	7	Stopping Default Timer Manager ... 
2023-11-22	02:25:34.690186800	1700591134690	[SYS]	6688	7	Stopping Default Executor Pool 
2023-11-22	02:25:34.690687200	1700591134690	[SYS]	6688	7	Stopping Default Log Manager 
2023-11-22	02:25:34.693223600	1700591134693	[SYS]	6688	1	Default Timer Manager...                                              [Stopped]
2023-11-22	02:25:34.693223600	1700591134693	[SYS]	6688	1	Default Executor Pool ...                                             [Stopped]
2023-11-22	02:25:34.693223600	1700591134693	[SYS]	6688	1	Default Log Manager ...                                               [Stopped]
D:\projects\svn_repo\default\go\xeno\output\xeno\bin\kadamony.exefull spec:
Short Args Specs:
Target Spec:
	<nil spec>
Full Input:
Targets List:

GoExecutorPool:
	Worker Count: 0
	Shutting Down: false
2023-11-22	02:26:31.892579900	1700591191892	[SYS]	5348	1	Zohar Core Initializing ...                                           [Success]
2023-11-22	02:26:31.892579900	1700591191892	[SYS]	5348	1	Starting Default Log Manager  ...                                     [Success]
2023-11-22	02:26:31.892579900	1700591191892	[SYS]	5348	1	Starting Default Executor Pool ...                                    [Success]
2023-11-22	02:26:31.892579900	1700591191892	[SYS]	5348	1	Starting Default Timer Manager ...                                    [Success]
2023-11-22	02:26:31.892579900	1700591191892	[SYS]	5348	1	Zohar Framework Initializing ... 
2023-11-22	02:26:31.893081700	1700591191893	[SYS]	5348	1	Initialize Intrinsic Services ...                                     [Success]
2023-11-22	02:26:31.893081700	1700591191893	[SYS]	5348	1	Starting Intrinsic Services ...                                       [Success]
2023-11-22	02:26:39.898922900	1700591199898	[SYS]	5348	7	Catch Sig interrupt
2023-11-22	02:26:39.898922900	1700591199898	[SYS]	5348	7	Stopping Intrinsic Services
2023-11-22	02:26:39.898922900	1700591199898	[SYS]	5348	1	Intrinsic Services ...                                                [Stopped]
2023-11-22	02:26:39.898922900	1700591199898	[ERROR]	5348	20	File Watcher Stopped
2023-11-22	02:26:39.898922900	1700591199898	[SYS]	5348	7	Stopping Default Timer Manager ... 
2023-11-22	02:26:39.899423700	1700591199899	[SYS]	5348	7	Stopping Default Executor Pool 
2023-11-22	02:26:39.899423700	1700591199899	[SYS]	5348	7	Stopping Default Log Manager 
2023-11-22	02:26:39.899423700	1700591199899	[SYS]	5348	1	Default Timer Manager...                                              [Stopped]
2023-11-22	02:26:39.899423700	1700591199899	[SYS]	5348	1	Default Executor Pool ...                                             [Stopped]
2023-11-22	02:26:39.899423700	1700591199899	[SYS]	5348	1	Default Log Manager ...                                               [Stopped]
D:\projects\svn_repo\default\go\xeno\output\xeno\bin\kadamony.exefull spec:
Short Args Specs:
Target Spec:
	<nil spec>
Full Input:
Targets List:

GoExecutorPool:
	Worker Count: 0
	Shutting Down: false
2023-11-22	02:26:44.948599900	1700591204948	[SYS]	2752	1	Zohar Core Initializing ...                                           [Success]
2023-11-22	02:26:44.948599900	1700591204948	[SYS]	2752	1	Starting Default Log Manager  ...                                     [Success]
2023-11-22	02:26:44.948599900	1700591204948	[SYS]	2752	1	Starting Default Executor Pool ...                                    [Success]
2023-11-22	02:26:44.949102000	1700591204949	[SYS]	2752	1	Starting Default Timer Manager ...                                    [Success]
2023-11-22	02:26:44.949102000	1700591204949	[SYS]	2752	1	Zohar Framework Initializing ... 
2023-11-22	02:26:44.949102000	1700591204949	[SYS]	2752	1	Initialize Intrinsic Services ...                                     [Success]
2023-11-22	02:26:44.949602400	1700591204949	[SYS]	2752	1	Starting Intrinsic Services ...                                       [Success]
2023-11-22	02:27:12.314306600	1700591232314	[SYS]	2752	7	Catch Sig interrupt
2023-11-22	02:27:12.314306600	1700591232314	[SYS]	2752	7	Stopping Intrinsic Services
2023-11-22	02:27:12.314306600	1700591232314	[SYS]	2752	1	Intrinsic Services ...                                                [Stopped]
2023-11-22	02:27:12.314306600	1700591232314	[ERROR]	2752	20	File Watcher Stopped
2023-11-22	02:27:12.314306600	1700591232314	[SYS]	2752	7	Stopping Default Timer Manager ... 
2023-11-22	02:27:12.314306600	1700591232314	[SYS]	2752	7	Stopping Default Executor Pool 
2023-11-22	02:27:12.314306600	1700591232314	[SYS]	2752	7	Stopping Default Log Manager 
2023-11-22	02:27:12.316834500	1700591232316	[SYS]	2752	1	Default Timer Manager...                                              [Stopped]
2023-11-22	02:27:12.316834500	1700591232316	[SYS]	2752	1	Default Executor Pool ...                                             [Stopped]
2023-11-22	02:27:12.316834500	1700591232316	[SYS]	2752	1	Default Log Manager ...                                               [Stopped]
D:\projects\svn_repo\default\go\xeno\output\xeno\bin\kadamony.exefull spec:
Short Args Specs:
Target Spec:
	<nil spec>
Full Input:
Targets List:

GoExecutorPool:
	Worker Count: 0
	Shutting Down: false
2023-11-22	02:38:18.55396500	1700591898055	[SYS]	12692	1	Zohar Core Initializing ...                                           [Success]
2023-11-22	02:38:18.55396500	1700591898055	[SYS]	12692	1	Starting Default Log Manager  ...                                     [Success]
2023-11-22	02:38:18.55396500	1700591898055	[SYS]	12692	1	Starting Default Executor Pool ...                                    [Success]
2023-11-22	02:38:18.55396500	1700591898055	[SYS]	12692	1	Starting Default Timer Manager ...                                    [Success]
2023-11-22	02:38:18.55396500	1700591898055	[SYS]	12692	1	Zohar Framework Initializing ... 
2023-11-22	02:38:18.55898000	1700591898055	[SYS]	12692	1	Initialize Intrinsic Services ...                                     [Success]
2023-11-22	02:38:18.55898000	1700591898055	[SYS]	12692	1	Starting Intrinsic Services ...                                       [Success]
D:\projects\svn_repo\default\go\xeno\output\xeno\bin\kadamony.exefull spec:
Short Args Specs:
Target Spec:
	<nil spec>
Full Input:
Targets List:

GoExecutorPool:
	Worker Count: 0
	Shutting Down: false
2023-11-22	02:38:30.89569800	1700591910089	[SYS]	12392	1	Zohar Core Initializing ...                                           [Success]
2023-11-22	02:38:30.89569800	1700591910089	[SYS]	12392	1	Starting Default Log Manager  ...                                     [Success]
2023-11-22	02:38:30.89569800	1700591910089	[SYS]	12392	1	Starting Default Executor Pool ...                                    [Success]
2023-11-22	02:38:30.89569800	1700591910089	[SYS]	12392	1	Starting Default Timer Manager ...                                    [Success]
2023-11-22	02:38:30.89569800	1700591910089	[SYS]	12392	1	Zohar Framework Initializing ... 
2023-11-22	02:38:30.90071200	1700591910090	[SYS]	12392	1	Initialize Intrinsic Services ...                                     [Success]
2023-11-22	02:38:30.90071200	1700591910090	[SYS]	12392	1	Starting Intrinsic Services ...                                       [Success]
D:\projects\svn_repo\default\go\xeno\output\xeno\bin\kadamony.exefull spec:
Short Args Specs:
Target Spec:
	<nil spec>
Full Input:
Targets List:

GoExecutorPool:
	Worker Count: 0
	Shutting Down: false
2023-11-22	02:38:33.334722800	1700591913334	[SYS]	13124	1	Zohar Core Initializing ...                                           [Success]
2023-11-22	02:38:33.334722800	1700591913334	[SYS]	13124	1	Starting Default Log Manager  ...                                     [Success]
2023-11-22	02:38:33.334722800	1700591913334	[SYS]	13124	1	Starting Default Executor Pool ...                                    [Success]
2023-11-22	02:38:33.334722800	1700591913334	[SYS]	13124	1	Starting Default Timer Manager ...                                    [Success]
2023-11-22	02:38:33.334722800	1700591913334	[SYS]	13124	1	Zohar Framework Initializing ... 
2023-11-22	02:38:33.335224900	1700591913335	[SYS]	13124	1	Initialize Intrinsic Services ...                                     [Success]
2023-11-22	02:38:33.335224900	1700591913335	[SYS]	13124	1	Starting Intrinsic Services ...                                       [Success]
D:\projects\svn_repo\default\go\xeno\output\xeno\bin\kadamony.exefull spec:
Short Args Specs:
Target Spec:
	<nil spec>
Full Input:
Targets List:

GoExecutorPool:
	Worker Count: 0
	Shutting Down: false
2023-11-22	02:38:38.534046700	1700591918534	[SYS]	9576	1	Zohar Core Initializing ...                                           [Success]
2023-11-22	02:38:38.534046700	1700591918534	[SYS]	9576	1	Starting Default Log Manager  ...                                     [Success]
2023-11-22	02:38:38.534046700	1700591918534	[SYS]	9576	1	Starting Default Executor Pool ...                                    [Success]
2023-11-22	02:38:38.534046700	1700591918534	[SYS]	9576	1	Starting Default Timer Manager ...                                    [Success]
2023-11-22	02:38:38.534046700	1700591918534	[SYS]	9576	1	Zohar Framework Initializing ... 
2023-11-22	02:38:38.534548400	1700591918534	[SYS]	9576	1	Initialize Intrinsic Services ...                                     [Success]
2023-11-22	02:38:38.535049800	1700591918535	[SYS]	9576	1	Starting Intrinsic Services ...                                       [Success]
D:\projects\svn_repo\default\go\xeno\output\xeno\bin\kadamony.exefull spec:
Short Args Specs:
Target Spec:
	<nil spec>
Full Input:
Targets List:

GoExecutorPool:
	Worker Count: 0
	Shutting Down: false
2023-11-22	02:39:33.599042300	1700591973599	[SYS]	12864	1	Zohar Core Initializing ...                                           [Success]
2023-11-22	02:39:33.599042300	1700591973599	[SYS]	12864	1	Starting Default Log Manager  ...                                     [Success]
2023-11-22	02:39:33.599042300	1700591973599	[SYS]	12864	1	Starting Default Executor Pool ...                                    [Success]
2023-11-22	02:39:33.599042300	1700591973599	[SYS]	12864	1	Starting Default Timer Manager ...                                    [Success]
2023-11-22	02:39:33.599042300	1700591973599	[SYS]	12864	1	Zohar Framework Initializing ... 
2023-11-22	02:39:33.599544400	1700591973599	[SYS]	12864	1	Initialize Intrinsic Services ...                                     [Success]
2023-11-22	02:39:33.599544400	1700591973599	[SYS]	12864	1	Starting Intrinsic Services ...                                       [Success]
2023-11-22	02:40:55.129696200	1700592055129	[SYS]	12864	7	Catch Sig interrupt
2023-11-22	02:40:55.130172700	1700592055130	[SYS]	12864	7	Stopping Intrinsic Services
2023-11-22	02:40:55.130172700	1700592055130	[SYS]	12864	1	Intrinsic Services ...                                                [Stopped]
2023-11-22	02:40:55.130172700	1700592055130	[ERROR]	12864	20	File Watcher Stopped
2023-11-22	02:40:55.130172700	1700592055130	[SYS]	12864	7	Stopping Default Timer Manager ... 
2023-11-22	02:40:55.130172700	1700592055130	[SYS]	12864	7	Stopping Default Executor Pool 
2023-11-22	02:40:55.130172700	1700592055130	[SYS]	12864	7	Stopping Default Log Manager 
2023-11-22	02:40:55.133205100	1700592055133	[SYS]	12864	1	Default Timer Manager...                                              [Stopped]
2023-11-22	02:40:55.133205100	1700592055133	[SYS]	12864	1	Default Executor Pool ...                                             [Stopped]
2023-11-22	02:40:55.133205100	1700592055133	[SYS]	12864	1	Default Log Manager ...                                               [Stopped]
D:\projects\svn_repo\default\go\xeno\output\xeno\bin\kadamony.exefull spec:
Short Args Specs:
Target Spec:
	<nil spec>
Full Input:
Targets List:

GoExecutorPool:
	Worker Count: 0
	Shutting Down: false
2023-11-22	02:42:08.483188000	1700592128483	[SYS]	5660	1	Zohar Core Initializing ...                                           [Success]
2023-11-22	02:42:08.483188000	1700592128483	[SYS]	5660	1	Starting Default Log Manager  ...                                     [Success]
2023-11-22	02:42:08.483188000	1700592128483	[SYS]	5660	1	Starting Default Executor Pool ...                                    [Success]
2023-11-22	02:42:08.483188000	1700592128483	[SYS]	5660	1	Starting Default Timer Manager ...                                    [Success]
2023-11-22	02:42:08.483689400	1700592128483	[SYS]	5660	1	Zohar Framework Initializing ... 
2023-11-22	02:42:08.484189800	1700592128484	[SYS]	5660	1	Initialize Intrinsic Services ...                                     [Success]
2023-11-22	02:42:08.484189800	1700592128484	[SYS]	5660	1	Starting Intrinsic Services ...                                       [Success]
2023-11-22	02:42:20.552417600	1700592140552	[SYS]	5660	7	Catch Sig interrupt
2023-11-22	02:42:20.552417600	1700592140552	[SYS]	5660	7	Stopping Intrinsic Services
2023-11-22	02:42:20.552417600	1700592140552	[SYS]	5660	1	Intrinsic Services ...                                                [Stopped]
2023-11-22	02:42:20.552417600	1700592140552	[SYS]	5660	7	Stopping Default Timer Manager ... 
2023-11-22	02:42:20.552417600	1700592140552	[SYS]	5660	7	Stopping Default Executor Pool 
2023-11-22	02:42:20.552918000	1700592140552	[SYS]	5660	7	Stopping Default Log Manager 
2023-11-22	02:42:20.552417600	1700592140552	[ERROR]	5660	20	File Watcher Stopped
2023-11-22	02:42:20.554924300	1700592140554	[SYS]	5660	1	Default Timer Manager...                                              [Stopped]
2023-11-22	02:42:20.554924300	1700592140554	[SYS]	5660	1	Default Executor Pool ...                                             [Stopped]
2023-11-22	02:42:20.554924300	1700592140554	[SYS]	5660	1	Default Log Manager ...                                               [Stopped]
D:\projects\svn_repo\default\go\xeno\output\xeno\bin\kadamony.exefull spec:
Short Args Specs:
Target Spec:
	<nil spec>
Full Input:
Targets List:

GoExecutorPool:
	Worker Count: 0
	Shutting Down: false
2023-11-22	02:44:05.81421500	1700592245081	[SYS]	4220	1	Zohar Core Initializing ...                                           [Success]
2023-11-22	02:44:05.81421500	1700592245081	[SYS]	4220	1	Starting Default Log Manager  ...                                     [Success]
2023-11-22	02:44:05.81421500	1700592245081	[SYS]	4220	1	Starting Default Executor Pool ...                                    [Success]
2023-11-22	02:44:05.81421500	1700592245081	[SYS]	4220	1	Starting Default Timer Manager ...                                    [Success]
2023-11-22	02:44:05.81421500	1700592245081	[SYS]	4220	1	Zohar Framework Initializing ... 
2023-11-22	02:44:05.81923600	1700592245081	[SYS]	4220	1	Initialize Intrinsic Services ...                                     [Success]
2023-11-22	02:44:05.81923600	1700592245081	[SYS]	4220	1	Starting Intrinsic Services ...                                       [Success]
2023-11-22	02:44:08.529574200	1700592248529	[SYS]	4220	20	Catch Sig interrupt
2023-11-22	02:44:08.529574200	1700592248529	[SYS]	4220	20	Stopping Intrinsic Services
2023-11-22	02:44:08.529574200	1700592248529	[SYS]	4220	1	Intrinsic Services ...                                                [Stopped]
2023-11-22	02:44:08.529574200	1700592248529	[ERROR]	4220	7	File Watcher Stopped
2023-11-22	02:44:08.529574200	1700592248529	[SYS]	4220	20	Stopping Default Timer Manager ... 
2023-11-22	02:44:08.530077300	1700592248530	[SYS]	4220	20	Stopping Default Executor Pool 
2023-11-22	02:44:08.530077300	1700592248530	[SYS]	4220	20	Stopping Default Log Manager 
2023-11-22	02:44:08.531579500	1700592248531	[SYS]	4220	1	Default Timer Manager...                                              [Stopped]
2023-11-22	02:44:08.531579500	1700592248531	[SYS]	4220	1	Default Executor Pool ...                                             [Stopped]
2023-11-22	02:44:08.531579500	1700592248531	[SYS]	4220	1	Default Log Manager ...                                               [Stopped]
D:\projects\svn_repo\default\go\xeno\output\xeno\bin\kadamony.exefull spec:
Short Args Specs:
Target Spec:
	<nil spec>
Full Input:
Targets List:

GoExecutorPool:
	Worker Count: 0
	Shutting Down: false
2023-11-22	03:51:12.987141900	1700596272987	[SYS]	12456	1	Zohar Core Initializing ...                                           [Success]
2023-11-22	03:51:12.987141900	1700596272987	[SYS]	12456	1	Starting Default Log Manager  ...                                     [Success]
2023-11-22	03:51:12.987141900	1700596272987	[SYS]	12456	1	Starting Default Executor Pool ...                                    [Success]
2023-11-22	03:51:12.987141900	1700596272987	[SYS]	12456	1	Starting Default Timer Manager ...                                    [Success]
2023-11-22	03:51:12.987141900	1700596272987	[SYS]	12456	1	Zohar Framework Initializing ... 
2023-11-22	03:51:12.987642900	1700596272987	[SYS]	12456	1	Initialize Intrinsic Services ...                                     [Success]
2023-11-22	03:51:12.987642900	1700596272987	[SYS]	12456	1	Starting Intrinsic Services ...                                       [Success]
2023-11-22	03:51:59.945727900	1700596319945	[SYS]	12456	7	Catch Sig interrupt
2023-11-22	03:51:59.945727900	1700596319945	[SYS]	12456	7	Stopping Intrinsic Services
2023-11-22	03:51:59.945727900	1700596319945	[SYS]	12456	1	Intrinsic Services ...                                                [Stopped]
2023-11-22	03:51:59.945727900	1700596319945	[ERROR]	12456	20	File Watcher Stopped
2023-11-22	03:51:59.945727900	1700596319945	[SYS]	12456	7	Stopping Default Timer Manager ... 
2023-11-22	03:51:59.946229700	1700596319946	[SYS]	12456	7	Stopping Default Executor Pool 
2023-11-22	03:51:59.946229700	1700596319946	[SYS]	12456	7	Stopping Default Log Manager 
2023-11-22	03:51:59.948234700	1700596319948	[SYS]	12456	1	Default Timer Manager...                                              [Stopped]
2023-11-22	03:51:59.948234700	1700596319948	[SYS]	12456	1	Default Executor Pool ...                                             [Stopped]
2023-11-22	03:51:59.948234700	1700596319948	[SYS]	12456	1	Default Log Manager ...                                               [Stopped]
D:\projects\svn_repo\default\go\xeno\output\xeno\bin\kadamony.exefull spec:
Short Args Specs:
Target Spec:
	<nil spec>
Full Input:
Targets List:

GoExecutorPool:
	Worker Count: 0
	Shutting Down: false
2023-11-22	03:54:55.277123200	1700596495277	[SYS]	11596	1	Zohar Core Initializing ...                                           [Success]
2023-11-22	03:54:55.277123200	1700596495277	[SYS]	11596	1	Starting Default Log Manager  ...                                     [Success]
2023-11-22	03:54:55.277123200	1700596495277	[SYS]	11596	1	Starting Default Executor Pool ...                                    [Success]
2023-11-22	03:54:55.277123200	1700596495277	[SYS]	11596	1	Starting Default Timer Manager ...                                    [Success]
2023-11-22	03:54:55.277123200	1700596495277	[SYS]	11596	1	Zohar Framework Initializing ... 
2023-11-22	03:54:55.277623500	1700596495277	[SYS]	11596	1	Initialize Intrinsic Services ...                                     [Success]
2023-11-22	03:54:55.278125000	1700596495278	[SYS]	11596	1	Starting Intrinsic Services ...                                       [Success]
2023-11-22	03:55:01.160321300	1700596501160	[SYS]	11596	7	Catch Sig interrupt
2023-11-22	03:55:01.160321300	1700596501160	[SYS]	11596	7	Stopping Intrinsic Services
2023-11-22	03:55:01.160321300	1700596501160	[SYS]	11596	1	Intrinsic Services ...                                                [Stopped]
2023-11-22	03:55:01.160321300	1700596501160	[ERROR]	11596	15	File Watcher Stopped
2023-11-22	03:55:01.160321300	1700596501160	[SYS]	11596	7	Stopping Default Timer Manager ... 
2023-11-22	03:55:01.160321300	1700596501160	[SYS]	11596	7	Stopping Default Executor Pool 
2023-11-22	03:55:01.160321300	1700596501160	[SYS]	11596	7	Stopping Default Log Manager 
2023-11-22	03:55:01.162326700	1700596501162	[SYS]	11596	1	Default Timer Manager...                                              [Stopped]
2023-11-22	03:55:01.162326700	1700596501162	[SYS]	11596	1	Default Executor Pool ...                                             [Stopped]
2023-11-22	03:55:01.162326700	1700596501162	[SYS]	11596	1	Default Log Manager ...                                               [Stopped]
D:\projects\svn_repo\default\go\xeno\output\xeno\bin\kadamony.exefull spec:
Short Args Specs:
Target Spec:
	<nil spec>
Full Input:
Targets List:

GoExecutorPool:
	Worker Count: 0
	Shutting Down: false
2023-11-22	03:56:44.666879500	1700596604666	[SYS]	9056	1	Zohar Core Initializing ...                                           [Success]
2023-11-22	03:56:44.666879500	1700596604666	[SYS]	9056	1	Starting Default Log Manager  ...                                     [Success]
2023-11-22	03:56:44.666879500	1700596604666	[SYS]	9056	1	Starting Default Executor Pool ...                                    [Success]
2023-11-22	03:56:44.666879500	1700596604666	[SYS]	9056	1	Starting Default Timer Manager ...                                    [Success]
2023-11-22	03:56:44.666879500	1700596604666	[SYS]	9056	1	Zohar Framework Initializing ... 
2023-11-22	03:56:44.667380600	1700596604667	[SYS]	9056	1	Initialize Intrinsic Services ...                                     [Success]
2023-11-22	03:56:44.667380600	1700596604667	[SYS]	9056	1	Starting Intrinsic Services ...                                       [Success]
2023-11-22	03:57:11.983740100	1700596631983	[SYS]	9056	20	Catch Sig interrupt
2023-11-22	03:57:11.983740100	1700596631983	[SYS]	9056	20	Stopping Intrinsic Services
2023-11-22	03:57:11.983740100	1700596631983	[SYS]	9056	1	Intrinsic Services ...                                                [Stopped]
2023-11-22	03:57:11.984241200	1700596631984	[SYS]	9056	20	Stopping Default Timer Manager ... 
2023-11-22	03:57:11.984241200	1700596631984	[SYS]	9056	20	Stopping Default Executor Pool 
2023-11-22	03:57:11.984241200	1700596631984	[SYS]	9056	20	Stopping Default Log Manager 
2023-11-22	03:57:11.984241200	1700596631984	[ERROR]	9056	36	File Watcher Stopped
2023-11-22	03:57:11.986246900	1700596631986	[SYS]	9056	1	Default Timer Manager...                                              [Stopped]
2023-11-22	03:57:11.986246900	1700596631986	[SYS]	9056	1	Default Executor Pool ...                                             [Stopped]
2023-11-22	03:57:11.986246900	1700596631986	[SYS]	9056	1	Default Log Manager ...                                               [Stopped]
D:\projects\svn_repo\default\go\xeno\output\xeno\bin\kadamony.exefull spec:
Short Args Specs:
Target Spec:
	<nil spec>
Full Input:
Targets List:

GoExecutorPool:
	Worker Count: 0
	Shutting Down: false
2023-11-22	03:58:02.284294200	1700596682284	[SYS]	11836	1	Zohar Core Initializing ...                                           [Success]
2023-11-22	03:58:02.284294200	1700596682284	[SYS]	11836	1	Starting Default Log Manager  ...                                     [Success]
2023-11-22	03:58:02.284294200	1700596682284	[SYS]	11836	1	Starting Default Executor Pool ...                                    [Success]
2023-11-22	03:58:02.284294200	1700596682284	[SYS]	11836	1	Starting Default Timer Manager ...                                    [Success]
2023-11-22	03:58:02.284294200	1700596682284	[SYS]	11836	1	Zohar Framework Initializing ... 
2023-11-22	03:58:02.284795000	1700596682284	[SYS]	11836	1	Initialize Intrinsic Services ...                                     [Success]
2023-11-22	03:58:02.284795000	1700596682284	[SYS]	11836	1	Starting Intrinsic Services ...                                       [Success]
2023-11-22	03:58:15.591026100	1700596695591	[SYS]	11836	7	Catch Sig interrupt
2023-11-22	03:58:15.591026100	1700596695591	[SYS]	11836	7	Stopping Intrinsic Services
2023-11-22	03:58:15.591026100	1700596695591	[SYS]	11836	1	Intrinsic Services ...                                                [Stopped]
2023-11-22	03:58:15.591026100	1700596695591	[ERROR]	11836	18	File Watcher Stopped
2023-11-22	03:58:15.591026100	1700596695591	[SYS]	11836	7	Stopping Default Timer Manager ... 
2023-11-22	03:58:15.591026100	1700596695591	[SYS]	11836	7	Stopping Default Executor Pool 
2023-11-22	03:58:15.591026100	1700596695591	[SYS]	11836	7	Stopping Default Log Manager 
2023-11-22	03:58:15.592028900	1700596695592	[SYS]	11836	1	Default Timer Manager...                                              [Stopped]
2023-11-22	03:58:15.592028900	1700596695592	[SYS]	11836	1	Default Executor Pool ...                                             [Stopped]
2023-11-22	03:58:15.592028900	1700596695592	[SYS]	11836	1	Default Log Manager ...                                               [Stopped]
D:\projects\svn_repo\default\go\xeno\output\xeno\bin\kadamony.exefull spec:
Short Args Specs:
Target Spec:
	<nil spec>
Full Input:
Targets List:

GoExecutorPool:
	Worker Count: 0
	Shutting Down: false
2023-11-22	03:59:37.321710100	1700596777321	[SYS]	6916	1	Zohar Core Initializing ...                                           [Success]
2023-11-22	03:59:37.321710100	1700596777321	[SYS]	6916	1	Starting Default Log Manager  ...                                     [Success]
2023-11-22	03:59:37.321710100	1700596777321	[SYS]	6916	1	Starting Default Executor Pool ...                                    [Success]
2023-11-22	03:59:37.322211900	1700596777322	[SYS]	6916	1	Starting Default Timer Manager ...                                    [Success]
2023-11-22	03:59:37.322211900	1700596777322	[SYS]	6916	1	Zohar Framework Initializing ... 
2023-11-22	03:59:37.322211900	1700596777322	[SYS]	6916	1	Initialize Intrinsic Services ...                                     [Success]
2023-11-22	03:59:37.322713000	1700596777322	[SYS]	6916	1	Starting Intrinsic Services ...                                       [Success]
2023-11-22	03:59:53.327707000	1700596793327	[SYS]	6916	7	Catch Sig interrupt
2023-11-22	03:59:53.327707000	1700596793327	[SYS]	6916	7	Stopping Intrinsic Services
2023-11-22	03:59:53.327707000	1700596793327	[SYS]	6916	1	Intrinsic Services ...                                                [Stopped]
2023-11-22	03:59:53.327707000	1700596793327	[ERROR]	6916	20	File Watcher Stopped
2023-11-22	03:59:53.327707000	1700596793327	[SYS]	6916	7	Stopping Default Timer Manager ... 
2023-11-22	03:59:53.327707000	1700596793327	[SYS]	6916	7	Stopping Default Executor Pool 
2023-11-22	03:59:53.327707000	1700596793327	[SYS]	6916	7	Stopping Default Log Manager 
2023-11-22	03:59:53.329211300	1700596793329	[SYS]	6916	1	Default Timer Manager...                                              [Stopped]
2023-11-22	03:59:53.329211300	1700596793329	[SYS]	6916	1	Default Executor Pool ...                                             [Stopped]
2023-11-22	03:59:53.329211300	1700596793329	[SYS]	6916	1	Default Log Manager ...                                               [Stopped]
D:\projects\svn_repo\default\go\xeno\output\xeno\bin\kadamony.exefull spec:
Short Args Specs:
Target Spec:
	<nil spec>
Full Input:
Targets List:

GoExecutorPool:
	Worker Count: 0
	Shutting Down: false
2023-11-22	04:01:25.41757900	1700596885041	[SYS]	2940	1	Zohar Core Initializing ...                                           [Success]
2023-11-22	04:01:25.41757900	1700596885041	[SYS]	2940	1	Starting Default Log Manager  ...                                     [Success]
2023-11-22	04:01:25.41757900	1700596885041	[SYS]	2940	1	Starting Default Executor Pool ...                                    [Success]
2023-11-22	04:01:25.41757900	1700596885041	[SYS]	2940	1	Starting Default Timer Manager ...                                    [Success]
2023-11-22	04:01:25.41757900	1700596885041	[SYS]	2940	1	Zohar Framework Initializing ... 
2023-11-22	04:01:25.42258600	1700596885042	[SYS]	2940	1	Initialize Intrinsic Services ...                                     [Success]
2023-11-22	04:01:25.42258600	1700596885042	[SYS]	2940	1	Starting Intrinsic Services ...                                       [Success]
2023-11-22	04:01:41.463328900	1700596901463	[SYS]	2940	20	Catch Sig interrupt
2023-11-22	04:01:41.463328900	1700596901463	[SYS]	2940	20	Stopping Intrinsic Services
2023-11-22	04:01:41.463328900	1700596901463	[SYS]	2940	1	Intrinsic Services ...                                                [Stopped]
2023-11-22	04:01:41.463328900	1700596901463	[SYS]	2940	20	Stopping Default Timer Manager ... 
2023-11-22	04:01:41.463829300	1700596901463	[SYS]	2940	20	Stopping Default Executor Pool 
2023-11-22	04:01:41.463829300	1700596901463	[SYS]	2940	20	Stopping Default Log Manager 
2023-11-22	04:01:41.463328900	1700596901463	[ERROR]	2940	28	File Watcher Stopped
2023-11-22	04:01:41.464832800	1700596901464	[SYS]	2940	1	Default Timer Manager...                                              [Stopped]
2023-11-22	04:01:41.464832800	1700596901464	[SYS]	2940	1	Default Executor Pool ...                                             [Stopped]
2023-11-22	04:01:41.464832800	1700596901464	[SYS]	2940	1	Default Log Manager ...                                               [Stopped]
D:\projects\svn_repo\default\go\xeno\output\xeno\bin\kadamony.exefull spec:
Short Args Specs:
Target Spec:
	<nil spec>
Full Input:
Targets List:

GoExecutorPool:
	Worker Count: 0
	Shutting Down: false
2023-11-22	13:33:53.287969000	1700631233287	[SYS]	8112	1	Zohar Core Initializing ...                                           [Success]
2023-11-22	13:33:53.287969000	1700631233287	[SYS]	8112	1	Starting Default Log Manager  ...                                     [Success]
2023-11-22	13:33:53.287969000	1700631233287	[SYS]	8112	1	Starting Default Executor Pool ...                                    [Success]
2023-11-22	13:33:53.288971800	1700631233288	[SYS]	8112	1	Starting Default Timer Manager ...                                    [Success]
2023-11-22	13:33:53.288971800	1700631233288	[SYS]	8112	1	Zohar Framework Initializing ... 
2023-11-22	13:33:53.288971800	1700631233288	[SYS]	8112	1	Initialize Intrinsic Services ...                                     [Success]
2023-11-22	13:33:53.288971800	1700631233288	[SYS]	8112	1	Starting Intrinsic Services ...                                       [Success]
2023-11-22	13:33:53.303009900	1700631233303	[SYS]	8112	7	Catch Sig interrupt
2023-11-22	13:33:53.303009900	1700631233303	[SYS]	8112	7	Stopping Intrinsic Services
2023-11-22	13:33:53.303009900	1700631233303	[SYS]	8112	1	Intrinsic Services ...                                                [Stopped]
2023-11-22	13:33:53.303009900	1700631233303	[SYS]	8112	20	File Watcher Stopped
2023-11-22	13:33:53.303009900	1700631233303	[SYS]	8112	7	Stopping Default Timer Manager ... 
2023-11-22	13:33:53.304020200	1700631233304	[SYS]	8112	7	Stopping Default Executor Pool 
2023-11-22	13:33:53.304020200	1700631233304	[SYS]	8112	7	Stopping Default Log Manager 
2023-11-22	13:33:53.306017000	1700631233306	[SYS]	8112	1	Default Timer Manager...                                              [Stopped]
2023-11-22	13:33:53.306017000	1700631233306	[SYS]	8112	1	Default Executor Pool ...                                             [Stopped]
2023-11-22	13:33:53.306017000	1700631233306	[SYS]	8112	1	Default Log Manager ...                                               [Stopped]
D:\projects\svn_repo\default\go\xeno\output\xeno\bin\kadamony.exefull spec:
	log-level -> 1:108:log-level:1-1:ST_U8(5)
	debug-mode -> 1:100:debug-mode:1-1:ST_U8(5)
	version -> 1:118:version:0-0:F(0)
	credential-file -> 1:0:credential-file:1-1:ST_STR(13)
	server-list -> 1:115:server-list:1-128:LT_STR(29)
	params -> 1:112:params:1-128:DT_STRT_STR(45)
Short Args Specs:
	d -> 1:100:debug-mode:1-1:ST_U8(5)
	l -> 1:108:log-level:1-1:ST_U8(5)
	p -> 1:112:params:1-128:DT_STRT_STR(45)
	s -> 1:115:server-list:1-128:LT_STR(29)
	v -> 1:118:version:0-0:F(0)
Target Spec:
	1:0::1-100:INV(13)
Full Input:
Targets List:

GoExecutorPool:
	Worker Count: 0
	Shutting Down: false
2023-11-22	13:34:25.261217400	1700631265261	[SYS]	3924	1	Zohar Core Initializing ...                                           [Success]
2023-11-22	13:34:25.261217400	1700631265261	[SYS]	3924	1	Starting Default Log Manager  ...                                     [Success]
2023-11-22	13:34:25.261217400	1700631265261	[SYS]	3924	1	Starting Default Executor Pool ...                                    [Success]
2023-11-22	13:34:25.262219900	1700631265262	[SYS]	3924	1	Starting Default Timer Manager ...                                    [Success]
2023-11-22	13:34:25.262219900	1700631265262	[SYS]	3924	1	Zohar Framework Initializing ... 
2023-11-22	13:34:25.262219900	1700631265262	[SYS]	3924	1	Initialize Intrinsic Services ...                                     [Success]
2023-11-22	13:34:25.262219900	1700631265262	[SYS]	3924	1	Starting Intrinsic Services ...                                       [Success]
2023-11-22	13:34:27.269006600	1700631267269	[SYS]	3924	7	Catch Sig interrupt
2023-11-22	13:34:27.269006600	1700631267269	[SYS]	3924	7	Stopping Intrinsic Services
2023-11-22	13:34:27.269006600	1700631267269	[SYS]	3924	1	Intrinsic Services ...                                                [Stopped]
2023-11-22	13:34:27.269984500	1700631267269	[SYS]	3924	7	Stopping Default Timer Manager ... 
2023-11-22	13:34:27.269984500	1700631267269	[SYS]	3924	7	Stopping Default Executor Pool 
2023-11-22	13:34:27.269984500	1700631267269	[SYS]	3924	7	Stopping Default Log Manager 
2023-11-22	13:34:27.269984500	1700631267269	[SYS]	3924	20	File Watcher Stopped
2023-11-22	13:34:27.273024400	1700631267273	[SYS]	3924	1	Default Timer Manager...                                              [Stopped]
2023-11-22	13:34:27.273024400	1700631267273	[SYS]	3924	1	Default Executor Pool ...                                             [Stopped]
2023-11-22	13:34:27.273024400	1700631267273	[SYS]	3924	1	Default Log Manager ...                                               [Stopped]
